Dense fp kernels threaded, slices, all training data shuffled.
lr = 0.010000, nn = (128, 128, 10)
---------------------
Training...
Epoch: 1 	10000/60000	Elapsed time: 16.983723184s 	Avg loss: 0.030497 	 accuracy: 0.779500	
Epoch: 1 	20000/60000	Elapsed time: 17.047861821s 	Avg loss: 0.016561 	 accuracy: 0.888100	
Epoch: 1 	30000/60000	Elapsed time: 17.12861351s 	Avg loss: 0.013080 	 accuracy: 0.911700	
Epoch: 1 	40000/60000	Elapsed time: 17.185249742s 	Avg loss: 0.011055 	 accuracy: 0.925700	
Epoch: 1 	50000/60000	Elapsed time: 17.7896782s 	Avg loss: 0.010188 	 accuracy: 0.932300	
Epoch: 1 	60000/60000	Elapsed time: 17.196944847s 	Avg loss: 0.009609 	 accuracy: 0.936300	
Epoch elapsed time: 1m43.33232935s
---------------------
Running validation...
Epoch: 1 	10000/10000	Elapsed time: 3.978595295s 	Avg loss: 0.007203 	 accuracy: 0.951900	
---------------------
Training...
Epoch: 2 	10000/60000	Elapsed time: 18.444982959s 	Avg loss: 0.008158 	 accuracy: 0.945200	
Epoch: 2 	20000/60000	Elapsed time: 16.945589811s 	Avg loss: 0.007702 	 accuracy: 0.948900	
Epoch: 2 	30000/60000	Elapsed time: 16.948167912s 	Avg loss: 0.007347 	 accuracy: 0.950800	
Epoch: 2 	40000/60000	Elapsed time: 16.999648606s 	Avg loss: 0.007216 	 accuracy: 0.953900	
Epoch: 2 	50000/60000	Elapsed time: 16.997401888s 	Avg loss: 0.007082 	 accuracy: 0.952400	
Epoch: 2 	60000/60000	Elapsed time: 16.921119094s 	Avg loss: 0.007054 	 accuracy: 0.952500	
Epoch elapsed time: 1m43.257135135s
---------------------
Running validation...
Epoch: 2 	10000/10000	Elapsed time: 3.575964967s 	Avg loss: 0.006390 	 accuracy: 0.955900	
---------------------
Training...
Epoch: 3 	10000/60000	Elapsed time: 17.022845262s 	Avg loss: 0.005819 	 accuracy: 0.962700	
Epoch: 3 	20000/60000	Elapsed time: 16.943916081s 	Avg loss: 0.005782 	 accuracy: 0.962400	
Epoch: 3 	30000/60000	Elapsed time: 16.988022061s 	Avg loss: 0.006035 	 accuracy: 0.959700	
Epoch: 3 	40000/60000	Elapsed time: 17.082862921s 	Avg loss: 0.005823 	 accuracy: 0.961500	
Epoch: 3 	50000/60000	Elapsed time: 16.978764494s 	Avg loss: 0.005551 	 accuracy: 0.964400	
Epoch: 3 	60000/60000	Elapsed time: 16.955267989s 	Avg loss: 0.005606 	 accuracy: 0.962400	
Epoch elapsed time: 1m41.971992629s
---------------------
Running validation...
Epoch: 3 	10000/10000	Elapsed time: 3.542402682s 	Avg loss: 0.006341 	 accuracy: 0.956800	
---------------------
Training...
Epoch: 4 	10000/60000	Elapsed time: 16.963842701s 	Avg loss: 0.004990 	 accuracy: 0.968700	
Epoch: 4 	20000/60000	Elapsed time: 17.231629294s 	Avg loss: 0.004928 	 accuracy: 0.966900	
Epoch: 4 	30000/60000	Elapsed time: 19.401444003s 	Avg loss: 0.004681 	 accuracy: 0.969600	
Epoch: 4 	40000/60000	Elapsed time: 17.547658963s 	Avg loss: 0.004929 	 accuracy: 0.967400	
Epoch: 4 	50000/60000	Elapsed time: 17.362514004s 	Avg loss: 0.004495 	 accuracy: 0.970200	
Epoch: 4 	60000/60000	Elapsed time: 17.294482995s 	Avg loss: 0.004763 	 accuracy: 0.968400	
Epoch elapsed time: 1m45.801786886s
---------------------
Running validation...
Epoch: 4 	10000/10000	Elapsed time: 4.400641956s 	Avg loss: 0.006288 	 accuracy: 0.958800	
---------------------
Training...
Epoch: 5 	10000/60000	Elapsed time: 17.324096411s 	Avg loss: 0.004093 	 accuracy: 0.972500	
Epoch: 5 	20000/60000	Elapsed time: 17.009344942s 	Avg loss: 0.004209 	 accuracy: 0.971900	
Epoch: 5 	30000/60000	Elapsed time: 17.012496649s 	Avg loss: 0.004739 	 accuracy: 0.968200	
Epoch: 5 	40000/60000	Elapsed time: 17.538332403s 	Avg loss: 0.004298 	 accuracy: 0.971800	
Epoch: 5 	50000/60000	Elapsed time: 18.569131255s 	Avg loss: 0.004053 	 accuracy: 0.974400	
Epoch: 5 	60000/60000	Elapsed time: 18.204891197s 	Avg loss: 0.004318 	 accuracy: 0.971100	
Epoch elapsed time: 1m45.658640487s
---------------------
Running validation...
Epoch: 5 	10000/10000	Elapsed time: 3.636825429s 	Avg loss: 0.004775 	 accuracy: 0.969400	
---------------------
Training...
Epoch: 6 	10000/60000	Elapsed time: 17.30260521s 	Avg loss: 0.003615 	 accuracy: 0.974700	
Epoch: 6 	20000/60000	Elapsed time: 16.989904798s 	Avg loss: 0.003641 	 accuracy: 0.975600	
Epoch: 6 	30000/60000	Elapsed time: 17.318461116s 	Avg loss: 0.003915 	 accuracy: 0.973600	
Epoch: 6 	40000/60000	Elapsed time: 17.926154682s 	Avg loss: 0.003722 	 accuracy: 0.975300	
Epoch: 6 	50000/60000	Elapsed time: 17.147346709s 	Avg loss: 0.003856 	 accuracy: 0.973600	
Epoch: 6 	60000/60000	Elapsed time: 18.27323748s 	Avg loss: 0.004014 	 accuracy: 0.973100	
Epoch elapsed time: 1m44.957979026s
---------------------
Running validation...
Epoch: 6 	10000/10000	Elapsed time: 3.764230182s 	Avg loss: 0.004158 	 accuracy: 0.972400	
Total training time: 10m49.347011817s 

  0   0   0   0   0   0   0   0   0   0   0   0   0   0   0   0   0   0   0   0   0   0   0   0   0   0   0   0 
  0   0   0   0   0   0   0   0   0   0   0   0   0   0   0   0   0   0   0   0   0   0   0   0   0   0   0   0 
  0   0   0   0   0   0   0   0   0   0   0   0   0   0   0   0   0   0   0   0   0   0   0   0   0   0   0   0 
  0   0   0   0   0   0   0   0   0   0   0   0   0   0   0   0   0   0   0   0   0   0   0   0   0   0   0   0 
  0   0   0   0   0   0   0   0   0   0   0   0   0 121 248 255 230   5   0   0   0   0   0   0   0   0   0   0 
  0   0   0   0   0   0   0   0   0   0   0   9 128 242 252 253 252  96   0   6   6   0   0   0   0   0   0   0 
  0   0   0   0   0   0   0   0   0   0   0 159 252 252 177 102 204  37  48 179  60   0   0   0   0   0   0   0 
  0   0   0   0   0   0   0   0   0   0  72 237 252 231  49   0   0  48 225 252  60   0   0   0   0   0   0   0 
  0   0   0   0   0   0   0   0   0   0 193 252 252  58   0   0  18 225 252 180  17   0   0   0   0   0   0   0 
  0   0   0   0   0   0   0   0   0   0 193 252 224  17   0   4 147 252 215  17   0   0   0   0   0   0   0   0 
  0   0   0   0   0   0   0   0   0  29 221 252 188   8   0 111 252 240 135   0   0   0   0   0   0   0   0   0 
  0   0   0   0   0   0   0   0   0   0 193 252 252  23  47 237 252 113   0   0   0   0   0   0   0   0   0   0 
  0   0   0   0   0   0   0   0   0   0 193 252 252 179 177 248  75   9   0   0   0   0   0   0   0   0   0   0 
  0   0   0   0   0   0   0   0   0   0  44 230 252 252 252 241   0   0   0   0   0   0   0   0   0   0   0   0 
  0   0   0   0   0   0   0   0   0   0   0  81 252 253 253 242   0   0   0   0   0   0   0   0   0   0   0   0 
  0   0   0   0   0   0   0   0   0   0   0  49 237 252 252 248 131   0   0   0   0   0   0   0   0   0   0   0 
  0   0   0   0   0   0   0   0   0   0   0  85 252 252 252 253 243  60   0   0   0   0   0   0   0   0   0   0 
  0   0   0   0   0   0   0   0   0   0  14 174 252 231 146 253 252 183  16   0   0   0   0   0   0   0   0   0 
  0   0   0   0   0   0   0   0   0   0  73 252 252  58   0 167 252 252  84   0   0   0   0   0   0   0   0   0 
  0   0   0   0   0   0   0   0   0   0  73 252 252  23   0  41 252 252 119   0   0   0   0   0   0   0   0   0 
  0   0   0   0   0   0   0   0   0   0  73 252 252  23   0  13 252 252 204   0   0   0   0   0   0   0   0   0 
  0   0   0   0   0   0   0   0   0   0  73 252 252 111  97 162 252 252 101   0   0   0   0   0   0   0   0   0 
  0   0   0   0   0   0   0   0   0   0   7 209 252 252 252 253 252 167   8   0   0   0   0   0   0   0   0   0 
  0   0   0   0   0   0   0   0   0   0   0  50 235 252 252 248 131  50   0   0   0   0   0   0   0   0   0   0 
  0   0   0   0   0   0   0   0   0   0   0   0   0   0   0   0   0   0   0   0   0   0   0   0   0   0   0   0 
  0   0   0   0   0   0   0   0   0   0   0   0   0   0   0   0   0   0   0   0   0   0   0   0   0   0   0   0 
  0   0   0   0   0   0   0   0   0   0   0   0   0   0   0   0   0   0   0   0   0   0   0   0   0   0   0   0 
  0   0   0   0   0   0   0   0   0   0   0   0   0   0   0   0   0   0   0   0   0   0   0   0   0   0   0   0 

Prediction: 8

  0   0   0   0   0   0   0   0   0   0   0   0   0   0   0   0   0   0   0   0   0   0   0   0   0   0   0   0 
  0   0   0   0   0   0   0   0   0   0   0   0   0   0   0   0   0   0   0   0   0   0   0   0   0   0   0   0 
  0   0   0   0   0   0   0   0   0   0   0   0   0   0   0   0   0   0   0   0   0   0   0   0   0   0   0   0 
  0   0   0   0   0   0   0   0   0   0   0   0   0   0   0   0   0   0   0   0   0   0   0   0   0   0   0   0 
  0   0   0   0   0   0   0   0   0   0   0   0   0   0   0   0   0   0   0   0   0   0   0   0   0   0   0   0 
  0   0   0   0   0   0   0   0   0   0   0   0   0 255 253 232  47   0   0   0   0   0   0   0   0   0   0   0 
  0   0   0   0   0   0   0   0   0   0   0   0   0 253 252 252 148   0   0   0   0   0   0   0   0   0   0   0 
  0   0   0   0   0   0   0   0   0   0   0   0   0 253 252 252 252   0   0   0   0   0   0   0   0   0   0   0 
  0   0   0   0   0   0   0   0   0   0   0   0   0 253 252 252 252  84   0   0   0   0   0   0   0   0   0   0 
  0   0   0   0   0   0   0   0   0   0   0   0   0 253 252 252 252 144   0   0   0   0   0   0   0   0   0   0 
  0   0   0   0   0   0   0   0   0   0   0   0   0 253 252 252 252 144   0   0   0   0   0   0   0   0   0   0 
  0   0   0   0   0   0   0   0   0   0   0   0   0 253 252 252 252 144   0   0   0   0   0   0   0   0   0   0 
  0   0   0   0   0   0   0   0   0   0   0   0   0 253 252 252 252 144   0   0   0   0   0   0   0   0   0   0 
  0   0   0   0   0   0   0   0   0   0   0   0   0 255 253 253 253 145   0   0   0   0   0   0   0   0   0   0 
  0   0   0   0   0   0   0   0   0   0   0   0   0 253 252 252 252 144   0   0   0   0   0   0   0   0   0   0 
  0   0   0   0   0   0   0   0   0   0   0   0   0 253 252 252 252 144   0   0   0   0   0   0   0   0   0   0 
  0   0   0   0   0   0   0   0   0   0   0   0   0 253 252 252 252 144   0   0   0   0   0   0   0   0   0   0 
  0   0   0   0   0   0   0   0   0   0   0   0   0 255 253 253 253   0   0   0   0   0   0   0   0   0   0   0 
  0   0   0   0   0   0   0   0   0   0   0   0   0 253 252 252 252   0   0   0   0   0   0   0   0   0   0   0 
  0   0   0   0   0   0   0   0   0   0   0   0 105 253 252 252 148   0   0   0   0   0   0   0   0   0   0   0 
  0   0   0   0   0   0   0   0   0   0   0   0 144 253 252 252 108   0   0   0   0   0   0   0   0   0   0   0 
  0   0   0   0   0   0   0   0   0   0   0   0 145 255 253 253 108   0   0   0   0   0   0   0   0   0   0   0 
  0   0   0   0   0   0   0   0   0   0   0   0 144 253 252 252 108   0   0   0   0   0   0   0   0   0   0   0 
  0   0   0   0   0   0   0   0   0   0   0   0 125 253 252 252 108   0   0   0   0   0   0   0   0   0   0   0 
  0   0   0   0   0   0   0   0   0   0   0   0   0 253 252 148  46   0   0   0   0   0   0   0   0   0   0   0 
  0   0   0   0   0   0   0   0   0   0   0   0   0   0   0   0   0   0   0   0   0   0   0   0   0   0   0   0 
  0   0   0   0   0   0   0   0   0   0   0   0   0   0   0   0   0   0   0   0   0   0   0   0   0   0   0   0 
  0   0   0   0   0   0   0   0   0   0   0   0   0   0   0   0   0   0   0   0   0   0   0   0   0   0   0   0 

Prediction: 1

  0   0   0   0   0   0   0   0   0   0   0   0   0   0   0   0   0   0   0   0   0   0   0   0   0   0   0   0 
  0   0   0   0   0   0   0   0   0   0   0   0   0   0   0   0   0   0   0   0   0   0   0   0   0   0   0   0 
  0   0   0   0   0   0   0   0   0   0   0   0   0   0   0   0   0   0   0   0   0   0   0   0   0   0   0   0 
  0   0   0   0   0   0   0   0   0   0   0   0   0   0   0   0   0   0   0   0   0   0   0   0   0   0   0   0 
  0   0   0   0   0   0   0   0   0   0   0   0   0  92 253 216  28   0   0   0   0   0   0   0   0   0   0   0 
  0   0   0   0   0   0   0   0   0   0   0   0   0 141 252 252 215   0   0   0   0   0   0   0   0   0   0   0 
  0   0   0   0   0   0   0   0   0   0   0   0   0 229 252 252 252   0   0   0   0   0   0   0   0   0   0   0 
  0   0   0   0   0   0   0   0   0   0   0   0   0 253 252 252 252   0   0   0   0   0   0   0   0   0   0   0 
  0   0   0   0   0   0   0   0   0   0   0   0   0 255 253 253 253   0   0   0   0   0   0   0   0   0   0   0 
  0   0   0   0   0   0   0   0   0   0   0   0   0 253 252 252 252  26   0   0   0   0   0   0   0   0   0   0 
  0   0   0   0   0   0   0   0   0   0   0   0   0 253 252 252 252 113   0   0   0   0   0   0   0   0   0   0 
  0   0   0   0   0   0   0   0   0   0   0   0  51 253 252 252 252 113   0   0   0   0   0   0   0   0   0   0 
  0   0   0   0   0   0   0   0   0   0   0   0 176 254 253 253 253 114   0   0   0   0   0   0   0   0   0   0 
  0   0   0   0   0   0   0   0   0   0   0   0 225 253 252 252 252 113   0   0   0   0   0   0   0   0   0   0 
  0   0   0   0   0   0   0   0   0   0   0   0 225 253 252 252 252 150   0   0   0   0   0   0   0   0   0   0 
  0   0   0   0   0   0   0   0   0   0   0   0 225 253 252 252 252 175   0   0   0   0   0   0   0   0   0   0 
  0   0   0   0   0   0   0   0   0   0   0   0 226 254 253 253 253 214   0   0   0   0   0   0   0   0   0   0 
  0   0   0   0   0   0   0   0   0   0   0   0 225 253 252 252 252 113   0   0   0   0   0   0   0   0   0   0 
  0   0   0   0   0   0   0   0   0   0   0   0 225 253 252 252 252 113   0   0   0   0   0   0   0   0   0   0 
  0   0   0   0   0   0   0   0   0   0   0   0 225 253 252 252 252 113   0   0   0   0   0   0   0   0   0   0 
  0   0   0   0   0   0   0   0   0   0   0   0 226 254 253 253 253 114   0   0   0   0   0   0   0   0   0   0 
  0   0   0   0   0   0   0   0   0   0   0   0 200 253 252 252 252 113   0   0   0   0   0   0   0   0   0   0 
  0   0   0   0   0   0   0   0   0   0   0   0  76 253 252 252 214  25   0   0   0   0   0   0   0   0   0   0 
  0   0   0   0   0   0   0   0   0   0   0   0   0 153 252 252  40   0   0   0   0   0   0   0   0   0   0   0 
  0   0   0   0   0   0   0   0   0   0   0   0   0   0   0   0   0   0   0   0   0   0   0   0   0   0   0   0 
  0   0   0   0   0   0   0   0   0   0   0   0   0   0   0   0   0   0   0   0   0   0   0   0   0   0   0   0 
  0   0   0   0   0   0   0   0   0   0   0   0   0   0   0   0   0   0   0   0   0   0   0   0   0   0   0   0 
  0   0   0   0   0   0   0   0   0   0   0   0   0   0   0   0   0   0   0   0   0   0   0   0   0   0   0   0 

Prediction: 1

  0   0   0   0   0   0   0   0   0   0   0   0   0   0   0   0   0   0   0   0   0   0   0   0   0   0   0   0 
  0   0   0   0   0   0   0   0   0   0   0   0   0   0   0   0   0   0   0   0   0   0   0   0   0   0   0   0 
  0   0   0   0   0   0   0   0   0   0   0   0   0   0   0   0   0   0   0   0   0   0   0   0   0   0   0   0 
  0   0   0   0   0   0   0   0   0   0   0   0   0   0   0   0   0   0   0   0   0   0   0   0   0   0   0   0 
  0   0   0   0   0   0   0   0   0   0   0   0   0   0   0   0   0   0   0   0   0   0   0   0   0   0   0   0 
  0   0   0   0   0   0   0   0  64 128 128 128 255 255 255 255 255 255 255 128  64   0   0   0   0   0   0   0 
  0   0   0   0   0  64 128 191 255 255 255 255 255 255 255 255 255 255 255 255 191  64   0   0   0   0   0   0 
  0   0   0   0   0 128 255 255 255 255 255 255 255 255 191 255 255 255 255 255 255 128   0   0   0   0   0   0 
  0   0   0   0   0 191 255 255 255 191 128 128   0   0   0   0   0 191 255 255 191   0   0   0   0   0   0   0 
  0   0   0   0   0   0  64   0   0   0   0   0   0   0   0  64 191 255 255 255   0   0   0   0   0   0   0   0 
  0   0   0   0   0   0   0   0   0   0   0   0   0   0 128 255 255 255 255 191   0   0   0   0   0   0   0   0 
  0   0   0   0   0   0   0   0   0   0   0   0   0 191 255 255 255 255 128   0   0   0   0   0   0   0   0   0 
  0   0   0   0   0   0   0   0   0   0   0 128 191 255 255 255 255 191   0   0   0   0   0   0   0   0   0   0 
  0   0   0   0   0   0  64 128 128 191 255 255 255 255 255 255 128   0   0   0   0   0   0   0   0   0   0   0 
  0   0   0   0   0 191 255 255 255 255 255 255 255 255 255 255 255 128   0   0   0   0   0   0   0   0   0   0 
  0   0   0   0   0 255 255 255 255 255 255 255 255 255 255 255 255 255 255 128   0   0   0   0   0   0   0   0 
  0   0   0   0   0 255 255 128 128  64   0   0   0  64 128 255 255 255 255 255 128   0   0   0   0   0   0   0 
  0   0   0   0   0  64   0   0   0   0   0   0   0   0   0   0 128 255 255 255 255  64   0   0   0   0   0   0 
  0   0   0   0   0   0   0   0   0   0   0   0   0   0   0   0   0  64 191 255 255 255  64   0   0   0   0   0 
  0   0   0   0   0   0   0   0   0   0   0   0   0   0   0   0   0   0  64 255 255 255 191   0   0   0   0   0 
  0   0   0   0   0   0   0   0   0   0   0   0   0   0   0   0   0   0  64 255 255 255 255   0   0   0   0   0 
  0   0   0   0   0   0  64 255 191   0   0   0   0   0   0  64 128 191 255 255 255 255  64   0   0   0   0   0 
  0   0   0   0   0   0 255 255 255 255 128 255 191 255 255 255 255 255 255 255 255 128   0   0   0   0   0   0 
  0   0   0   0   0   0 191 255 255 255 255 255 255 255 255 255 255 255 255 128  64   0   0   0   0   0   0   0 
  0   0   0   0   0   0   0 191 255 255 255 255 255 255 255 191 128  64   0   0   0   0   0   0   0   0   0   0 
  0   0   0   0   0   0   0   0   0   0   0   0   0   0   0   0   0   0   0   0   0   0   0   0   0   0   0   0 
  0   0   0   0   0   0   0   0   0   0   0   0   0   0   0   0   0   0   0   0   0   0   0   0   0   0   0   0 
  0   0   0   0   0   0   0   0   0   0   0   0   0   0   0   0   0   0   0   0   0   0   0   0   0   0   0   0 

Prediction: 3

  0   0   0   0   0   0   0   0   0   0   0   0   0   0   0   0   0   0   0   0   0   0   0   0   0   0   0   0 
  0   0   0   0   0   0   0   0   0   0   0   0   0   0   0   0   0   0   0   0   0   0   0   0   0   0   0   0 
  0   0   0   0   0   0   0   0   0   0   0   0   0   0   0   0   0   0   0   0   0   0   0   0   0   0   0   0 
  0   0   0   0   0   0   0   0   0   0   0   0   0   0   0   0   0   0   0   0   0   0   0   0   0   0   0   0 
  0   0   0   0   0   0   0   0   0   0   0   0   0   0 151 150   0   0   0   0   0   0   0   0   0   0   0   0 
  0   0   0   0   0   0   0   0   0   0   0   0   0   4 233 145   0   0   0   0   0   0   0   0   0   0   0   0 
  0   0   0   0   0   0   0   0   0   0   0   0   0 160 242  37   0   0   0   0   0   0   0   0   0   0   0   0 
  0   0   0   0   0   0   0   0   0   0   0   0   4 200 118   0   0   0   0   0   0   0   0   0   0   0   0   0 
  0   0   0   0   0   0   0   0   0   0   0   0  70 254 105   0   0   0   0   0   0   0   0   0   0   0   0   0 
  0   0   0   0   0   0   0   0   0   0   0   0 191 243  14   0   0   0   0   0   0   0   0   0   0   0   0   0 
  0   0   0   0   0   0   0   0   0   0   0  63 251  87   0   0   0   0  52  55   0   0   0   0   0   0   0   0 
  0   0   0   0   0   0   0   0   0   0   5 191 248  50   0   0   0   3 178 129   0   0   0   0   0   0   0   0 
  0   0   0   0   0   0   0   0   0   0  31 254 214   0   0   0   0  16 254 129   0   0   0   0   0   0   0   0 
  0   0   0   0   0   0   0   0   0   0 148 254  97   0   0   0   0  16 254 110   0   0   0   0   0   0   0   0 
  0   0   0   0   0   0   0   0   0   2 231 254  59   4   0   0   0  97 254  73   0   0   0   0   0   0   0   0 
  0   0   0   0   0   0   0   0   0  76 254 254 254 219 140  61  61 187 254 206   0   0   0   0   0   0   0   0 
  0   0   0   0   0   0   0   0   0  42 232 254 254 254 254 254 254 254 254  85   0   0   0   0   0   0   0   0 
  0   0   0   0   0   0   0   0   0   0  10  85 101 184 253 254 254 254 180  10   0   0   0   0   0   0   0   0 
  0   0   0   0   0   0   0   0   0   0   0   0   0   0  29  34 254 241  10   0   0   0   0   0   0   0   0   0 
  0   0   0   0   0   0   0   0   0   0   0   0   0   0   0  77 254 168   0   0   0   0   0   0   0   0   0   0 
  0   0   0   0   0   0   0   0   0   0   0   0   0   0   0 106 246  81   0   0   0   0   0   0   0   0   0   0 
  0   0   0   0   0   0   0   0   0   0   0   0   0   0   0 106 194   0   0   0   0   0   0   0   0   0   0   0 
  0   0   0   0   0   0   0   0   0   0   0   0   0   0   9 210 176   0   0   0   0   0   0   0   0   0   0   0 
  0   0   0   0   0   0   0   0   0   0   0   0   0   0  90 254  95   0   0   0   0   0   0   0   0   0   0   0 
  0   0   0   0   0   0   0   0   0   0   0   0   0   0   0   0   0   0   0   0   0   0   0   0   0   0   0   0 
  0   0   0   0   0   0   0   0   0   0   0   0   0   0   0   0   0   0   0   0   0   0   0   0   0   0   0   0 
  0   0   0   0   0   0   0   0   0   0   0   0   0   0   0   0   0   0   0   0   0   0   0   0   0   0   0   0 
  0   0   0   0   0   0   0   0   0   0   0   0   0   0   0   0   0   0   0   0   0   0   0   0   0   0   0   0 

Prediction: 4

  0   0   0   0   0   0   0   0   0   0   0   0   0   0   0   0   0   0   0   0   0   0   0   0   0   0   0   0 
  0   0   0   0   0   0   0   0   0   0   0   0   0   0   0   0   0   0   0   0   0   0   0   0   0   0   0   0 
  0   0   0   0   0   0   0   0   0   0   0   0   0   0   0   0   0   0   0   0   0   0   0   0   0   0   0   0 
  0   0   0   0   0   0   0   0   0   0   0   0   0   0   0   0   0   0   0   0   0   0   0   0   0   0   0   0 
  0   0   0   0   0   0   0   0   0   0   0   0   0   0   0   0   0   0   0   0   0   0   0   0   0   0   0   0 
  0   0   0   0   0   0   0   0   0   0   0   0 114 132 132 132 132  44   0   0   0   0   0   0   0   0   0   0 
  0   0   0   0   0   0   0   0   0   1  73 198 245 253 253 253 253 216  23   6   0   0   0   0   0   0   0   0 
  0   0   0   0   0   0   0   0  43  89 253 253 253 253 253 253 253 253 253 173  22   0   0   0   0   0   0   0 
  0   0   0   0   0   0   0  43 204 253 253 253 253 253 253 253 253 253 253 253 174   5   0   0   0   0   0   0 
  0   0   0   0   0   0  22 221 253 253 253 253 215 116 234 251 253 253 253 253 253  22   0   0   0   0   0   0 
  0   0   0   0   0   0 198 253 253 253 224 168  24   0   0 163 253 253 253 253 253 196   0   0   0   0   0   0 
  0   0   0   0   0  79 231 253 253 241  68   0   0   0   0  16 103 203 253 253 253 230  78   0   0   0   0   0 
  0   0   0   0   8 145 253 253 253  73   0   0   0   0   0   0   0 150 230 253 253 253 144  29   0   0   0   0 
  0   0   0   0  67 253 253 253 200  29   0   0   0   0   0   0   0   0  48 253 253 253 253 253   0   0   0   0 
  0   0   0   0 185 253 253 253 112   0   0   0   0   0   0   0   0   0  18 164 253 253 253 253   0   0   0   0 
  0   0   0   0 255 253 253 253 132   7   0   0   0   0   0   0   0   0   0 114 253 253 253 253   0   0   0   0 
  0   0   0   0 255 253 253 253 253 130  70   0   0   0   0   0   0   0   0 114 253 253 253 253   0   0   0   0 
  0   0   0   0 255 253 253 253 253 253 225 170  25   0   0   0   0   0 158 207 253 253 253 253   0   0   0   0 
  0   0   0   0  67 230 253 253 253 253 253 253 238 236 236 236 236 236 251 253 253 253 230  65   0   0   0   0 
  0   0   0   0   0  74 228 253 253 253 253 253 253 253 253 253 253 253 253 253 253 227  72   0   0   0   0   0 
  0   0   0   0   0   0 198 253 253 253 253 253 253 253 253 253 253 253 253 172  74  58   0   0   0   0   0   0 
  0   0   0   0   0   0   6   8 114 196 196 196 245 253 253 253 253 215 161   5   0   0   0   0   0   0   0   0 
  0   0   0   0   0   0   0   0   0   0   0   0 112 130 130 130 130  43   0   0   0   0   0   0   0   0   0   0 
  0   0   0   0   0   0   0   0   0   0   0   0   0   0   0   0   0   0   0   0   0   0   0   0   0   0   0   0 
  0   0   0   0   0   0   0   0   0   0   0   0   0   0   0   0   0   0   0   0   0   0   0   0   0   0   0   0 
  0   0   0   0   0   0   0   0   0   0   0   0   0   0   0   0   0   0   0   0   0   0   0   0   0   0   0   0 
  0   0   0   0   0   0   0   0   0   0   0   0   0   0   0   0   0   0   0   0   0   0   0   0   0   0   0   0 
  0   0   0   0   0   0   0   0   0   0   0   0   0   0   0   0   0   0   0   0   0   0   0   0   0   0   0   0 

Prediction: 0

  0   0   0   0   0   0   0   0   0   0   0   0   0   0   0   0   0   0   0   0   0   0   0   0   0   0   0   0 
  0   0   0   0   0   0   0   0   0   0   0   0   0   0   0   0   0   0   0   0   0   0   0   0   0   0   0   0 
  0   0   0   0   0   0   0   0   0   0   0   0   0   0   0   0   0   0   0   0   0   0   0   0   0   0   0   0 
  0   0   0   0   0   0   0   0   0   0   0   0   0   0   0   0   0   0   0   0   0   0   0   0   0   0   0   0 
  0   0   0   0   0   0   0   0   0   0   0   0   0   0   0   0   0   0   0   0   0   0   0   0   0   0   0   0 
  0   0   0   0   0   0   0   0   0   0   0   0   0   0   0   0   0 195 253 117   0   0   0   0   0   0   0   0 
  0   0   0   0   0   0   0   0   0   0   0   0   0   0   0   0   0 242 252 226  15   0   0   0   0   0   0   0 
  0   0   0   0   0   0   0   0   0   0  53 209 128  13   0   0   0 242 252 252  21   0   0   0   0   0   0   0 
  0   0   0   0   0   0   0   0   0   8 181 252 252  33   0   0   0 242 252 252  21   0   0   0   0   0   0   0 
  0   0   0   0   0   0   0   0   0 160 252 252 252  57   0   0   0 242 252 252  21   0   0   0   0   0   0   0 
  0   0   0   0   0   0   0   0  44 241 252 252 252  56   0   0  79 250 252 221  14   0   0   0   0   0   0   0 
  0   0   0   0   0   0   0  21 236 252 252 252 210  17   0   3 154 252 252 206  15   0   0   0   0   0   0   0 
  0   0   0   0   0   0   0  42 252 252 252 252 179 154 155 180 252 252 252 252 198   0   0   0   0   0   0   0 
  0   0   0   0   0   0   0 214 252 252 252 252 252 252 253 252 252 252 252 252 241   0   0   0   0   0   0   0 
  0   0   0   0   0   0   0 194 252 252 252 252 252 252 253 252 252 252 252 252 241   0   0   0   0   0   0   0 
  0   0   0   0   0   0   0  68 242 253 253 253 253 253 255 253 253 253 208  24   0   0   0   0   0   0   0   0 
  0   0   0   0   0   0   0   0  50 162 133  77  77  77 176 252 252 247  65   0   0   0   0   0   0   0   0   0 
  0   0   0   0   0   0   0   0   0   0   0   0   0   0 143 252 252 230   0   0   0   0   0   0   0   0   0   0 
  0   0   0   0   0   0   0   0   0   0   0   0   0   0 201 252 252 221   0   0   0   0   0   0   0   0   0   0 
  0   0   0   0   0   0   0   0   0   0   0   0   0  25 253 252 252  97   0   0   0   0   0   0   0   0   0   0 
  0   0   0   0   0   0   0   0   0   0   0   0   0 148 253 252 252  10   0   0   0   0   0   0   0   0   0   0 
  0   0   0   0   0   0   0   0   0   0   0   0   0 220 253 252 252  10   0   0   0   0   0   0   0   0   0   0 
  0   0   0   0   0   0   0   0   0   0   0   0   0 220 253 252 192   4   0   0   0   0   0   0   0   0   0   0 
  0   0   0   0   0   0   0   0   0   0   0   0   0 220 253 252 120   0   0   0   0   0   0   0   0   0   0   0 
  0   0   0   0   0   0   0   0   0   0   0   0   0 125 253 223  25   0   0   0   0   0   0   0   0   0   0   0 
  0   0   0   0   0   0   0   0   0   0   0   0   0   0   0   0   0   0   0   0   0   0   0   0   0   0   0   0 
  0   0   0   0   0   0   0   0   0   0   0   0   0   0   0   0   0   0   0   0   0   0   0   0   0   0   0   0 
  0   0   0   0   0   0   0   0   0   0   0   0   0   0   0   0   0   0   0   0   0   0   0   0   0   0   0   0 

Prediction: 4

  0   0   0   0   0   0   0   0   0   0   0   0   0   0   0   0   0   0   0   0   0   0   0   0   0   0   0   0 
  0   0   0   0   0   0   0   0   0   0   0   0   0   0   0   0   0   0   0   0   0   0   0   0   0   0   0   0 
  0   0   0   0   0   0   0   0   0   0   0   0   0   0   0   0   0   0   0   0   0   0   0   0   0   0   0   0 
  0   0   0   0   0   0   0   0   0   0   0   0   0   0   0   0   0   0   0   0   0   0   0   0   0   0   0   0 
  0   0   0   0   0   0   0   0   0   0   0   0   0   0   0   0 216 132   0   0   0   0   0   0   0   0   0   0 
  0   0   0   0   0   0   0   0   0   0   0   0   0   0   0   0 246 192   0   0   0   0   0   0   0   0   0   0 
  0   0   0   0   0   0   0   0   0   0   0   0   0   0   0  47 250 192   0   0   0   0   0   0   0   0   0   0 
  0   0   0   0   0   0   0   0   0   0   0   0   0   0   0  80 254 143   0   0   0   0   0   0   0   0   0   0 
  0   0   0   0   0   0   0   0   0   0   0   0   0   0   0 155 254  90   0   0   0   0   0   0   0   0   0   0 
  0   0   0   0   0   0   0   0   0   0   0   0   0   0  13 240 220   9   0   0   0   0   0   0   0   0   0   0 
  0   0   0   0   0   0   0   0   0   0   0   0   0   0  88 254 183   0   0   0   0   0   0   0   0   0   0   0 
  0   0   0   0   0   0   0   0   0   0   0   0   0   0 125 254 147   0   0   0   0   0   0   0   0   0   0   0 
  0   0   0   0   0   0   0   0   0   0   0   0   0   4 205 255  63   0   0   0   0   0   0   0   0   0   0   0 
  0   0   0   0   0   0   0   0   0   0   0   0   0   9 254 200   3   0   0   0   0   0   0   0   0   0   0   0 
  0   0   0   0   0   0   0   0   0   0   0   0   0  98 254 149   0   0   0   0   0   0   0   0   0   0   0   0 
  0   0   0   0   0   0   0   0   0   0   0   0   0 151 254  88   0   0   0   0   0   0   0   0   0   0   0   0 
  0   0   0   0   0   0   0   0   0   0   0   0  32 225 232   6   0   0   0   0   0   0   0   0   0   0   0   0 
  0   0   0   0   0   0   0   0   0   0   0   0 106 254 166   0   0   0   0   0   0   0   0   0   0   0   0   0 
  0   0   0   0   0   0   0   0   0   0   0   0 106 254  91   0   0   0   0   0   0   0   0   0   0   0   0   0 
  0   0   0   0   0   0   0   0   0   0   0   0 148 254  79   0   0   0   0   0   0   0   0   0   0   0   0   0 
  0   0   0   0   0   0   0   0   0   0   0   3 199 253  71   0   0   0   0   0   0   0   0   0   0   0   0   0 
  0   0   0   0   0   0   0   0   0   0   0  27 254 245   0   0   0   0   0   0   0   0   0   0   0   0   0   0 
  0   0   0   0   0   0   0   0   0   0   0  27 254 211   0   0   0   0   0   0   0   0   0   0   0   0   0   0 
  0   0   0   0   0   0   0   0   0   0   0   9 181 157   0   0   0   0   0   0   0   0   0   0   0   0   0   0 
  0   0   0   0   0   0   0   0   0   0   0   0   0   0   0   0   0   0   0   0   0   0   0   0   0   0   0   0 
  0   0   0   0   0   0   0   0   0   0   0   0   0   0   0   0   0   0   0   0   0   0   0   0   0   0   0   0 
  0   0   0   0   0   0   0   0   0   0   0   0   0   0   0   0   0   0   0   0   0   0   0   0   0   0   0   0 
  0   0   0   0   0   0   0   0   0   0   0   0   0   0   0   0   0   0   0   0   0   0   0   0   0   0   0   0 

Prediction: 1

  0   0   0   0   0   0   0   0   0   0   0   0   0   0   0   0   0   0   0   0   0   0   0   0   0   0   0   0 
  0   0   0   0   0   0   0   0   0   0   0   0   0   0   0   0   0   0   0   0   0   0   0   0   0   0   0   0 
  0   0   0   0   0   0   0   0   0   0   0   0   0   0   0   0   0   0   0   0   0   0   0   0   0   0   0   0 
  0   0   0   0   0   0   0   0   0   0   0   0   0   0   0   0   0   0   0   0   0   0   0   0   0   0   0   0 
  0   0   0   0   0   0   0   0   0  39 106   0   0   0   0   0   0   0   0   0  25 234 168   7   0   0   0   0 
  0   0   0   0   0   0   0   0   0 131 243   8   0   0   0   0   0   0   0   0  39 254 254  29   0   0   0   0 
  0   0   0   0   0   0   0   0   0 217 254   9   0   0   0   0   0   0   0   0  39 254 254  29   0   0   0   0 
  0   0   0   0   0   0   0   0  58 240 254  82   0   0   0   0   0   0   0   0 155 254 188   1   0   0   0   0 
  0   0   0   0   0   0   0   0 163 254 213   5   0   0   0   0   0   0   0  62 251 252  63   0   0   0   0   0 
  0   0   0   0   0   0   0   0 251 254 135   0   0   0   0   0   0   0   0 106 254 250   0   0   0   0   0   0 
  0   0   0   0   0   0   0 145 254 249  57   0   0   0   0   0   0   0   3 186 255 230   0   0   0   0   0   0 
  0   0   0   0   0   0   0 188 254 186   0   0   0   0   0   0   0   0  91 254 255 110   0   0   0   0   0   0 
  0   0   0   0   0   0  21 235 254 104   0   0   0   0   0   0   0  14 190 254 227  18   0   0   0   0   0   0 
  0   0   0   0   0   0  29 254 254  38   0   0   0   0   0   0   0 134 254 254 161   0   0   0   0   0   0   0 
  0   0   0   0   0   0 108 254 233  36  15  35 104  15  70 117 207 233 254 254  78   0   0   0   0   0   0   0 
  0   0   0   0   0   0 126 254 254 254 254 254 254 254 254 254 254 254 254 205   8   0   0   0   0   0   0   0 
  0   0   0   0   0   0 126 254 254 254 254 254 254 254 254 254 254 254 254 129   0   0   0   0   0   0   0   0 
  0   0   0   0   0   0  48 248 254 254 254 254 254 254 254 254 254 254 247  51   0   0   0   0   0   0   0   0 
  0   0   0   0   0   0   0  31 144 182 182 182 182 151 154 254 254 254 148   0   0   0   0   0   0   0   0   0 
  0   0   0   0   0   0   0   0   0   0   0   0   0   0 150 254 255 217  34   0   0   0   0   0   0   0   0   0 
  0   0   0   0   0   0   0   0   0   0   0   0   0   0 241 254 254 115   0   0   0   0   0   0   0   0   0   0 
  0   0   0   0   0   0   0   0   0   0   0   0   0   0 241 254 254  53   0   0   0   0   0   0   0   0   0   0 
  0   0   0   0   0   0   0   0   0   0   0   0   0   0 241 254 173   3   0   0   0   0   0   0   0   0   0   0 
  0   0   0   0   0   0   0   0   0   0   0   0   0   0  77 237  82   0   0   0   0   0   0   0   0   0   0   0 
  0   0   0   0   0   0   0   0   0   0   0   0   0   0   0   0   0   0   0   0   0   0   0   0   0   0   0   0 
  0   0   0   0   0   0   0   0   0   0   0   0   0   0   0   0   0   0   0   0   0   0   0   0   0   0   0   0 
  0   0   0   0   0   0   0   0   0   0   0   0   0   0   0   0   0   0   0   0   0   0   0   0   0   0   0   0 
  0   0   0   0   0   0   0   0   0   0   0   0   0   0   0   0   0   0   0   0   0   0   0   0   0   0   0   0 

Prediction: 4

  0   0   0   0   0   0   0   0   0   0   0   0   0   0   0   0   0   0   0   0   0   0   0   0   0   0   0   0 
  0   0   0   0   0   0   0   0   0   0   0   0   0   0   0   0   0   0   0   0   0   0   0   0   0   0   0   0 
  0   0   0   0   0   0   0   0   0   0   0   0   0   0   0   0   0   0   0   0   0   0   0   0   0   0   0   0 
  0   0   0   0   0   0   0   0   0   0   0   0   0   0   0   0   0   0   0   0   0   0   0   0   0   0   0   0 
  0   0   0   0   0   0   0   0   0   0   0   0   0   0   0   0   0   0   0   0   0   0   0   0   0   0   0   0 
  0   0   0   0   0   0   0   0   0   4   7 110 255 254 254 221  95   5   0   0   0  55  76   1   0   0   0   0 
  0   0   0   0   0   0   0   0  14 208 253 253 253 253 253 253 253 216  95  13   7 173 253  18   0   0   0   0 
  0   0   0   0   0   0   0   0  25 253 253 253 250 235 235 235 249 253 253 253 199 253 253 127   0   0   0   0 
  0   0   0   0   0   0   0   0  11 183 253 253 208   8   0   0  82 105 105 232 253 253 242  11   0   0   0   0 
  0   0   0   0   0   0   0   0   0  28 242 253 253  74   0   0   0   0  69 239 253 253  66   0   0   0   0   0 
  0   0   0   0   0   0   0   0   0   0 161 253 253 188  43   0   0  70 238 253 239 164   7   0   0   0   0   0 
  0   0   0   0   0   0   0   0   0   0  73 239 253 253 149  12 141 237 253 237 128   0   0   0   0   0   0   0 
  0   0   0   0   0   0   0   0   0   0   0  83 253 253 234 195 253 253 236  69   0   0   0   0   0   0   0   0 
  0   0   0   0   0   0   0   0   0   0   0  13 169 253 253 253 253 196  49   0   0   0   0   0   0   0   0   0 
  0   0   0   0   0   0   0   0   0   0   0  11 100 253 253 253 235  70   0   0   0   0   0   0   0   0   0   0 
  0   0   0   0   0   0   0   0   0   0   0  44 253 253 253 253 179   0   0   0   0   0   0   0   0   0   0   0 
  0   0   0   0   0   0   0   0   0   0  66 208 253 200 233 253 237  39   0   0   0   0   0   0   0   0   0   0 
  0   0   0   0   0   0   0   0  48 157 236 253 198  51  86 253 253 149   0   0   0   0   0   0   0   0   0   0 
  0   0   0   0   0   0   5 157 236 253 253 217  14   0  41 232 253 172   0   0   0   0   0   0   0   0   0   0 
  0   0   0   0   0   3 162 253 253 253 176  30   0   0   0 192 253 172   0   0   0   0   0   0   0   0   0   0 
  0   0   0   0   0   7 253 253 253 117  11   0   0   0   0  57 232 244  87   0   0   0   0   0   0   0   0   0 
  0   0   0   0   0   4 205 253 253 239 150 106 191 230 199 106 221 253 245  85   0   0   0   0   0   0   0   0 
  0   0   0   0   0   0  77 150 253 253 253 253 253 253 253 253 253 253 253 160   0   0   0   0   0   0   0   0 
  0   0   0   0   0   0   0   1  12  27 135 135 135 161 253 253 253 253 253 160   0   0   0   0   0   0   0   0 
  0   0   0   0   0   0   0   0   0   0   0   0   0   2   5   5 103 169 253 100   0   0   0   0   0   0   0   0 
  0   0   0   0   0   0   0   0   0   0   0   0   0   0   0   0   0   0   0   0   0   0   0   0   0   0   0   0 
  0   0   0   0   0   0   0   0   0   0   0   0   0   0   0   0   0   0   0   0   0   0   0   0   0   0   0   0 
  0   0   0   0   0   0   0   0   0   0   0   0   0   0   0   0   0   0   0   0   0   0   0   0   0   0   0   0 

Prediction: 8
