Dense fp and bp kernels threaded, slices, all training data shuffled, channels buffered.
lr = 0.010000, nn = (128, 128, 10)
---------------------
Training...
Epoch: 1 	10000/60000	Elapsed time: 11.848710236s 	Avg loss: 0.030472 	 accuracy: 0.779600	
Epoch: 1 	20000/60000	Elapsed time: 11.881545354s 	Avg loss: 0.015850 	 accuracy: 0.893200	
Epoch: 1 	30000/60000	Elapsed time: 12.217509146s 	Avg loss: 0.013449 	 accuracy: 0.908300	
Epoch: 1 	40000/60000	Elapsed time: 13.417137243s 	Avg loss: 0.011635 	 accuracy: 0.923300	
Epoch: 1 	50000/60000	Elapsed time: 13.394796482s 	Avg loss: 0.009894 	 accuracy: 0.934700	
Epoch: 1 	60000/60000	Elapsed time: 13.41176664s 	Avg loss: 0.009765 	 accuracy: 0.934100	
Epoch elapsed time: 1m16.171859074s
---------------------
Running validation...
Epoch: 1 	10000/10000	Elapsed time: 3.476724076s 	Avg loss: 0.008881 	 accuracy: 0.942300	
---------------------
Training...
Epoch: 2 	10000/60000	Elapsed time: 13.287198149s 	Avg loss: 0.008161 	 accuracy: 0.946200	
Epoch: 2 	20000/60000	Elapsed time: 13.409539671s 	Avg loss: 0.007988 	 accuracy: 0.946600	
Epoch: 2 	30000/60000	Elapsed time: 13.414040026s 	Avg loss: 0.007248 	 accuracy: 0.952000	
Epoch: 2 	40000/60000	Elapsed time: 13.461188055s 	Avg loss: 0.007235 	 accuracy: 0.951000	
Epoch: 2 	50000/60000	Elapsed time: 13.407494464s 	Avg loss: 0.006814 	 accuracy: 0.954400	
Epoch: 2 	60000/60000	Elapsed time: 13.423847906s 	Avg loss: 0.007190 	 accuracy: 0.952100	
Epoch elapsed time: 1m20.40356567s
---------------------
Running validation...
Epoch: 2 	10000/10000	Elapsed time: 3.475778239s 	Avg loss: 0.006074 	 accuracy: 0.960500	
---------------------
Training...
Epoch: 3 	10000/60000	Elapsed time: 13.318814298s 	Avg loss: 0.005778 	 accuracy: 0.961400	
Epoch: 3 	20000/60000	Elapsed time: 13.463507717s 	Avg loss: 0.005617 	 accuracy: 0.963400	
Epoch: 3 	30000/60000	Elapsed time: 13.439073942s 	Avg loss: 0.005876 	 accuracy: 0.961400	
Epoch: 3 	40000/60000	Elapsed time: 13.45072708s 	Avg loss: 0.005541 	 accuracy: 0.964400	
Epoch: 3 	50000/60000	Elapsed time: 13.376469307s 	Avg loss: 0.005906 	 accuracy: 0.961300	
Epoch: 3 	60000/60000	Elapsed time: 13.436178617s 	Avg loss: 0.005579 	 accuracy: 0.962200	
Epoch elapsed time: 1m20.485008908s
---------------------
Running validation...
Epoch: 3 	10000/10000	Elapsed time: 3.468992332s 	Avg loss: 0.005256 	 accuracy: 0.965500	
---------------------
Training...
Epoch: 4 	10000/60000	Elapsed time: 13.513408077s 	Avg loss: 0.004882 	 accuracy: 0.967600	
Epoch: 4 	20000/60000	Elapsed time: 13.417622609s 	Avg loss: 0.004968 	 accuracy: 0.967000	
Epoch: 4 	30000/60000	Elapsed time: 13.451371831s 	Avg loss: 0.005227 	 accuracy: 0.966300	
Epoch: 4 	40000/60000	Elapsed time: 13.424697394s 	Avg loss: 0.005127 	 accuracy: 0.967600	
Epoch: 4 	50000/60000	Elapsed time: 13.404060348s 	Avg loss: 0.004796 	 accuracy: 0.968900	
Epoch: 4 	60000/60000	Elapsed time: 13.505490649s 	Avg loss: 0.004849 	 accuracy: 0.966800	
Epoch elapsed time: 1m20.716892854s
---------------------
Running validation...
Epoch: 4 	10000/10000	Elapsed time: 3.464678046s 	Avg loss: 0.005463 	 accuracy: 0.963200	
---------------------
Training...
Epoch: 5 	10000/60000	Elapsed time: 13.316998888s 	Avg loss: 0.004225 	 accuracy: 0.973600	
Epoch: 5 	20000/60000	Elapsed time: 13.414292671s 	Avg loss: 0.004396 	 accuracy: 0.971500	
Epoch: 5 	30000/60000	Elapsed time: 13.422501948s 	Avg loss: 0.004391 	 accuracy: 0.970900	
Epoch: 5 	40000/60000	Elapsed time: 13.454587096s 	Avg loss: 0.004192 	 accuracy: 0.972600	
Epoch: 5 	50000/60000	Elapsed time: 13.459142371s 	Avg loss: 0.004436 	 accuracy: 0.971100	
Epoch: 5 	60000/60000	Elapsed time: 13.449060845s 	Avg loss: 0.004040 	 accuracy: 0.974300	
Epoch elapsed time: 1m20.516836387s
---------------------
Running validation...
Epoch: 5 	10000/10000	Elapsed time: 3.440891434s 	Avg loss: 0.004708 	 accuracy: 0.966700	
---------------------
Training...
Epoch: 6 	10000/60000	Elapsed time: 13.40536288s 	Avg loss: 0.003587 	 accuracy: 0.976700	
Epoch: 6 	20000/60000	Elapsed time: 13.415270545s 	Avg loss: 0.003467 	 accuracy: 0.976600	
Epoch: 6 	30000/60000	Elapsed time: 13.921671514s 	Avg loss: 0.003854 	 accuracy: 0.975500	
Epoch: 6 	40000/60000	Elapsed time: 13.421330897s 	Avg loss: 0.003910 	 accuracy: 0.974300	
Epoch: 6 	50000/60000	Elapsed time: 13.441178071s 	Avg loss: 0.003933 	 accuracy: 0.974200	
Epoch: 6 	60000/60000	Elapsed time: 16.005700648s 	Avg loss: 0.004027 	 accuracy: 0.973700	
Epoch elapsed time: 1m23.610773787s
---------------------
Running validation...
Epoch: 6 	10000/10000	Elapsed time: 4.42964752s 	Avg loss: 0.004346 	 accuracy: 0.970900	
Total training time: 8m24.959492749s 

  0   0   0   0   0   0   0   0   0   0   0   0   0   0   0   0   0   0   0   0   0   0   0   0   0   0   0   0 
  0   0   0   0   0   0   0   0   0   0   0   0   0   0   0   0   0   0   0   0   0   0   0   0   0   0   0   0 
  0   0   0   0   0   0   0   0   0   0   0   0   0   0   0   0   0   0   0   0   0   0   0   0   0   0   0   0 
  0   0   0   0   0   0   0   0   0   0   0   0   0   0   0   0   0   0   0   0   0   0   0   0   0   0   0   0 
  0   0   0   0   0   0   0   0   0   0   0   0   0   0   0 207 139   0   0   0   0   0   0   0   0   0   0   0 
  0   0   0   0   0   0   0   0   0   0   0   0   0   0  78 255 187   0   0   0   0   0   0   0   0   0   0   0 
  0   0   0   0   0   0   0   0   0   0   0   0   0   0 154 254 187   0   0   0   0   0   0   0   0   0   0   0 
  0   0   0   0   0   0   0   0   0   0   0   0   0   0 221 255  81   0   0   0   0   0   0   0   0   0   0   0 
  0   0   0   0   0   0   0   0   0   0   0   0   0   0 221 247  60   0   0   0   0   0   0   0   0   0   0   0 
  0   0   0   0   0   0   0   0   0   0   0   0   0   0 221 221   0   0   0   0   0   0   0   0   0   0   0   0 
  0   0   0   0   0   0   0   0   0   0   0   0   0   0 221 221   0   0   0   0   0   0   0   0   0   0   0   0 
  0   0   0   0   0   0   0   0   0   0   0   0   0  48 241 221   0   0   0   0   0   0   0   0   0   0   0   0 
  0   0   0   0   0   0   0   0   0   0   0   0   0  78 253 221   0   0   0   0   0   0   0   0   0   0   0   0 
  0   0   0   0   0   0   0   0   0   0   0   0   0  78 253 125   0   0   0   0   0   0   0   0   0   0   0   0 
  0   0   0   0   0   0   0   0   0   0   0   0   0  93 254 112   0   0   0   0   0   0   0   0   0   0   0   0 
  0   0   0   0   0   0   0   0   0   0   0   0   0 188 253 111   0   0   0   0   0   0   0   0   0   0   0   0 
  0   0   0   0   0   0   0   0   0   0   0   0   0 188 253 111   0   0   0   0   0   0   0   0   0   0   0   0 
  0   0   0   0   0   0   0   0   0   0   0   0   0 188 253 111   0   0   0   0   0   0   0   0   0   0   0   0 
  0   0   0   0   0   0   0   0   0   0   0   0   0 188 253 111   0   0   0   0   0   0   0   0   0   0   0   0 
  0   0   0   0   0   0   0   0   0   0   0   0   0 188 253 111   0   0   0   0   0   0   0   0   0   0   0   0 
  0   0   0   0   0   0   0   0   0   0   0   0   0 188 253 164   0   0   0   0   0   0   0   0   0   0   0   0 
  0   0   0   0   0   0   0   0   0   0   0   0   0 169 253 227  14   0   0   0   0   0   0   0   0   0   0   0 
  0   0   0   0   0   0   0   0   0   0   0   0   0  54 244 254  77   0   0   0   0   0   0   0   0   0   0   0 
  0   0   0   0   0   0   0   0   0   0   0   0   0   0 173 240  44   0   0   0   0   0   0   0   0   0   0   0 
  0   0   0   0   0   0   0   0   0   0   0   0   0   0   0   0   0   0   0   0   0   0   0   0   0   0   0   0 
  0   0   0   0   0   0   0   0   0   0   0   0   0   0   0   0   0   0   0   0   0   0   0   0   0   0   0   0 
  0   0   0   0   0   0   0   0   0   0   0   0   0   0   0   0   0   0   0   0   0   0   0   0   0   0   0   0 
  0   0   0   0   0   0   0   0   0   0   0   0   0   0   0   0   0   0   0   0   0   0   0   0   0   0   0   0 

Prediction: 1

  0   0   0   0   0   0   0   0   0   0   0   0   0   0   0   0   0   0   0   0   0   0   0   0   0   0   0   0 
  0   0   0   0   0   0   0   0   0   0   0   0   0   0   0   0   0   0   0   0   0   0   0   0   0   0   0   0 
  0   0   0   0   0   0   0   0   0   0   0   0   0   0  36 219 255  79   0   0   0   0   0   0   0   0   0   0 
  0   0   0   0   0   0   0   0   0   0   0   0   3  60 234 254 254  68   0   0   0   0   0   0   0   0   0   0 
  0   0   0   0   0   0   0   0   0   0   0   0 125 254 254 214  98   5   0   0   0   0   0   0   0   0   0   0 
  0   0   0   0   0   0   0   0   0   0   0  74 253 254 181  21   0   0   0   0   0   0   0   0   0   0   0   0 
  0   0   0   0   0   0   0   0   0   0  83 238 254 206   8   0   0   0   0   0   0   0   0   0   0   0   0   0 
  0   0   0   0   0   0   0   0   0  51 234 254 240  22   0   0   0   0   0   0   0   0   0   0   0   0   0   0 
  0   0   0   0   0   0   0   0  54 235 254 222  25   0   0   0   0   0   0   0   0   0   0   0   0   0   0   0 
  0   0   0   0   0   0   0   7 197 254 214  74   0   0   0   0   0   0   0   0   0   0   0   0   0   0   0   0 
  0   0   0   0   0   0   0 158 254 215  78   0   0   0   0   0   0   0   0   0   0   0   0   0   0   0   0   0 
  0   0   0   0   0   0  83 250 254  80   0   0   0   0   0   0   0   0   0   0   0   0   0   0   0   0   0   0 
  0   0   0   0   0   0 203 254 165   7   0   0   0   0   0   0   0   0   0   0   0   0   0   0   0   0   0   0 
  0   0   0   0   0   0 221 254 101   0   0   0   0   0   0   0   0  43  77  77  77  77  28   0   0   0   0   0 
  0   0   0   0   0  59 251 238  11   0   0   0   0   0  25 122 205 245 254 254 254 254 242  96   0   0   0   0 
  0   0   0   0   0 139 254 162   0   0   0   0  12 136 231 254 254 254 250 217 162 248 254 247  53   0   0   0 
  0   0   0   0   0 186 254  99   0   0   0  63 207 254 254 195 117  86  50   0   0  38 254 254 157   0   0   0 
  0   0   0   0   0 203 254 202  17   0  46 241 254 227 107   5   0   0   0   0   6  80 254 254 143   0   0   0 
  0   0   0   0   0  83 253 254 161  20  90 254 239  17   0   0   0   3  45 102 197 254 254 236  38   0   0   0 
  0   0   0   0   0   0 127 236 254 254 254 254 247 163 163 163 163 213 254 254 254 252 161  10   0   0   0   0 
  0   0   0   0   0   0   0  92 218 249 254 254 254 254 254 254 254 248 220 193 125  49   0   0   0   0   0   0 
  0   0   0   0   0   0   0   0   0  53 130 157 201 254 235 116  99  52   0   0   0   0   0   0   0   0   0   0 
  0   0   0   0   0   0   0   0   0   0   0   0   0   0   0   0   0   0   0   0   0   0   0   0   0   0   0   0 
  0   0   0   0   0   0   0   0   0   0   0   0   0   0   0   0   0   0   0   0   0   0   0   0   0   0   0   0 
  0   0   0   0   0   0   0   0   0   0   0   0   0   0   0   0   0   0   0   0   0   0   0   0   0   0   0   0 
  0   0   0   0   0   0   0   0   0   0   0   0   0   0   0   0   0   0   0   0   0   0   0   0   0   0   0   0 
  0   0   0   0   0   0   0   0   0   0   0   0   0   0   0   0   0   0   0   0   0   0   0   0   0   0   0   0 
  0   0   0   0   0   0   0   0   0   0   0   0   0   0   0   0   0   0   0   0   0   0   0   0   0   0   0   0 

Prediction: 6

  0   0   0   0   0   0   0   0   0   0   0   0   0   0   0   0   0   0   0   0   0   0   0   0   0   0   0   0 
  0   0   0   0   0   0   0   0   0   0   0   0   0   0   0   0   0   0   0   0   0   0   0   0   0   0   0   0 
  0   0   0   0   0   0   0   0   0   0   0   0   0   0   0   0   0   0   0   0   0   0   0   0   0   0   0   0 
  0   0   0   0   0   0   0   0   0   0   0   0   0   0   0   0   0   0   0   0   0   0   0   0   0   0   0   0 
  0   0   0   0   0   0   0   0   0   0   0   0   0   0   0   0   0   0   0   0   0   0   0   0   0   0   0   0 
  0   0   0   0   0   0   0   0   0   0   0   0   0   0   0   0   3  56 176 210 209 104   3   0   0   0   0   0 
  0   0   0   0   0   0   0   0   0   0   0   0   0   0   0   2 149 253 253 254 253 254 128   0   0   0   0   0 
  0   0   0   0   0   0   0   0   0   0   0   0   0   0  20 142 254 254 253 254 253 254 241 162  81   0   0   0 
  0   0   0   0   0   0   0   0   0   0   0   0  12 151 252 253 254 214  79  79  79 132 205 181 139   0   0   0 
  0   0   0   0   0   0   0   0   0   0   0   0 181 254 248 184 242 138   0   0   0   0   9   1   0   0   0   0 
  0   0   0   0   0   0   0   0   0   0   0  62 250 254  98   0  44  38   0   0   0   0   0   0   0   0   0   0 
  0   0   0   0   0   0   0   0   0   0   0 179 253 110   1   0   0   0   0   0   0   0   0   0   0   0   0   0 
  0   0   0   0   0   0   0   0   0   0  24 237 254  60   0   0   0   0   0   0   0   0   0   0   0   0   0   0 
  0   0   0   0   0   0   0   0   0   0  25 240 253 213  82   0   0   0   0   0   0   0   0   0   0   0   0   0 
  0   0   0   0   0   0   0   0   0   0   0  70 246 254 244 123   4   0   0   0   0   0   0   0   0   0   0   0 
  0   0   0   0   0  13  11   0   0   0   0   0  52 170 229 254 231  49   0   0   0   0   0   0   0   0   0   0 
  0   0   0   0   0 184 217  51   3   0   0   0   0   0  24 167 254 224   5   0   0   0   0   0   0   0   0   0 
  0   0   0   0   0 255 253 253 133  22   0   0   0   0   0  35 163 253 112   0   0   0   0   0   0   0   0   0 
  0   0   0   0   0 235 254 254 254 204 114  26   2   0   0   0  55 250 218  15   0   0   0   0   0   0   0   0 
  0   0   0   0   0  17 191 253 253 253 253 253 168  81   2   0   0 214 253  30   0   0   0   0   0   0   0   0 
  0   0   0   0   0   0   9  45 166 229 254 254 254 254 235 234 235 251 254  30   0   0   0   0   0   0   0   0 
  0   0   0   0   0   0   0   0   0  19 165 254 254 254 254 254 254 254 253  30   0   0   0   0   0   0   0   0 
  0   0   0   0   0   0   0   0   0   0   2   9 104 109 207 208 208 208 115   2   0   0   0   0   0   0   0   0 
  0   0   0   0   0   0   0   0   0   0   0   0   0   0   0   0   0   0   0   0   0   0   0   0   0   0   0   0 
  0   0   0   0   0   0   0   0   0   0   0   0   0   0   0   0   0   0   0   0   0   0   0   0   0   0   0   0 
  0   0   0   0   0   0   0   0   0   0   0   0   0   0   0   0   0   0   0   0   0   0   0   0   0   0   0   0 
  0   0   0   0   0   0   0   0   0   0   0   0   0   0   0   0   0   0   0   0   0   0   0   0   0   0   0   0 
  0   0   0   0   0   0   0   0   0   0   0   0   0   0   0   0   0   0   0   0   0   0   0   0   0   0   0   0 

Prediction: 5

  0   0   0   0   0   0   0   0   0   0   0   0   0   0   0   0   0   0   0   0   0   0   0   0   0   0   0   0 
  0   0   0   0   0   0   0   0   0   0   0   0   0   0   0   0   0   0   0   0   0   0   0   0   0   0   0   0 
  0   0   0   0   0   0   0   0   0   0   0   0   0   0  71 191 122   6   0   0   0   0   0   0   0   0   0   0 
  0   0   0   0   0   0   0   0   0   0   0   0   0  69 192 253 254 139   0   0   0   0   0   0   0   0   0   0 
  0   0   0   0   0   0   0   0   0   0   0   0  37 244 253 253 205  97   0   0   0   0   0   0   0   0   0   0 
  0   0   0   0   0   0   0   0   0   0   0  18 179 253 249 103  19   2   0   0   0   0   0   0   0   0   0   0 
  0   0   0   0   0   0   0   0   0   0   0 160 253 253 133   0   0   0   0   0   0   0   0   0   0   0   0   0 
  0   0   0   0   0   0   0   0   0   0  79 236 253 247  84   0   0   0   0   0   0   0   0   0   0   0   0   0 
  0   0   0   0   0   0   0   0   0  56 237 253 247 120   0   0   0   0   0   0   0   0   0   0   0   0   0   0 
  0   0   0   0   0   0   0   0   0  95 253 253 213   0   0   0   0   0   0   0   0   0   0   0   0   0   0   0 
  0   0   0   0   0   0   0   0   0 214 253 222  90   0   0   0   0   0   0   0   0   0   0   0   0   0   0   0 
  0   0   0   0   0   0   0   0  50 235 253 128   0   0   0   0   0   0   0   0   0   0   0   0   0   0   0   0 
  0   0   0   0   0   0   0   0  95 254 254  67   0   0   0   0   0   0   0   0   0   0   0   0   0   0   0   0 
  0   0   0   0   0   0   0   0  94 253 253  66   0   0   0   0   0   0  97 108 108  28   0   0   0   0   0   0 
  0   0   0   0   0   0   0   0  94 253 253  66   0   0   0   0  95 221 251 253 253 234  72   0   0   0   0   0 
  0   0   0   0   0   0   0   0  94 253 253  66   0   0  47 151 254 253 253 253 253 253 122   0   0   0   0   0 
  0   0   0   0   0   0   0   0  20 222 253 116  21   8 175 253 254 225 136  53 212 253 213   0   0   0   0   0 
  0   0   0   0   0   0   0   0   0 116 253 253 187 145 253 253 137  38   0   0 201 253 114   0   0   0   0   0 
  0   0   0   0   0   0   0   0   0  26 196 253 253 253 253 253  41  41  90 174 237 245  67   0   0   0   0   0 
  0   0   0   0   0   0   0   0   0   0  25 122 231 253 253 253 255 253 253 253 253 185   0   0   0   0   0   0 
  0   0   0   0   0   0   0   0   0   0   0   0  39 248 253 253 255 253 253 242 204  28   0   0   0   0   0   0 
  0   0   0   0   0   0   0   0   0   0   0   0   0  76 197 182 121 120 120  19   0   0   0   0   0   0   0   0 
  0   0   0   0   0   0   0   0   0   0   0   0   0   0   0   0   0   0   0   0   0   0   0   0   0   0   0   0 
  0   0   0   0   0   0   0   0   0   0   0   0   0   0   0   0   0   0   0   0   0   0   0   0   0   0   0   0 
  0   0   0   0   0   0   0   0   0   0   0   0   0   0   0   0   0   0   0   0   0   0   0   0   0   0   0   0 
  0   0   0   0   0   0   0   0   0   0   0   0   0   0   0   0   0   0   0   0   0   0   0   0   0   0   0   0 
  0   0   0   0   0   0   0   0   0   0   0   0   0   0   0   0   0   0   0   0   0   0   0   0   0   0   0   0 
  0   0   0   0   0   0   0   0   0   0   0   0   0   0   0   0   0   0   0   0   0   0   0   0   0   0   0   0 

Prediction: 6

  0   0   0   0   0   0   0   0   0   0   0   0   0   0   0   0   0   0   0   0   0   0   0   0   0   0   0   0 
  0   0   0   0   0   0   0   0   0   0   0   0   0   0   0   0   0   0   0   0   0   0   0   0   0   0   0   0 
  0   0   0   0   0   0   0   0   0   0   0   0   0   0   0   0   0   0   0   0   0   0   0   0   0   0   0   0 
  0   0   0   0   0   0   0   0   0   0   0   0   0   0   0   0   0   0   0   0   0   0   0   0   0   0   0   0 
  0   0   0   0   0   0   0   0   0   0   0   0   0   0   0   0   0   0   0   0   0   0   0   0   0   0   0   0 
  0   0   0   0   0   0   0   0   0   0   0   0   0   0   0   0   0   0   0   0   0   0   0   0   0   0   0   0 
  0   0   0   0   0   0   0   0   0   0   0   0   0   0   0   0   0   0   0   0   0   0   0   0   0   0   0   0 
  0   0   0   0   0   0   0   0   4  98 208 254 255 233 170  67   0   0   0   0   0   0   0   0   0   0   0   0 
  0   0   0   0   0   0   0   0 149 210  99  32  32  32  85 149 188  37   0   0   0   0   0   0   0   0   0   0 
  0   0   0   0   0   0   0  87 187  13   0   0   0   0   0   3 122 197   0   0   0   0   0   0   0   0   0   0 
  0   0   0   0   0   0  58 245  64   0   0   0   0   0   0   0  34 241  73   0   0   0   0   0   0   0   0   0 
  0   0   0   0   0   0 141 144   0   0   0   0   0   0   0   0   0 127 180   0   0   0   0   0   0   0   0   0 
  0   0   0   0   0   0 158 128   0   0   0   0   0   0   0   0   5 164 234   9   0   0   0   0   0   0   0   0 
  0   0   0   0   0   0 158 128   0   0   0   0   0   0   0   0  51 254 254  14   0   0   0   0   0   0   0   0 
  0   0   0   0   0   0 129 128   0   0   0   0   0   0   0   2 134 254 122   1   0   0   0   0   0   0   0   0 
  0   0   0   0   0   0  39 186  68   0   0   0   0   0   0  89 220 243  39   0   0   0   0   0   0   0   0   0 
  0   0   0   0   0   0   0  74 192 206 103  36  36  58 172 155  69 195   0   0   0   0   0   0   0   0   0   0 
  0   0   0   0   0   0   0   0   0  46 135 178 189 187  75   4  51 236   0   0   0   0   0   0   0   0   0   0 
  0   0   0   0   0   0   0   0   0   0   0   0   0   0   0   0  28 240  40   0   0   0   0   0   0   0   0   0 
  0   0   0   0   0   0   0   0   0   0   0   0   0   0   0   0   0 189 118   0   0   0   0   0   0   0   0   0 
  0   0   0   0   0   0   0   0   0   0   0   0   0   0   0   0   0 161 125   0   0   0   0   0   0   0   0   0 
  0   0   0   0   0   0   0   0   0   0   0   0   0   0   0   0   0  96 125   0   0   0   0   0   0   0   0   0 
  0   0   0   0   0   0   0   0   0   0   0   0   0   0   0   0   0  90 161   0   0   0   0   0   0   0   0   0 
  0   0   0   0   0   0   0   0   0   0   0   0   0   0   0   0   0  90 196   0   0   0   0   0   0   0   0   0 
  0   0   0   0   0   0   0   0   0   0   0   0   0   0   0   0   0  90 227   8   0   0   0   0   0   0   0   0 
  0   0   0   0   0   0   0   0   0   0   0   0   0   0   0   0   0  13 232  44   0   0   0   0   0   0   0   0 
  0   0   0   0   0   0   0   0   0   0   0   0   0   0   0   0   0   0  84 123   0   0   0   0   0   0   0   0 
  0   0   0   0   0   0   0   0   0   0   0   0   0   0   0   0   0   0   0   0   0   0   0   0   0   0   0   0 

Prediction: 9

  0   0   0   0   0   0   0   0   0   0   0   0   0   0   0   0   0   0   0   0   0   0   0   0   0   0   0   0 
  0   0   0   0   0   0   0   0   0   0   0   0   0   0   0   0   0   0   0   0   0   0   0   0   0   0   0   0 
  0   0   0   0   0   0   0   0   0   0   0   0   0   0   0   0   0   0   0   0   0   0   0   0   0   0   0   0 
  0   0   0   0   0   0   0   0   0   0   0   0   0   0   0   0   0   0   0   0   0   0   0   0   0   0   0   0 
  0   0   0   0   0   0   0   0   0   0   0   0   0   0 198 196   0   0   0   0   0   0   0   0   0   0   0   0 
  0   0   0   0   0   0   0   0   0   0   0   0   0   0 197 253  70   0   0   0   0   0   0   0   0   0   0   0 
  0   0   0   0   0   0   0   0   0   0   0   0   0   0 197 254  71   0   0   0   0   0   0   0   0   0   0   0 
  0   0   0   0   0   0   0   0   0   0   0   0   0   0 197 254 192   0   0   0   0   0   0   0   0   0   0   0 
  0   0   0   0   0   0   0   0   0   0   0   0   0   0 197 254 202   0   0   0   0   0   0   0   0   0   0   0 
  0   0   0   0   0   0   0   0   0   0   0   0   0   0 197 254  88   0   0   0   0   0   0   0   0   0   0   0 
  0   0   0   0   0   0   0   0   0   0   0   0   0   0 197 254  71   0   0   0   0   0   0   0   0   0   0   0 
  0   0   0   0   0   0   0   0   0   0   0   0   0  23 215 254  71   0   0   0   0   0   0   0   0   0   0   0 
  0   0   0   0   0   0   0   0   0   0   0   0   0  73 254 254  71   0   0   0   0   0   0   0   0   0   0   0 
  0   0   0   0   0   0   0   0   0   0   0   0   0  73 254 239  53   0   0   0   0   0   0   0   0   0   0   0 
  0   0   0   0   0   0   0   0   0   0   0   0   0  73 254 195   0   0   0   0   0   0   0   0   0   0   0   0 
  0   0   0   0   0   0   0   0   0   0   0   0   0  73 254 195   0   0   0   0   0   0   0   0   0   0   0   0 
  0   0   0   0   0   0   0   0   0   0   0   0   0  73 255 195   0   0   0   0   0   0   0   0   0   0   0   0 
  0   0   0   0   0   0   0   0   0   0   0   0   0  73 254 195   0   0   0   0   0   0   0   0   0   0   0   0 
  0   0   0   0   0   0   0   0   0   0   0   0   0  90 254 195   0   0   0   0   0   0   0   0   0   0   0   0 
  0   0   0   0   0   0   0   0   0   0   0   0   0 203 254 195   0   0   0   0   0   0   0   0   0   0   0   0 
  0   0   0   0   0   0   0   0   0   0   0   0   0 203 254 195   0   0   0   0   0   0   0   0   0   0   0   0 
  0   0   0   0   0   0   0   0   0   0   0   0   5 206 254 195   0   0   0   0   0   0   0   0   0   0   0   0 
  0   0   0   0   0   0   0   0   0   0   0   0  77 253 254 125   0   0   0   0   0   0   0   0   0   0   0   0 
  0   0   0   0   0   0   0   0   0   0   0   0   0 135 221  32   0   0   0   0   0   0   0   0   0   0   0   0 
  0   0   0   0   0   0   0   0   0   0   0   0   0   0   0   0   0   0   0   0   0   0   0   0   0   0   0   0 
  0   0   0   0   0   0   0   0   0   0   0   0   0   0   0   0   0   0   0   0   0   0   0   0   0   0   0   0 
  0   0   0   0   0   0   0   0   0   0   0   0   0   0   0   0   0   0   0   0   0   0   0   0   0   0   0   0 
  0   0   0   0   0   0   0   0   0   0   0   0   0   0   0   0   0   0   0   0   0   0   0   0   0   0   0   0 

Prediction: 1

  0   0   0   0   0   0   0   0   0   0   0   0   0   0   0   0   0   0   0   0   0   0   0   0   0   0   0   0 
  0   0   0   0   0   0   0   0   0   0   0   0   0   0   0   0   0   0   0   0   0   0   0   0   0   0   0   0 
  0   0   0   0   0   0   0   0   0   0   0   0   0   0   0   0   0   0   0   0   0   0   0   0   0   0   0   0 
  0   0   0   0   0   0   0   0   0   0   0   0   0   0   0   0   0   0   0   0   0   0   0   0   0   0   0   0 
  0   0   0   0   0   0   0   0   0   0   0   0   0   0   0   0   0   0   0   0   0   0   0   0   0   0   0   0 
  0   0   0   0   0   0   0   0   0   0   0   0   0   0   0 140 209 254 255 218  43   0   0   0   0   0   0   0 
  0   0   0   0   0   0   0   0   0   0   0   0   0 114 237 253 217 229 237 254 117   0   0   0   0   0   0   0 
  0   0   0   0   0   0   0   0   0   0   0  61 206 253 241 138  20   6  54 236 247  43   0   0   0   0   0   0 
  0   0   0   0   0   0   0   0   0   0   0 195 254 177  23   0   0   0   0 141 254 122   0   0   0   0   0   0 
  0   0   0   0   0   0   0   0   0   0 137 252 154   3   0   0   0   0   7 204 254 104   0   0   0   0   0   0 
  0   0   0   0   0   0   0   0   0   0 146 240  30   0   0   0   0   8 168 254 188   6   0   0   0   0   0   0 
  0   0   0   0   0   0   0   0   0   0 224 229  17   0   0   0  27 167 254 186  15   0   0   0   0   0   0   0 
  0   0   0   0   0   0   0   0   0   0 233 223  14   0   0  69 222 254 231  58   0   0   0   0   0   0   0   0 
  0   0   0   0   0   0   0   0   0   0 158 246  72   0  39 222 254 192  68   0   0   0   0   0   0   0   0   0 
  0   0   0   0   0   0   0   0   0   0  93 249 215  26 209 254 221  38   0   0   0   0   0   0   0   0   0   0 
  0   0   0   0   0   0   0   0   0   0   0 186 254 195 254 254 163 135 211 122   0   0   0   0   0   0   0   0 
  0   0   0   0   0   0   0   0   0   0   0 102 254 254 254 254 254 238 143  27   0   0   0   0   0   0   0   0 
  0   0   0   0   0   0   0   0   0   0   8 138 254 254 254 156  97  28   0   0   0   0   0   0   0   0   0   0 
  0   0   0   0   0   0   0   0   0   7 168 254 254 245 254 110   0   0   0   0   0   0   0   0   0   0   0   0 
  0   0   0   0   0   0   0   0   0 130 254 249 110  56 237 211  20   0   0   0   0   0   0   0   0   0   0   0 
  0   0   0   0   0   0   0   0   5 217 254 128   0   0 145 254  53   0   0   0   0   0   0   0   0   0   0   0 
  0   0   0   0   0   0   0   0 132 254 205   7   0   0  82 254  70   0   0   0   0   0   0   0   0   0   0   0 
  0   0   0   0   0   0   0   0 155 254 162  96  96 140 243 194  14   0   0   0   0   0   0   0   0   0   0   0 
  0   0   0   0   0   0   0   0 154 254 254 254 254 254 237  83   0   0   0   0   0   0   0   0   0   0   0   0 
  0   0   0   0   0   0   0   0  23 132 247 254 177 151  40   0   0   0   0   0   0   0   0   0   0   0   0   0 
  0   0   0   0   0   0   0   0   0   0   0   0   0   0   0   0   0   0   0   0   0   0   0   0   0   0   0   0 
  0   0   0   0   0   0   0   0   0   0   0   0   0   0   0   0   0   0   0   0   0   0   0   0   0   0   0   0 
  0   0   0   0   0   0   0   0   0   0   0   0   0   0   0   0   0   0   0   0   0   0   0   0   0   0   0   0 

Prediction: 8

  0   0   0   0   0   0   0   0   0   0   0   0   0   0   0   0   0   0   0   0   0   0   0   0   0   0   0   0 
  0   0   0   0   0   0   0   0   0   0   0   0   0   0   0   0   0   0   0   0   0   0   0   0   0   0   0   0 
  0   0   0   0   0   0   0   0   0   0   0   0   0   0   0   0   0   0   0   0   0   0   0   0   0   0   0   0 
  0   0   0   0   0   0   0   0   0   0   0   0   0   0   0   0   0   0   0   0   0   0   0   0   0   0   0   0 
  0   0   0   0   0   0   0   0   0   0   0   0   0   0   0   0   0   0   0   0   0   0   0   0   0   0   0   0 
  0   0   0   0   0   0   0   0  55 104 148 148 148 174 253 148 113  22   0   0   0   0   0   0   0   0   0   0 
  0   0   0   0   0   0   0  96 232 252 253 252 252 252 252 239 168 214 163  50   0   0   0   0   0   0   0   0 
  0   0   0   0   0   0   8 226 252 252 109 142 252 185  65  62   0  72 210 244   9   0   0   0   0   0   0   0 
  0   0   0   0   0   0 112 252 252 182   0  28 198  28   0   0   0   0  83 242 204  69   0   0   0   0   0   0 
  0   0   0   0   0   0 190 252 252 103   0   0  18   0   0   0   0   0   0 124 253 239  17   0   0   0   0   0 
  0   0   0   0   0   0 191 253 253  42   0   0   0   0   0   0   0   0   0   0 254 253 127   0   0   0   0   0 
  0   0   0   0   0   0 155 252 252 121   0   0   0   0   0   0   0   0   0  36 253 252  91   0   0   0   0   0 
  0   0   0   0   0   0   7 181 252 244   9   0   0   0   0   0   0   0  32 223 253 201  11   0   0   0   0   0 
  0   0   0   0   0   0   0 101 252 252 187  16   0   0  27  38  64 117 190 252 199  21   0   0   0   0   0   0 
  0   0   0   0   0   0   0   4  95 252 253 221 211 211 228 236 252 252 252 252  62   0   0   0   0   0   0   0 
  0   0   0   0   0   0   0   0   0  62 254 253 253 253 253 255 222 232 253 253 237  37   0   0   0   0   0   0 
  0   0   0   0   0   0   0   0   0 141 253 252 210 124  80  63  16  32 107  63 138 205 130   0   0   0   0   0 
  0   0   0   0   0   0   0   0  59 249 253 245  27   0   0   0   0   0   0   0  39 247 242  42   0   0   0   0 
  0   0   0   0   0   0   0   0 134 252 253  98   0   0   0   0   0   0   0   0   0 190 252 154   0   0   0   0 
  0   0   0   0   0   0   0   0 126 252 253  63   0   0   0   0   0   0   0   0   0 190 252 189   0   0   0   0 
  0   0   0   0   0   0   0   0  54 247 254 218  12   0   0   0   0   0   0   0   0 191 253 190   0   0   0   0 
  0   0   0   0   0   0   0   0   0  97 253 252 135   0   0   0   0   0   0   0  15 211 252 110   0   0   0   0 
  0   0   0   0   0   0   0   0   0   0 144 247 251 161  39   9   0   0   0   0 192 252 189  42   0   0   0   0 
  0   0   0   0   0   0   0   0   0   0   0  63 180 231 252 204 169  72 108 152 253 231  51   0   0   0   0   0 
  0   0   0   0   0   0   0   0   0   0   0   0   0  55 147 253 252 252 252 208 129  28   0   0   0   0   0   0 
  0   0   0   0   0   0   0   0   0   0   0   0   0   0   0   0   0   0   0   0   0   0   0   0   0   0   0   0 
  0   0   0   0   0   0   0   0   0   0   0   0   0   0   0   0   0   0   0   0   0   0   0   0   0   0   0   0 
  0   0   0   0   0   0   0   0   0   0   0   0   0   0   0   0   0   0   0   0   0   0   0   0   0   0   0   0 

Prediction: 8

  0   0   0   0   0   0   0   0   0   0   0   0   0   0   0   0   0   0   0   0   0   0   0   0   0   0   0   0 
  0   0   0   0   0   0   0   0   0   0   0   0   0   0   0   0   0   0   0   0   0   0   0   0   0   0   0   0 
  0   0   0   0   0   0   0   0   0   0   0   0   0   0   0   0   0   0   0   0   0   0   0   0   0   0   0   0 
  0   0   0   0   0   0   0   0   0   0   0   0   0   0   0   0   0   0   0   0   0   0   0   0   0   0   0   0 
  0   0   0   0   0   0   0   0   0   0   0   0   0   0   0   0   0   0   0   0   0   0   0   0   0   0   0   0 
  0   0   0   0   0   0   0   0   0   0   0   0   0   0   0   0   0   0   0   0   0   0   0   0   0   0   0   0 
  0   0   0   0   0   0   0   0   0   0   0   0   0   0   0   0   0   0   0   0   0   0   0   0   0   0   0   0 
  0   0   0   0   0   0   0 102 121  32   0   0   0   0   0 115 121 121 155 154  38   0   0   0   0   0   0   0 
  0   0   0   0   0   0   0 213 252 243 240 155 184 240 241 251 252 252 252 252  79   0   0   0   0   0   0   0 
  0   0   0   0   0   0   0  94 252 252 252 252 252 252 253 252 252 252 252 252  79   0   0   0   0   0   0   0 
  0   0   0   0   0   0   0  13  75 172 184 252 252 209 173 172 201 252 252 164  13   0   0   0   0   0   0   0 
  0   0   0   0   0   0   0   0   0   0   9  53  53  25   0  29 206 252 199  14   0   0   0   0   0   0   0   0 
  0   0   0   0   0   0   0   0   0   0   0   0   0   0   0 107 252 252 185   0   0   0   0   0   0   0   0   0 
  0   0   0   0   0   0   0   0   0   0   0   0   0   0   0 128 252 252 164   0   0   0   0   0   0   0   0   0 
  0   0   0   0   0   0   0   0   0   0   0   0   0   0   0 240 252 252  53   0   0   0   0   0   0   0   0   0 
  0   0   0   0   0   0   0   0   0   0   0   0   0   0  70 247 252 248  50   0   0   0   0   0   0   0   0   0 
  0   0   0   0   0   0   0   0   0   0   0   0   0   0 190 252 252 102   0   0   0   0   0   0   0   0   0   0 
  0   0   0   0   0   0   0   0   0   0   0   0   0  64 255 253 253  39   0   0   0   0   0   0   0   0   0   0 
  0   0   0   0   0   0   0   0   0   0   0   0   0 133 253 252 163   2   0   0   0   0   0   0   0   0   0   0 
  0   0   0   0   0   0   0   0   0   0   0   0  62 240 253 212  30   0   0   0   0   0   0   0   0   0   0   0 
  0   0   0   0   0   0   0   0   0   0   0   9 180 252 253 104   0   0   0   0   0   0   0   0   0   0   0   0 
  0   0   0   0   0   0   0   0   0   0   0  27 252 252 253  48   0   0   0   0   0   0   0   0   0   0   0   0 
  0   0   0   0   0   0   0   0   0   0   0  55 252 252 253 145   0   0   0   0   0   0   0   0   0   0   0   0 
  0   0   0   0   0   0   0   0   0   0   0 160 252 252 253 145   0   0   0   0   0   0   0   0   0   0   0   0 
  0   0   0   0   0   0   0   0   0   0   0 160 252 252 253 145   0   0   0   0   0   0   0   0   0   0   0   0 
  0   0   0   0   0   0   0   0   0   0   0  82 246 252 247  68   0   0   0   0   0   0   0   0   0   0   0   0 
  0   0   0   0   0   0   0   0   0   0   0   0  70 189  63   0   0   0   0   0   0   0   0   0   0   0   0   0 
  0   0   0   0   0   0   0   0   0   0   0   0   0   0   0   0   0   0   0   0   0   0   0   0   0   0   0   0 

Prediction: 7

  0   0   0   0   0   0   0   0   0   0   0   0   0   0   0   0   0   0   0   0   0   0   0   0   0   0   0   0 
  0   0   0   0   0   0   0   0   0   0   0   0   0   0   0   0   0   0   0   0   0   0   0   0   0   0   0   0 
  0   0   0   0   0   0   0   0   0   0   0   0   0   0   0   0   0   0   0   0   0   0   0   0   0   0   0   0 
  0   0   0   0   0   0   0   0   0   0   0   0   0   0   0   0   0   0   0   0   0   0   0   0   0   0   0   0 
  0   0   0   0   0   0   0   0   0   0   0   0   0   0   0   0   0   0   0   0   0   0   0   0   0   0   0   0 
  0   0   0   0   0   0   0   0   0   0   0   0   0  59 222 215  11   0   0   0   0   0   0   0   0   0   0   0 
  0   0   0   0   0   0   0   0   0   0   0   0  63 216 254 253  68   0   0   0   0   0   0   0   0   0   0   0 
  0   0   0   0   0   0   0   0   0   0   0   6 129 253 254 206   5   0   0   0   0   0   0   0   0   0   0   0 
  0   0   0   0   0   0   0   0   0   0   0  54 191 253 254 192   0   0   0   0   0   0   0   0   0   0   0   0 
  0   0   0   0   0   0   0   0   0   0   0   0 109 253 254 108   0   0   0   0   0   0   0   0   0   0   0   0 
  0   0   0   0   0   0   0   0   0   0   0   0 110 254 255 109   0   0   0   0   0   0   0   0   0   0   0   0 
  0   0   0   0   0   0   0   0   0   0   0   0 109 253 254 108   0   0   0   0   0   0   0   0   0   0   0   0 
  0   0   0   0   0   0   0   0   0   0   0   0  64 253 254 121   0   0   0   0   0   0   0   0   0   0   0   0 
  0   0   0   0   0   0   0   0   0   0   0   0  58 253 254 198   0   0   0   0   0   0   0   0   0   0   0   0 
  0   0   0   0   0   0   0   0   0   0   0   0 109 253 254 133   0   0   0   0   0   0   0   0   0   0   0   0 
  0   0   0   0   0   0   0   0   0   0   0   0 110 254 255 109   0   0   0   0   0   0   0   0   0   0   0   0 
  0   0   0   0   0   0   0   0   0   0   0   0 109 253 254 108   0   0   0   0   0   0   0   0   0   0   0   0 
  0   0   0   0   0   0   0   0   0   0   0   0 109 253 254 108   0   0   0   0   0   0   0   0   0   0   0   0 
  0   0   0   0   0   0   0   0   0   0   0   0 109 253 254 108   0   0   0   0   0   0   0   0   0   0   0   0 
  0   0   0   0   0   0   0   0   0   0   0   0 109 253 254 108   0   0   0   0   0   0   0   0   0   0   0   0 
  0   0   0   0   0   0   0   0   0   0   0   0 110 254 255 109   0   0   0   0   0   0   0   0   0   0   0   0 
  0   0   0   0   0   0   0   0   0   0   0   0 109 253 254  89   0   0   0   0   0   0   0   0   0   0   0   0 
  0   0   0   0   0   0   0   0   0   0   0   0 109 253 254  63   0   0   0   0   0   0   0   0   0   0   0   0 
  0   0   0   0   0   0   0   0   0   0   0   0 109 253 254 166  13   0   0   0   0   0   0   0   0   0   0   0 
  0   0   0   0   0   0   0   0   0   0   0   0  38 227 254 166   0   0   0   0   0   0   0   0   0   0   0   0 
  0   0   0   0   0   0   0   0   0   0   0   0   0   0   0   0   0   0   0   0   0   0   0   0   0   0   0   0 
  0   0   0   0   0   0   0   0   0   0   0   0   0   0   0   0   0   0   0   0   0   0   0   0   0   0   0   0 
  0   0   0   0   0   0   0   0   0   0   0   0   0   0   0   0   0   0   0   0   0   0   0   0   0   0   0   0 

Prediction: 1
