Dense fp and bp kernels threaded, slices, all training data shuffled, channels buffered.
lr = 0.010000, nn = (128, 128, 10)
---------------------
Training...
Epoch: 1 	10000/60000	Elapsed time: 15.123828597s 	Avg loss: 0.030882 	 accuracy: 0.778400	
Epoch: 1 	20000/60000	Elapsed time: 15.156592578s 	Avg loss: 0.015983 	 accuracy: 0.892500	
Epoch: 1 	30000/60000	Elapsed time: 15.135965898s 	Avg loss: 0.012819 	 accuracy: 0.914100	
Epoch: 1 	40000/60000	Elapsed time: 15.160703653s 	Avg loss: 0.010557 	 accuracy: 0.928500	
Epoch: 1 	50000/60000	Elapsed time: 15.130526487s 	Avg loss: 0.010012 	 accuracy: 0.934400	
Epoch: 1 	60000/60000	Elapsed time: 15.152037659s 	Avg loss: 0.009426 	 accuracy: 0.938100	
Epoch elapsed time: 1m30.859892702s
---------------------
Running validation...
Epoch: 1 	10000/10000	Elapsed time: 3.787000621s 	Avg loss: 0.007530 	 accuracy: 0.949700	
---------------------
Training...
Epoch: 2 	10000/60000	Elapsed time: 15.886272403s 	Avg loss: 0.007995 	 accuracy: 0.948300	
Epoch: 2 	20000/60000	Elapsed time: 15.645590816s 	Avg loss: 0.007851 	 accuracy: 0.946300	
Epoch: 2 	30000/60000	Elapsed time: 16.303811644s 	Avg loss: 0.006971 	 accuracy: 0.953100	
Epoch: 2 	40000/60000	Elapsed time: 18.75871629s 	Avg loss: 0.006935 	 accuracy: 0.953500	
Epoch: 2 	50000/60000	Elapsed time: 15.96783565s 	Avg loss: 0.007531 	 accuracy: 0.949500	
Epoch: 2 	60000/60000	Elapsed time: 16.106560074s 	Avg loss: 0.006814 	 accuracy: 0.954100	
Epoch elapsed time: 1m38.669025179s
---------------------
Running validation...
Epoch: 2 	10000/10000	Elapsed time: 3.731776511s 	Avg loss: 0.005951 	 accuracy: 0.961100	
---------------------
Training...
Epoch: 3 	10000/60000	Elapsed time: 16.114623275s 	Avg loss: 0.005063 	 accuracy: 0.967800	
Epoch: 3 	20000/60000	Elapsed time: 16.046350595s 	Avg loss: 0.005616 	 accuracy: 0.962500	
Epoch: 3 	30000/60000	Elapsed time: 17.006888969s 	Avg loss: 0.005787 	 accuracy: 0.962200	
Epoch: 3 	40000/60000	Elapsed time: 15.65591937s 	Avg loss: 0.005664 	 accuracy: 0.961400	
Epoch: 3 	50000/60000	Elapsed time: 15.765429679s 	Avg loss: 0.006254 	 accuracy: 0.959100	
Epoch: 3 	60000/60000	Elapsed time: 15.980797735s 	Avg loss: 0.005462 	 accuracy: 0.963800	
Epoch elapsed time: 1m36.570312051s
---------------------
Running validation...
Epoch: 3 	10000/10000	Elapsed time: 3.73343043s 	Avg loss: 0.006386 	 accuracy: 0.957800	
---------------------
Training...
Epoch: 4 	10000/60000	Elapsed time: 17.47469133s 	Avg loss: 0.004354 	 accuracy: 0.972100	
Epoch: 4 	20000/60000	Elapsed time: 16.919111532s 	Avg loss: 0.004819 	 accuracy: 0.969900	
Epoch: 4 	30000/60000	Elapsed time: 15.499616733s 	Avg loss: 0.004518 	 accuracy: 0.970500	
Epoch: 4 	40000/60000	Elapsed time: 15.690906167s 	Avg loss: 0.004701 	 accuracy: 0.969100	
Epoch: 4 	50000/60000	Elapsed time: 15.825055459s 	Avg loss: 0.005001 	 accuracy: 0.967400	
Epoch: 4 	60000/60000	Elapsed time: 17.142901691s 	Avg loss: 0.004780 	 accuracy: 0.968200	
Epoch elapsed time: 1m38.552506469s
---------------------
Running validation...
Epoch: 4 	10000/10000	Elapsed time: 3.695089307s 	Avg loss: 0.004690 	 accuracy: 0.969200	
---------------------
Training...
Epoch: 5 	10000/60000	Elapsed time: 15.79110678s 	Avg loss: 0.003875 	 accuracy: 0.975300	
Epoch: 5 	20000/60000	Elapsed time: 16.095610237s 	Avg loss: 0.004567 	 accuracy: 0.969100	
Epoch: 5 	30000/60000	Elapsed time: 16.338378675s 	Avg loss: 0.004442 	 accuracy: 0.972100	
Epoch: 5 	40000/60000	Elapsed time: 15.828508305s 	Avg loss: 0.004400 	 accuracy: 0.970200	
Epoch: 5 	50000/60000	Elapsed time: 16.452664064s 	Avg loss: 0.003865 	 accuracy: 0.974500	
Epoch: 5 	60000/60000	Elapsed time: 16.308099273s 	Avg loss: 0.004788 	 accuracy: 0.966400	
Epoch elapsed time: 1m36.814638495s
---------------------
Running validation...
Epoch: 5 	10000/10000	Elapsed time: 4.50248076s 	Avg loss: 0.004678 	 accuracy: 0.968800	
---------------------
Training...
Epoch: 6 	10000/60000	Elapsed time: 15.448723055s 	Avg loss: 0.003382 	 accuracy: 0.978400	
Epoch: 6 	20000/60000	Elapsed time: 15.444164248s 	Avg loss: 0.004113 	 accuracy: 0.972200	
Epoch: 6 	30000/60000	Elapsed time: 15.437838079s 	Avg loss: 0.003993 	 accuracy: 0.973800	
Epoch: 6 	40000/60000	Elapsed time: 15.463847594s 	Avg loss: 0.004056 	 accuracy: 0.972900	
Epoch: 6 	50000/60000	Elapsed time: 15.465474208s 	Avg loss: 0.003692 	 accuracy: 0.974900	
Epoch: 6 	60000/60000	Elapsed time: 16.043723878s 	Avg loss: 0.003943 	 accuracy: 0.975100	
Epoch elapsed time: 1m33.304026431s
---------------------
Running validation...
Epoch: 6 	10000/10000	Elapsed time: 3.436644335s 	Avg loss: 0.004279 	 accuracy: 0.972100	
Total training time: 9m59.103576195s 

  0   0   0   0   0   0   0   0   0   0   0   0   0   0   0   0   0   0   0   0   0   0   0   0   0   0   0   0 
  0   0   0   0   0   0   0   0   0   0   0   0   0   0   0   0   0   0   0   0   0   0   0   0   0   0   0   0 
  0   0   0   0   0   0   0   0   0   0   0   0   0   0   0   0   0   0   0   0   0   0   0   0   0   0   0   0 
  0   0   0   0   0   0   0   0   0   0   0   0   0   0   0   0   0   0   0   0   0   0   0   0   0   0   0   0 
  0   0   0   0   0   0   0   0   0   0   0   0   0   0   0   0   0   0   0   0   0   0   0   0   0   0   0   0 
  0   0   0   0   0   0   0   0   0   0   0   0   0   0   0   0   0   0   0   0   0   0   0   0   0   0   0   0 
  0   0   0   0   0   0   0   0   0   0   0   0   0  22 139 159 253 211 138 139 212 253 109   0   0   0   0   0 
  0   0   0   0   0   0   0   0   0  26  68 161 161 244 253 252 252 252 252 253 252 252 160   0   0   0   0   0 
  0   0   0   0   0   0   0   0   0 222 252 252 252 252 205  69  69 135 252 253 252 252 128   0   0   0   0   0 
  0   0   0   0   0   0   0   0 189 253 252 252 252 116  21   0   0  93 252 253 252 195   9   0   0   0   0   0 
  0   0   0   0   0   0   0 136 250 253 252 168  43   2   0   0   0 144 252 253 252 183   0   0   0   0   0   0 
  0   0   0   0   0   0  81 253 253 252 135   0   0   0   0   5 138 253 253 255 253 184   0   0   0   0   0   0 
  0   0   0   0   0   9 197 252 252 157   0   0   0   0  15 178 252 252 252 253 252 183   0   0   0   0   0   0 
  0   0   0   0   0 130 252 252 252 116   0   0  57 122 191 252 252 252 252 253 252 100   0   0   0   0   0   0 
  0   0   0   0   0 161 252 252 252 218  93 124 244 252 253 252 252 252 252 253 172  13   0   0   0   0   0   0 
  0   0   0   0   0 109 252 252 252 253 252 252 252 252 253 252 252 252 252 243  50   0   0   0   0   0   0   0 
  0   0   0   0   0   0 116 239 253 255 253 253 253 253 255 253 253 253 253  53   0   0   0   0   0   0   0   0 
  0   0   0   0   0   0   0  34 217 253 252 252 252 252 253 252 252 193  92   0   0   0   0   0   0   0   0   0 
  0   0   0   0   0   0   0   0  32  79 183 234 252 252 253 252 170  44   0   0   0   0   0   0   0   0   0   0 
  0   0   0   0   0   0   0   0   0   0   0  33 215 252 253 214  13   0   0   0   0   0   0   0   0   0   0   0 
  0   0   0   0   0   0   0   0   0   0   0   0 207 252 253 206   0   0   0   0   0   0   0   0   0   0   0   0 
  0   0   0   0   0   0   0   0   0   0   0 132 253 253 255 207   0   0   0   0   0   0   0   0   0   0   0   0 
  0   0   0   0   0   0   0   0   0   0  30 228 252 252 253 206   0   0   0   0   0   0   0   0   0   0   0   0 
  0   0   0   0   0   0   0   0   0   0  78 252 252 252 253 123   0   0   0   0   0   0   0   0   0   0   0   0 
  0   0   0   0   0   0   0   0   0  19 236 252 252 252 234  17   0   0   0   0   0   0   0   0   0   0   0   0 
  0   0   0   0   0   0   0   0   0  76 252 221 232 252 230   0   0   0   0   0   0   0   0   0   0   0   0   0 
  0   0   0   0   0   0   0   0   0   0   0   0   0   0   0   0   0   0   0   0   0   0   0   0   0   0   0   0 
  0   0   0   0   0   0   0   0   0   0   0   0   0   0   0   0   0   0   0   0   0   0   0   0   0   0   0   0 

Prediction: 9

  0   0   0   0   0   0   0   0   0   0   0   0   0   0   0   0   0   0   0   0   0   0   0   0   0   0   0   0 
  0   0   0   0   0   0   0   0   0   0   0   0   0   0   0   0   0   0   0   0   0   0   0   0   0   0   0   0 
  0   0   0   0   0   0   0   0   0   0   0   0   0   0   0   0   0   0   0   0   0   0   0   0   0   0   0   0 
  0   0   0   0   0   0   0   0   0   0   0   0   0   0   0   0   0   0   0   0   0   0   0   0   0   0   0   0 
  0   0   0   0   0   0   0   0   0   0   0   0   0   0   0   0   0   0   0   0   0   0   0   0   0   0   0   0 
  0   0   0   0   0   0   3  61 121 180 254 254 254 254 255 254 254 254 254 255 123   0   0   0   0   0   0   0 
  0   0   0   0   0   0  48 253 253 217 142 128  63  63  63  63  63  63  63 147 120   0   0   0   0   0   0   0 
  0   0   0   0   0   0  24 237 188   0   0   0   0   0   0   0   0   0   0   0   0   0   0   0   0   0   0   0 
  0   0   0   0   0   0   0 202 243   0   0   0   0   0   0   0   0   0   0   0   0   0   0   0   0   0   0   0 
  0   0   0   0   0   0   0  94 253  50   0   0   0   0   0   0   0   0   0   0   0   0   0   0   0   0   0   0 
  0   0   0   0   0   0   0   0 239 164   0   0   0   0   0   0   0   0   0   0   0   0   0   0   0   0   0   0 
  0   0   0   0   0   0   0   0 143 238   0   0   0   0   0   0   0   0   0   0   0   0   0   0   0   0   0   0 
  0   0   0   0   0   0   0   0  40 251  52   0   0   0   0   0   0   0   0   0   0   0   0   0   0   0   0   0 
  0   0   0   0   0   0   0   0   0 254 108   0   0   0   0  28  64  28   0   0   0   0   0   0   0   0   0   0 
  0   0   0   0   0   0   0   0   0 204 216  15 125 208 239 244 253 244 138  25   0   0   0   0   0   0   0   0 
  0   0   0   0   0   0   0   0   0  96 254 254 250 213 129  80 120 178 248 195  24   0   0   0   0   0   0   0 
  0   0   0   0   0   0   0   0   0  36 253 187  57   0   0   0   0   0 115 254 132   0   0   0   0   0   0   0 
  0   0   0   0   0   0   0   0   0   3  47   9   0   0   0   0   0   0   0 189 221   0   0   0   0   0   0   0 
  0   0   0   0   0   0   0   0   0   0   0   0   0   0   0   0   0   0   0 174 221   0   0   0   0   0   0   0 
  0   0   0   0   0   0   0   0   0   0   0   0   0   0   0   0   0   0   0 224 146   0   0   0   0   0   0   0 
  0   0   0   0   0   0   0   0   0   0   0   0   0   0   0   0   0   0  85 255  63   0   0   0   0   0   0   0 
  0   0   0   0   0   0   0   0   0   0   0  10   0   0   0   0   0  18 220 197  16   0   0   0   0   0   0   0 
  0   0   0   0   0   0   0   0   0   0  26 206  16   0   0   0  39 198 223  40   0   0   0   0   0   0   0   0 
  0   0   0   0   0   0   0   0   0   0  24 241 181 119  64 124 223 253  75   0   0   0   0   0   0   0   0   0 
  0   0   0   0   0   0   0   0   0   0   0  68 218 253 254 253 213  60   1   0   0   0   0   0   0   0   0   0 
  0   0   0   0   0   0   0   0   0   0   0   0   0   0   0   0   0   0   0   0   0   0   0   0   0   0   0   0 
  0   0   0   0   0   0   0   0   0   0   0   0   0   0   0   0   0   0   0   0   0   0   0   0   0   0   0   0 
  0   0   0   0   0   0   0   0   0   0   0   0   0   0   0   0   0   0   0   0   0   0   0   0   0   0   0   0 

Prediction: 5

  0   0   0   0   0   0   0   0   0   0   0   0   0   0   0   0   0   0   0   0   0   0   0   0   0   0   0   0 
  0   0   0   0   0   0   0   0   0   0   0   0   0   0   0   0   0   0   0   0   0   0   0   0   0   0   0   0 
  0   0   0   0   0   0   0   0   0   0   0   0   0   0   0   0   0   0   0   0   0   0   0   0   0   0   0   0 
  0   0   0   0   0   0   0   0   0   0   0  36 234 191 130  22   0   0   0   0   0   0   0   0   0   0   0   0 
  0   0   0   0   0   0   0   0   0   0   0 146 254 254 254 250 186  43   0   0   0   0   0   0   0   0   0   0 
  0   0   0   0   0   0   0   0   0   0   0 141 245 122 130 233 254 245 119   0   0   0   0   0   0   0   0   0 
  0   0   0   0   0   0   0   0   0   0   0   5  28   0   0  12 135 252 223  70   0   0   0   0   0   0   0   0 
  0   0   0   0   0   0   0   0   0   0   0   0   0   0   0   0   0 130 254 179   6   0   0   0   0   0   0   0 
  0   0   0   0   0   0   0   0   0   0   0   0   0   0   0   0   0  11 187 254  57   0   0   0   0   0   0   0 
  0   0   0   0   0   0   0   0   0   0   0   0   0   0   0   0   0   0  91 254 118   0   0   0   0   0   0   0 
  0   0   0   0   0   0   0   0   0   0   0   0   0   0   0   0   0   0  11 235 237  11   0   0   0   0   0   0 
  0   0   0   0   0   0   0   0   0   0   0   0   0   0   0   0   0   0   8 222 254  62   0   0   0   0   0   0 
  0   0   0   0   0   0   0   0   0   0   0   0   0   0   0   0   0   0  38 248 254  15   0   0   0   0   0   0 
  0   0   0   0   0   0   0   0   0  11 108 203 198 161  30  94  19   0 130 254 162   0   0   0   0   0   0   0 
  0   0   0   0   0   0   0   0  22 183 254 254 254 254 254 254 244 153 252 247  48   0   0   0   0   0   0   0 
  0   0   0   0   0   0   0   0 114 254 254 209 184 220 233 254 254 254 254 170   0   0   0   0   0   0   0   0 
  0   0   0   0   0   0   0   0 198 251 154  31   0   4   5  15 120 254 254 251  89   0   0   0   0   0   0   0 
  0   0   0   0   0   0   0  53 252 203   0   0   0   0   0  11 206 254 164 191 220  47   0   0   0   0   0   0 
  0   0   0   0   0   0   0  70 254 138   0   0   0   0   0 150 254 157   2  30 195 136  17   0   0   0   0   0 
  0   0   0   0   0   0   0  70 254 138   0   0   0   4 148 255 222  11   0   0   4  60  25   0   0   0   0   0 
  0   0   0   0   0   0   0  19 239 187  43  81 118 220 254 245  52   0   0   0   0   0   0   0   0   0   0   0 
  0   0   0   0   0   0   0   0 130 254 254 254 254 254 237  66   0   0   0   0   0   0   0   0   0   0   0   0 
  0   0   0   0   0   0   0   0   9 117 242 254 197 137  23   0   0   0   0   0   0   0   0   0   0   0   0   0 
  0   0   0   0   0   0   0   0   0   0   0   0   0   0   0   0   0   0   0   0   0   0   0   0   0   0   0   0 
  0   0   0   0   0   0   0   0   0   0   0   0   0   0   0   0   0   0   0   0   0   0   0   0   0   0   0   0 
  0   0   0   0   0   0   0   0   0   0   0   0   0   0   0   0   0   0   0   0   0   0   0   0   0   0   0   0 
  0   0   0   0   0   0   0   0   0   0   0   0   0   0   0   0   0   0   0   0   0   0   0   0   0   0   0   0 
  0   0   0   0   0   0   0   0   0   0   0   0   0   0   0   0   0   0   0   0   0   0   0   0   0   0   0   0 

Prediction: 2

  0   0   0   0   0   0   0   0   0   0   0   0   0   0   0   0   0   0   0   0   0   0   0   0   0   0   0   0 
  0   0   0   0   0   0   0   0   0   0   0   0   0   0   0   0   0   0   0   0   0   0   0   0   0   0   0   0 
  0   0   0   0   0   0   0   0   0   0   0   0   0   0   0   0   0   0   0   0   0   0   0   0   0   0   0   0 
  0   0   0   0   0   0   0   0   0   0   0   0   0   0   0   0   0   0   0   0   0   0   0   0   0   0   0   0 
  0   0   0   0   0   0   0   0   0   0   0   0   0   0   0   0   0   0   0   0   0   0   0   0   0   0   0   0 
  0   0   0   0   0   0   0   0   0   0   0   0   0   0   0   0   0   0   0   0   0   0   0   0   0   0   0   0 
  0   0   0   0   0   0   0   0   0   0   0   0   0   0   0   0   0   0   0   0   0   0   0   0   0   0   0   0 
  0   0   0   0   0   0   0   0   0   0   0   0   0  43 194 255 254 209   0   0   0   0   0   0   0   0   0   0 
  0   0   0   0   0   0   0   0   0   0   0  13  94 225 225 156 210 245  13   0   0   0   0   0   0   0   0   0 
  0   0   0   0   0   0   0   0   0   0   0 158 253 189  15   0   9 209 215 180  19   0   0   0   0   0   0   0 
  0   0   0   0   0   0   0   0   0   0  41 228 187  13   0   0   0 197 253 253  47   0   0   0   0   0   0   0 
  0   0   0   0   0   0   0   0   0   0 165 253  86   0   0   0 105 249 239  67   4   0   0   0   0   0   0   0 
  0   0   0   0   0   0   0   0   0  39 244 141   2   0   7 103 248 241  64   0   0   0   0   0   0   0   0   0 
  0   0   0   0   0   0   0   0   0  48 253  75   0  73 182 254 240  65   0   0   0   0   0   0   0   0   0   0 
  0   0   0   0   0   0   0   0   0  37 242 247 244 251 253 254 138   0   0   0   0   0   0   0   0   0   0   0 
  0   0   0   0   0   0   0   0   0   0 107 130  75  40 204 197   4   0   0   0   0   0   0   0   0   0   0   0 
  0   0   0   0   0   0   0   0   0   0   0   0   0  99 253  84   0   0   0   0   0   0   0   0   0   0   0   0 
  0   0   0   0   0   0   0   0   0   0   0   0   0 147 159   0   0   0   0   0   0   0   0   0   0   0   0   0 
  0   0   0   0   0   0   0   0   0   0   0   0  30 235 159   0   0   0   0   0   0   0   0   0   0   0   0   0 
  0   0   0   0   0   0   0   0   0   0   0   0 129 252  84   0   0   0   0   0   0   0   0   0   0   0   0   0 
  0   0   0   0   0   0   0   0   0   0   0   0 150 224   0   0   0   0   0   0   0   0   0   0   0   0   0   0 
  0   0   0   0   0   0   0   0   0   0   0   0 203 137   0   0   0   0   0   0   0   0   0   0   0   0   0   0 
  0   0   0   0   0   0   0   0   0   0   0  38 248 130   0   0   0   0   0   0   0   0   0   0   0   0   0   0 
  0   0   0   0   0   0   0   0   0   0   0  85 253 130   0   0   0   0   0   0   0   0   0   0   0   0   0   0 
  0   0   0   0   0   0   0   0   0   0   0  35 248 130   0   0   0   0   0   0   0   0   0   0   0   0   0   0 
  0   0   0   0   0   0   0   0   0   0   0   0 244 130   0   0   0   0   0   0   0   0   0   0   0   0   0   0 
  0   0   0   0   0   0   0   0   0   0   0   0 174 200   0   0   0   0   0   0   0   0   0   0   0   0   0   0 
  0   0   0   0   0   0   0   0   0   0   0   0   0   0   0   0   0   0   0   0   0   0   0   0   0   0   0   0 

Prediction: 9

  0   0   0   0   0   0   0   0   0   0   0   0   0   0   0   0   0   0   0   0   0   0   0   0   0   0   0   0 
  0   0   0   0   0   0   0   0   0   0   0   0   0   0   0   0   0   0   0   0   0   0   0   0   0   0   0   0 
  0   0   0   0   0   0   0   0   0   0   0   0   0   0   0   0   0   0   0   0   0   0   0   0   0   0   0   0 
  0   0   0   0   0   0   0   0   0   0   0   0   0   0   0   0   0   0   0   0   0   0   0   0   0   0   0   0 
  0   0   0   0   0   0   0   0   0   0   0  51 153 254 254 254 229  65   0   0   0   0   0   0   0   0   0   0 
  0   0   0   0   0   0   0   0   0  93 180 247 254 210 198 182 254 249  59   0   0   0   0   0   0   0   0   0 
  0   0   0   0   0   0   0   9 108 249 251 196  80   4   0   0  97 251 215   7   0   0   0   0   0   0   0   0 
  0   0   0   0   0   0   9 184 254 253 128   0   0   0   0   0   0 230 253  69   0   0   0   0   0   0   0   0 
  0   0   0   0   0  13 187 254 236  84   0   0   0   0   0   0   0  81 254 220   0   0   0   0   0   0   0   0 
  0   0   0   0   0 114 253 236  50   0   0   0   0   0   0   0   0   5 211 253  85   0   0   0   0   0   0   0 
  0   0   0   0   0   9 122  54   0   0   0   0   0   0   0   0   0   0 124 253 168   0   0   0   0   0   0   0 
  0   0   0   0   0   0   0   0   0   0   0   0   0   0   0   0   0   0  24 253 235  17   0   0   0   0   0   0 
  0   0   0   0   0   0   0   0   0   0   0   0   0   0   0   0   0   0   0 185 254  48   0   0   0   0   0   0 
  0   0   0   0   0   0   0   0   0  43  47  47  47  47   9   0   0   0   0 184 254 115   0   0   0   0   0   0 
  0   0   0   0   0   0   0   0 174 249 253 253 254 253 215 140  57   3   0 184 254 115   0   0   0   0   0   0 
  0   0   0   0   0   0   0 102 254 253 210 160 161 160 202 253 254 140  17 151 254 115   0   0   0   0   0   0 
  0   0   0   0   0   0   0 185 254 148   0   0   0   0   0 102 254 254 245 229 254 115   0   0   0   0   0   0 
  0   0   0   0   0   0   5 197 254  31   0   0   0   0   0   0  48 165 244 253 254 115   0   0   0   0   0   0 
  0   0   0   0   0   0  21 246 203   6   0   0   0   0   0   0   0   0 157 253 254 160   5   0   0   0   0   0 
  0   0   0   0   0   0   0 184 254  56   0   0   0   0   0   0   0   0  91 253 254 253 113   0   0   0   0   0 
  0   0   0   0   0   0   0  34 255 203  55   0   0   0   0   0   0  13 221 254 229 254 113   0   0   0   0   0 
  0   0   0   0   0   0   0   0 140 249 200 105  47   5   0  17  72 193 253 185  15  23   4   0   0   0   0   0 
  0   0   0   0   0   0   0   0   0 109 249 253 254 211 207 224 254 253 192  38   0   0   0   0   0   0   0   0 
  0   0   0   0   0   0   0   0   0   0  99 194 254 253 253 253 195 111  13   0   0   0   0   0   0   0   0   0 
  0   0   0   0   0   0   0   0   0   0   0   0   0   0   0   0   0   0   0   0   0   0   0   0   0   0   0   0 
  0   0   0   0   0   0   0   0   0   0   0   0   0   0   0   0   0   0   0   0   0   0   0   0   0   0   0   0 
  0   0   0   0   0   0   0   0   0   0   0   0   0   0   0   0   0   0   0   0   0   0   0   0   0   0   0   0 
  0   0   0   0   0   0   0   0   0   0   0   0   0   0   0   0   0   0   0   0   0   0   0   0   0   0   0   0 

Prediction: 2

  0   0   0   0   0   0   0   0   0   0   0   0   0   0   0   0   0   0   0   0   0   0   0   0   0   0   0   0 
  0   0   0   0   0   0   0   0   0   0   0   0   0   0   0   0   0   0   0   0   0   0   0   0   0   0   0   0 
  0   0   0   0   0   0   0   0   0   0   0   0   0   0   0   0   0   0   0   0   0   0   0   0   0   0   0   0 
  0   0   0   0   0   0   0   0   0   0   0   0   0   0   0   0   0   0   0   0   0   0   0   0   0   0   0   0 
  0   0   0   0   0   0   0   0   0   0   0   0   0   0   0   0   0   0   0   0   0   0   0   0   0   0   0   0 
  0   0   0   0   0   0   0   0   0   0   0   0   0   0   0   0   0   0   0   0   0   0   0   0   0   0   0   0 
  0   0   0   0   0   0   0   0   0   0   0   0   2  13  53  97  97  97 141 180 105  97  18   9   0   0   0   0 
  0   0   0   0   0   0   0   0   0   0   0   0  35 254 254 254 254 254 245 238 238 242 254 234 158  63   0   0 
  0   0   0   0   0   0   0   0   0   0   0  18 171 252 194 136  67  67  31   0   0  18  67  67 121 107   0   0 
  0   0   0   0   0   0   0   0   0   0   9 199 252 172   0   0   0   0   0   0   0   0   0   0   0   0   0   0 
  0   0   0   0   0   0   0   0   0   2 130 254 178   0   0   0   0   0   0   0   0   0   0   0   0   0   0   0 
  0   0   0   0   0   0   0   0   2  76 254 213  13   0   0   0   0   0   0   0   0   0   0   0   0   0   0   0 
  0   0   0   0   0   0   0   0  66 254 232  33   0   0   0   0   0   0   0   0   0   0   0   0   0   0   0   0 
  0   0   0   0   0   0   0   7 241 254 201 134 209 209 209 209 209 165 108  19   0   0   0   0   0   0   0   0 
  0   0   0   0   0   0   0   5 216 254 254 254 249 208 208 208 208 208 249 232 118   4   0   0   0   0   0   0 
  0   0   0   0   0   0   0   0  31  88  37  37  33   0   0   0   0   0  51 212 234  14   0   0   0   0   0   0 
  0   0   0   0   0   0   0   0   0   0   0   0   0   0   0   0   0   0   0 198 254  48   0   0   0   0   0   0 
  0   0   0   0   0   0   0   0   0   0   0   0   0   0   0   0   0   0  68 251 199   3   0   0   0   0   0   0 
  0   0   0   0   0   0   0   0  24  39  26  63 101 146 159 206  74 151 243 221  54   0   0   0   0   0   0   0 
  0   0   0   0   0   0 208 234 242 247 243 254 254 254 254 251 245 254 240  62   0   0   0   0   0   0   0   0 
  0   0   0   0   0   0 129 209 254 254 254 254 254 254 244 183 168  84  13   0   0   0   0   0   0   0   0   0 
  0   0   0   0   0   0   0   5  12  45  96  96  96  30  11   0   0   0   0   0   0   0   0   0   0   0   0   0 
  0   0   0   0   0   0   0   0   0   0   0   0   0   0   0   0   0   0   0   0   0   0   0   0   0   0   0   0 
  0   0   0   0   0   0   0   0   0   0   0   0   0   0   0   0   0   0   0   0   0   0   0   0   0   0   0   0 
  0   0   0   0   0   0   0   0   0   0   0   0   0   0   0   0   0   0   0   0   0   0   0   0   0   0   0   0 
  0   0   0   0   0   0   0   0   0   0   0   0   0   0   0   0   0   0   0   0   0   0   0   0   0   0   0   0 
  0   0   0   0   0   0   0   0   0   0   0   0   0   0   0   0   0   0   0   0   0   0   0   0   0   0   0   0 
  0   0   0   0   0   0   0   0   0   0   0   0   0   0   0   0   0   0   0   0   0   0   0   0   0   0   0   0 

Prediction: 5

  0   0   0   0   0   0   0   0   0   0   0   0   0   0   0   0   0   0   0   0   0   0   0   0   0   0   0   0 
  0   0   0   0   0   0   0   0   0   0   0   0   0   0   0   0   0   0   0   0   0   0   0   0   0   0   0   0 
  0   0   0   0   0   0   0   0   0   0   0   0   0   0   0   0   0   0   0   0   0   0   0   0   0   0   0   0 
  0   0   0   0   0   0   0   0   0   0   0   0   0   0   0   0   0   0   0   0   0   0   0   0   0   0   0   0 
  0   0   0   0   0   0   0   0   0   0   0   0   0   0   0   0   0   0   0   0   0   0   0   0   0   0   0   0 
  0   0   0   0   0   0   0   0   0   0   0   0   0   0   0   0   0   0   0   0   0   0   0   0   0   0   0   0 
  0   0   0   0   0   0   0   0   0   0   0   0   0   0   0   0   5 201 252  86   0   0   0   0   0   0   0   0 
  0   0   0   0   0   0   0   0   0  38 114   4   0   0   0   0  34 254 173   0   0   0   0   0   0   0   0   0 
  0   0   0   0   0   0   0   0   0 178 254  65   0   0   0   0 136 254 151   0   0   0   0   0   0   0   0   0 
  0   0   0   0   0   0   0   0  58 248 254  83   0   0   0   0 219 252  68   0   0   0   0   0   0   0   0   0 
  0   0   0   0   0   0   0   0 141 254 254  27   0   0   0   0 226 204   0   0   0   0   0   0   0   0   0   0 
  0   0   0   0   0   0   0   0 171 254 254  37   0   0   0  25 242 218  14  17   0   0   0   0   0   0   0   0 
  0   0   0   0   0   0   0   0 127 254 254 152  74  18   0  73 249 245 202 197   0   0   0   0   0   0   0   0 
  0   0   0   0   0   0   0   0 195 197 227 254 254 247 224 249 254 254 223  59   0   0   0   0   0   0   0   0 
  0   0   0   0   0   0   0   0 125  58  40 182 243 254 254 254 254 147  10   0   0   0   0   0   0   0   0   0 
  0   0   0   0   0   0   0   0   0   0   0   1   3  24  27 254 247  18   0   0   0   0   0   0   0   0   0   0 
  0   0   0   0   0   0   0   0   0   0   0   0   0   0  66 254 222   0   0   0   0   0   0   0   0   0   0   0 
  0   0   0   0   0   0   0   0   0   0   0   0   0   0 128 254 120   0   0   0   0   0   0   0   0   0   0   0 
  0   0   0   0   0   0   0   0   0   0   0   0   0   0 171 254 101   0   0   0   0   0   0   0   0   0   0   0 
  0   0   0   0   0   0   0   0   0   0   0   0   0   8 226 254  66   0   0   0   0   0   0   0   0   0   0   0 
  0   0   0   0   0   0   0   0   0   0   0   0   0  37 254 239  19   0   0   0   0   0   0   0   0   0   0   0 
  0   0   0   0   0   0   0   0   0   0   0   0   0  73 254 154   0   0   0   0   0   0   0   0   0   0   0   0 
  0   0   0   0   0   0   0   0   0   0   0   0   0 135 254  92   0   0   0   0   0   0   0   0   0   0   0   0 
  0   0   0   0   0   0   0   0   0   0   0   0   0 218 255  68   0   0   0   0   0   0   0   0   0   0   0   0 
  0   0   0   0   0   0   0   0   0   0   0   0   0 252 254  98   0   0   0   0   0   0   0   0   0   0   0   0 
  0   0   0   0   0   0   0   0   0   0   0   0   0 191 254 120   0   0   0   0   0   0   0   0   0   0   0   0 
  0   0   0   0   0   0   0   0   0   0   0   0   0   0   0   0   0   0   0   0   0   0   0   0   0   0   0   0 
  0   0   0   0   0   0   0   0   0   0   0   0   0   0   0   0   0   0   0   0   0   0   0   0   0   0   0   0 

Prediction: 4

  0   0   0   0   0   0   0   0   0   0   0   0   0   0   0   0   0   0   0   0   0   0   0   0   0   0   0   0 
  0   0   0   0   0   0   0   0   0   0   0   0   0   0   0   0   0   0   0   0   0   0   0   0   0   0   0   0 
  0   0   0   0   0   0   0   0   0   0   0   0   0   0   0   0   0   0   0   0   0   0   0   0   0   0   0   0 
  0   0   0   0   0   0   0   0   0   0   0   0   0   0   0   0   0   0   0   0   0   0   0   0   0   0   0   0 
  0   0   0   0   0   0   0   0   0   0   0   0   0   0   0   0   0   0   0   0   0   0   0   0   0   0   0   0 
  0   0   0   0   0   0   0   0   0   0   0   0   0   0   0  28 110 254 254 255 254  46   0   0   0   0   0   0 
  0   0   0   0   0   0   0   0   0   0   0   0   0  47 200 215 253 253 253 253 253 210  79   0   0   0   0   0 
  0   0   0   0   0   0   0   0   0   0   0   0  45 221 253 253 253 253 128 112 253 222  42   0   0   0   0   0 
  0   0   0   0   0   0   0   0   0   0  68  93 235 253 253 171 160  91   1   1 112  49   0   0   0   0   0   0 
  0   0   0   0   0   0   0   0   0  13 195 253 253 212  61   7   0   0   0  30 218 170  16   0   0   0   0   0 
  0   0   0   0   0   0   0   0   0  85 236 115 115  35   0   0   0   0   0 162 253 253  99   0   0   0   0   0 
  0   0   0   0   0   0   0  13  85 141 170   0   0   0   0   0   0   0 111 248 253 253  99   0   0   0   0   0 
  0   0   0   0   0   0  12  65 253 253  68   0   0   0   0   0   2 102 243 253 253 253  99   0   0   0   0   0 
  0   0   0   0   0  77 176 253 253 253  68   0   0   0   0   0  96 253 253 253 253 225  48   0   0   0   0   0 
  0   0   0   0  43 244 253 253 211 125   6   0   0   0   0 111 246 253 253 253 253 199   0   0   0   0   0   0 
  0   0   0  10 159 253 244 230 104   0   0  13  10 131 177 244 252 159 120 253 253  91   0   0   0   0   0   0 
  0   0   0 101 253 253 205  30   0  42 124 190 174 253 193 129 122   0  62 253 253  45   0   0   0   0   0   0 
  0   0   0 101 253 253 253 231 224 233 253 253 185  30  16   0   0   0  62 253 253  45   0   0   0   0   0   0 
  0   0   0  34 208 253 253 253 253 253 242 237  72   0   0   0   0   0  72 253 253  45   0   0   0   0   0   0 
  0   0   0   0  26 204 253 253 189 247  68   0   0   0   0   0   0  54 233 249 137  25   0   0   0   0   0   0 
  0   0   0   0   0  22  38  38  17  36  10   0   0   0   0   0   0 116 253 245   0   0   0   0   0   0   0   0 
  0   0   0   0   0   0   0   0   0   0   0   0   0   0   0   0   1 121 253 146   0   0   0   0   0   0   0   0 
  0   0   0   0   0   0   0   0   0   0   0   0   0   0   0   0  16 253 227  53   0   0   0   0   0   0   0   0 
  0   0   0   0   0   0   0   0   0   0   0   0   0   0   0   0  16 253 229  56   0   0   0   0   0   0   0   0 
  0   0   0   0   0   0   0   0   0   0   0   0   0   0   0   0   7 169 191   0   0   0   0   0   0   0   0   0 
  0   0   0   0   0   0   0   0   0   0   0   0   0   0   0   0   0   0   0   0   0   0   0   0   0   0   0   0 
  0   0   0   0   0   0   0   0   0   0   0   0   0   0   0   0   0   0   0   0   0   0   0   0   0   0   0   0 
  0   0   0   0   0   0   0   0   0   0   0   0   0   0   0   0   0   0   0   0   0   0   0   0   0   0   0   0 

Prediction: 9

  0   0   0   0   0   0   0   0   0   0   0   0   0   0   0   0   0   0   0   0   0   0   0   0   0   0   0   0 
  0   0   0   0   0   0   0   0   0   0   0   0   0   0   0   0   0   0   0   0   0   0   0   0   0   0   0   0 
  0   0   0   0   0   0   0   0   0   0   0   0   0   0   0   0   0   0   0   0   0   0   0   0   0   0   0   0 
  0   0   0   0   0   0   0   0   0   0   0   0   0   0   0   0   0   0   0   0   0   0   0   0   0   0   0   0 
  0   0   0   0   0   0   0   0   0   0   0   0   0   2 101 201 255 214  41   0   0   0   0   0   0   0   0   0 
  0   0   0   0   0   0   0   0   0   0   0   0  32 181 253 253 254 253 128   0   0   0   0   0   0   0   0   0 
  0   0   0   0   0   0   0   0   0   0   0  99 233 253 242 194 109 253 212   0   0   0   0   0   0   0   0   0 
  0   0   0   0   0   0   0   0   0  70 194 254 242 226  14   0  30 253 238   0   0   0   0   0   0   0   0   0 
  0   0   0   0   0   0   0   0   0 141 253 254 106  18   0   0  75 253 216   0   0   0   0   0   0   0   0   0 
  0   0   0   0   0   0   0   0   0  14  75  75  80   0   0   0 106 254 133   0   0   0   0   0   0   0   0   0 
  0   0   0   0   0   0   0   0   0   0   0   0   0   0   0   0 166 253  89   0   0   0   0   0   0   0   0   0 
  0   0   0   0   0   0   0   0   0   0   0   0   0   0   0  27 250 253  19   0   0   0   0   0   0   0   0   0 
  0   0   0   0   0   0   0   0   0   0   0   0   0   0   0  89 254 225   8   0   0   0   0   0   0   0   0   0 
  0   0   0   0   0   0   0   0   0   0   0   0   0   0   0 171 254 128   0   0   0   0   0   0   0   0   0   0 
  0   0   0   0   0   0   0   0   0   0   0   0   0   0  32 245 255  89   0   0   0   0   0   0   0   0   0   0 
  0   0   0   0   0   0   0   0   0   0   0   0   0   0  63 253 238  21   0   0   0   0   0   0   0   0   0   0 
  0   0   0   0   0   0   0   0   0   0   0   0  13  86 189 253 212  73   6   0   0   0   0   0   0   0   0   0 
  0   0   0   0   0   0   0   0   0   0  49 150 243 253 253 253 254 253 215 124  19   0   0   0   0   0   0   0 
  0   0   0   0   0   0   0   0   0  71 232 254 231 253 253 187 135 218 253 253 236 111  45   0   0   0   0   0 
  0   0   0   0   0   0   0   0   7 219 223  67 100 254 213   9   0   0  49 145 250 255 194   0   0   0   0   0 
  0   0   0   0   0   0   0   0  15 253 117  16 232 249  81   0   0   0   0   0  62 120  69   0   0   0   0   0 
  0   0   0   0   0   0   0   0   6 215 178 175 253 207   0   0   0   0   0   0   0   0   0   0   0   0   0   0 
  0   0   0   0   0   0   0   0   0 159 253 254 242  30   0   0   0   0   0   0   0   0   0   0   0   0   0   0 
  0   0   0   0   0   0   0   0   0  50 214 223  71   0   0   0   0   0   0   0   0   0   0   0   0   0   0   0 
  0   0   0   0   0   0   0   0   0   0   0   0   0   0   0   0   0   0   0   0   0   0   0   0   0   0   0   0 
  0   0   0   0   0   0   0   0   0   0   0   0   0   0   0   0   0   0   0   0   0   0   0   0   0   0   0   0 
  0   0   0   0   0   0   0   0   0   0   0   0   0   0   0   0   0   0   0   0   0   0   0   0   0   0   0   0 
  0   0   0   0   0   0   0   0   0   0   0   0   0   0   0   0   0   0   0   0   0   0   0   0   0   0   0   0 

Prediction: 2

  0   0   0   0   0   0   0   0   0   0   0   0   0   0   0   0   0   0   0   0   0   0   0   0   0   0   0   0 
  0   0   0   0   0   0   0   0   0   0   0   0   0   0   0   0   0   0   0   0   0   0   0   0   0   0   0   0 
  0   0   0   0   0   0   0   0   0   0   0   0   0   0   0   0   0   0   0   0   0   0   0   0   0   0   0   0 
  0   0   0   0   0   0   0   0   0   0   0   0   0   0   0   0   0   0   0   0   0   0   0   0   0   0   0   0 
  0   0   0   0   0   0   0   0   0   0   0   0   0   0   0   0   0   0   0   0   0   0   0   0   0   0   0   0 
  0   0   0   0   0   0   0   0   0   4  13 117 184 253 255 242 116  13  99 167 213 132  76   0   0   0   0   0 
  0   0   0   0   0   0   0   0  47 175 252 252 252 252 253 252 252 252 252 252 252 252 206  18   0   0   0   0 
  0   0   0   0   0   0   6 118 225 252 252 252 219 158  96 168 252 252 243 158 245 252 252 131   0   0   0   0 
  0   0   0   0   0   5  78 252 252 252 213 101   8   0   0  25 252 252 169  14 214 252 252  51   0   0   0   0 
  0   0   0   0   0 111 252 252 238 157  14   0   0   0   0   7 184 252  72 102 252 252 174   4   0   0   0   0 
  0   0   0   0  10 227 252 252 100   0   0   0   0   0   0   0  55 214  69 210 252 252 110   0   0   0   0   0 
  0   0   0   0  53 252 252 172  14   0   0   0   0   0   0   0   0  39 182 252 252 133   5   0   0   0   0   0 
  0   0   0   0  29 252 252 205  28   0   0   0   0   0   0   0  14 184 252 252 252  36   0   0   0   0   0   0 
  0   0   0   0   7 206 252 252 149 109  21   0   0   0   0  11 129 252 252 221  46   4   0   0   0   0   0   0 
  0   0   0   0   0  18 149 252 252 252 243 241 131 121   6 191 252 252 252 123   0   0   0   0   0   0   0   0 
  0   0   0   0   0   0   0  81 207 241 251 253 253 253 255 253 253 222  35   0   0   0   0   0   0   0   0   0 
  0   0   0   0   0   0   0   0   0   0  88 153 250 252 253 252 252 157   7   0   0   0   0   0   0   0   0   0 
  0   0   0   0   0   0   0   0   0   0  13 140 243 252 253 252 252 252  98   9   0   0   0   0   0   0   0   0 
  0   0   0   0   0   0   0   0   0  14 174 252 252 229  84 152 234 252 252 140   0   0   0   0   0   0   0   0 
  0   0   0   0   0   0   0   0  15 173 252 252 145  38   0   0  71 252 252 197  12   0   0   0   0   0   0   0 
  0   0   0   0   0   0   0   0 152 252 252  87   6   0   0   0  19 212 252 231  34   0   0   0   0   0   0   0 
  0   0   0   0   0   0   0   0 181 252 252  36   0   0   0  49 109 252 252 180   0   0   0   0   0   0   0   0 
  0   0   0   0   0   0   0   0 135 252 252 222 217 217 218 237 252 252 252 133   0   0   0   0   0   0   0   0 
  0   0   0   0   0   0   0   0   6 116 232 252 252 252 253 252 252 252 145   6   0   0   0   0   0   0   0   0 
  0   0   0   0   0   0   0   0   0   0   9 115 131 189 132 131 115  11   4   0   0   0   0   0   0   0   0   0 
  0   0   0   0   0   0   0   0   0   0   0   0   0   0   0   0   0   0   0   0   0   0   0   0   0   0   0   0 
  0   0   0   0   0   0   0   0   0   0   0   0   0   0   0   0   0   0   0   0   0   0   0   0   0   0   0   0 
  0   0   0   0   0   0   0   0   0   0   0   0   0   0   0   0   0   0   0   0   0   0   0   0   0   0   0   0 

Prediction: 8
