Single thread, slices, all training data shuffled.
lr = 0.010000, nn = (128, 128, 10)
---------------------
Training...
Epoch: 1 	10000/60000	Elapsed time: 25.894559173s 	Avg loss: 0.030201 	 accuracy: 0.778200	
Epoch: 1 	20000/60000	Elapsed time: 25.853747372s 	Avg loss: 0.015505 	 accuracy: 0.895000	
Epoch: 1 	30000/60000	Elapsed time: 25.809210963s 	Avg loss: 0.012725 	 accuracy: 0.914600	
Epoch: 1 	40000/60000	Elapsed time: 25.930777799s 	Avg loss: 0.010887 	 accuracy: 0.927500	
Epoch: 1 	50000/60000	Elapsed time: 25.798460633s 	Avg loss: 0.010126 	 accuracy: 0.933500	
Epoch: 1 	60000/60000	Elapsed time: 25.825615629s 	Avg loss: 0.008912 	 accuracy: 0.940100	
Epoch elapsed time: 2m35.112563704s
---------------------
Running validation...
Epoch: 1 	10000/10000	Elapsed time: 13.497260456s 	Avg loss: 0.007751 	 accuracy: 0.948600	
---------------------
Training...
Epoch: 2 	10000/60000	Elapsed time: 25.821505442s 	Avg loss: 0.007577 	 accuracy: 0.948900	
Epoch: 2 	20000/60000	Elapsed time: 25.851237677s 	Avg loss: 0.007293 	 accuracy: 0.952000	
Epoch: 2 	30000/60000	Elapsed time: 25.801271585s 	Avg loss: 0.007055 	 accuracy: 0.952200	
Epoch: 2 	40000/60000	Elapsed time: 25.780079999s 	Avg loss: 0.007652 	 accuracy: 0.949000	
Epoch: 2 	50000/60000	Elapsed time: 25.795178616s 	Avg loss: 0.007468 	 accuracy: 0.950800	
Epoch: 2 	60000/60000	Elapsed time: 25.856337756s 	Avg loss: 0.006812 	 accuracy: 0.956500	
Epoch elapsed time: 2m34.90579422s
---------------------
Running validation...
Epoch: 2 	10000/10000	Elapsed time: 13.334452759s 	Avg loss: 0.007145 	 accuracy: 0.952200	
---------------------
Training...
Epoch: 3 	10000/60000	Elapsed time: 25.825338876s 	Avg loss: 0.006073 	 accuracy: 0.958800	
Epoch: 3 	20000/60000	Elapsed time: 25.834558148s 	Avg loss: 0.006127 	 accuracy: 0.958800	
Epoch: 3 	30000/60000	Elapsed time: 25.823811463s 	Avg loss: 0.006114 	 accuracy: 0.960100	
Epoch: 3 	40000/60000	Elapsed time: 25.844226282s 	Avg loss: 0.005530 	 accuracy: 0.962400	
Epoch: 3 	50000/60000	Elapsed time: 25.775750562s 	Avg loss: 0.005563 	 accuracy: 0.963200	
Epoch: 3 	60000/60000	Elapsed time: 25.753038521s 	Avg loss: 0.005747 	 accuracy: 0.961500	
Epoch elapsed time: 2m34.856962044s
---------------------
Running validation...
Epoch: 3 	10000/10000	Elapsed time: 13.383184108s 	Avg loss: 0.005894 	 accuracy: 0.961800	
---------------------
Training...
Epoch: 4 	10000/60000	Elapsed time: 25.813637581s 	Avg loss: 0.004536 	 accuracy: 0.970100	
Epoch: 4 	20000/60000	Elapsed time: 25.775434066s 	Avg loss: 0.004879 	 accuracy: 0.967400	
Epoch: 4 	30000/60000	Elapsed time: 25.940756655s 	Avg loss: 0.004827 	 accuracy: 0.967800	
Epoch: 4 	40000/60000	Elapsed time: 25.717974583s 	Avg loss: 0.004722 	 accuracy: 0.969100	
Epoch: 4 	50000/60000	Elapsed time: 25.789595428s 	Avg loss: 0.005405 	 accuracy: 0.964100	
Epoch: 4 	60000/60000	Elapsed time: 25.762154185s 	Avg loss: 0.004800 	 accuracy: 0.968100	
Epoch elapsed time: 2m34.799756525s
---------------------
Running validation...
Epoch: 4 	10000/10000	Elapsed time: 13.414679187s 	Avg loss: 0.004824 	 accuracy: 0.967100	
---------------------
Training...
Epoch: 5 	10000/60000	Elapsed time: 25.73695257s 	Avg loss: 0.004091 	 accuracy: 0.972500	
Epoch: 5 	20000/60000	Elapsed time: 25.77095188s 	Avg loss: 0.004071 	 accuracy: 0.973700	
Epoch: 5 	30000/60000	Elapsed time: 25.820272719s 	Avg loss: 0.004326 	 accuracy: 0.971900	
Epoch: 5 	40000/60000	Elapsed time: 25.733052943s 	Avg loss: 0.004151 	 accuracy: 0.972200	
Epoch: 5 	50000/60000	Elapsed time: 25.639621117s 	Avg loss: 0.004176 	 accuracy: 0.971900	
Epoch: 5 	60000/60000	Elapsed time: 25.686339059s 	Avg loss: 0.004257 	 accuracy: 0.971000	
Epoch elapsed time: 2m34.387386945s
---------------------
Running validation...
Epoch: 5 	10000/10000	Elapsed time: 13.379731268s 	Avg loss: 0.004989 	 accuracy: 0.964800	
---------------------
Training...
Epoch: 6 	10000/60000	Elapsed time: 25.776108296s 	Avg loss: 0.003257 	 accuracy: 0.978900	
Epoch: 6 	20000/60000	Elapsed time: 25.773256383s 	Avg loss: 0.003421 	 accuracy: 0.977900	
Epoch: 6 	30000/60000	Elapsed time: 25.708992555s 	Avg loss: 0.003866 	 accuracy: 0.974000	
Epoch: 6 	40000/60000	Elapsed time: 25.655654555s 	Avg loss: 0.004103 	 accuracy: 0.973700	
Epoch: 6 	50000/60000	Elapsed time: 25.70027167s 	Avg loss: 0.003906 	 accuracy: 0.974700	
Epoch: 6 	60000/60000	Elapsed time: 25.786991278s 	Avg loss: 0.003621 	 accuracy: 0.975900	
Epoch elapsed time: 2m34.401476408s
---------------------
Running validation...
Epoch: 6 	10000/10000	Elapsed time: 13.384326034s 	Avg loss: 0.004809 	 accuracy: 0.969200	
Total training time: 16m50.110428924s 

  0   0   0   0   0   0   0   0   0   0   0   0   0   0   0   0   0   0   0   0   0   0   0   0   0   0   0   0 
  0   0   0   0   0   0   0   0   0   0   0   0   0   0   0   0   0   0   0   0   0   0   0   0   0   0   0   0 
  0   0   0   0   0   0   0   0   0   0   0   0   0   0   0   0   0   0   0   0   0   0   0   0   0   0   0   0 
  0   0   0   0   0   0   0   0   0   0   0   0   0   0   0   0   0   0   0   0   0   0   0   0   0   0   0   0 
  0   0   0   0   0   0   0   0   0   0   0   0   0   0   0   0   0   0   0   0   0   0   0   0   0   0   0   0 
  0   0   0   0   0   0   0   0   0   0   0   0   0   0   0   0   0   0   0   0   0   0   0   0   0   0   0   0 
  0   0   0   0   0   0   0   0   0   0   0   0  80 253 254 254 203  19   0   0   0   0   0   0   0   0   0   0 
  0   0   0   0   0   0   0   0   0   0   0  77 243 253 253 253 253 166   0   0   0   0   0   0   0   0   0   0 
  0   0   0   0   0   0   0   0   0   0  56 214 253 253 253 253 253 201  34   0   0   0   0   0   0   0   0   0 
  0   0   0   0   0   0   0   0   0   0 132 253 253 175 105 253 253 253 215   0   0   0   0   0   0   0   0   0 
  0   0   0   0   0   0   0   0   0  21 232 253 225   3 105 253 253 253 189   0   0   0   0   0   0   0   0   0 
  0   0   0   0   0   0   0   0   0 121 253 233  39   0 117 253 253 253 177   0   0   0   0   0   0   0   0   0 
  0   0   0   0   0   0   0   0   0 129 253 213   0   0 204 253 253 230  47   0   0   0   0   0   0   0   0   0 
  0   0   0   0   0   0   0   0   0 224 253 213   0  44 232 253 253 168   0   0   0   0   0   0   0   0   0   0 
  0   0   0   0   0   0   0   0   0 192 253 244 155 229 253 253 248  53   0   0   0   0   0   0   0   0   0   0 
  0   0   0   0   0   0   0   0   0 129 253 253 253 253 253 253 238   0   0   0   0   0   0   0   0   0   0   0 
  0   0   0   0   0   0   0   0   0  89 252 253 253 253 253 253 160   0   0   0   0   0   0   0   0   0   0   0 
  0   0   0   0   0   0   0   0   0   0 102 193 193 174 223 253 215   0   0   0   0   0   0   0   0   0   0   0 
  0   0   0   0   0   0   0   0   0   0   0   0   0   0 204 253 184   0   0   0   0   0   0   0   0   0   0   0 
  0   0   0   0   0   0   0   0   0   0   0   0   0   0 204 253 211   0   0   0   0   0   0   0   0   0   0   0 
  0   0   0   0   0   0   0   0   0   0   0   0   0   0 204 254 227   0   0   0   0   0   0   0   0   0   0   0 
  0   0   0   0   0   0   0   0   0   0   0   0   0   0 204 253 199   0   0   0   0   0   0   0   0   0   0   0 
  0   0   0   0   0   0   0   0   0   0   0   0   0   0 204 254 246  59   0   0   0   0   0   0   0   0   0   0 
  0   0   0   0   0   0   0   0   0   0   0   0   0   0 165 253 253 236  22   0   0   0   0   0   0   0   0   0 
  0   0   0   0   0   0   0   0   0   0   0   0   0   0 147 253 253 241  64   0   0   0   0   0   0   0   0   0 
  0   0   0   0   0   0   0   0   0   0   0   0   0   0  64 177 242  40   0   0   0   0   0   0   0   0   0   0 
  0   0   0   0   0   0   0   0   0   0   0   0   0   0   0   0   0   0   0   0   0   0   0   0   0   0   0   0 
  0   0   0   0   0   0   0   0   0   0   0   0   0   0   0   0   0   0   0   0   0   0   0   0   0   0   0   0 

Prediction: 9

  0   0   0   0   0   0   0   0   0   0   0   0   0   0   0   0   0   0   0   0   0   0   0   0   0   0   0   0 
  0   0   0   0   0   0   0   0   0   0   0   0   0   0   0   0   0   0   0   0   0   0   0   0   0   0   0   0 
  0   0   0   0   0   0   0   0   0   0   0   0   0   0   0   0   0   0   0   0   0   0   0   0   0   0   0   0 
  0   0   0   0   0   0   0   0   0   0   0   0   0   0   0   0   0   0   0   0   0   0   0   0   0   0   0   0 
  0   0   0   0   0   0   0   0   0   0   0   0   0   0   0   0   0   0   0   0   0   0   0   0   0   0   0   0 
  0   0   0   0   0   0   0   0   0   0   0   0   0   0   0   0   0   0   0   0   0   0   0   0   0   0   0   0 
  0   0   0   0   0   0   0   0   0   0   0   0   0   0   0   0   0   0   0   0   0   0   0   0   0   0   0   0 
  0   0   0   0   0   0   0   0  37  64   0   0  49 113 128 128  56 137  50  19   0   0   0   0   0   0   0   0 
  0   0   0   0   0   0   0   0 107 250 148 186 253 254 247 218 220 241 254 229 214 124  33   0   0   0   0   0 
  0   0   0   0   0   0   0  30 232 254 254 238 175  91  44   0   4  35  53 108 192 251 248 159   0   0   0   0 
  0   0   0   0   0   0  28 214 254 253 175  21   0   0   0   0   0   0   0   0   0  72 197 250  91   0   0   0 
  0   0   0   0   0   0 213 254 182 123   0   0   0   0   0   0   0   0   0   0   0   0  18 233 226   0   0   0 
  0   0   0   0   0  49 249 197  15   0   0   0   0   0   0   0   0   0   0   0   0   0   0 192 254   0   0   0 
  0   0   0   0   0 128 254  64   0   0   0   0   0   0   0   0   0   0   0   0   0   0   0 192 254   0   0   0 
  0   0   0   0   0 244 221  13   0   0   0   0   0   0   0   0   0   0   0   0   0   0  24 246 159   0   0   0 
  0   0   0   0   0 254 148   0   0   0   0   0   0   0   0   0   0   0   0   0   0   0  70 247  40   0   0   0 
  0   0   0   0   0 254 103   0   0   0   0   0   0   0   0   0   0   0   0   0   0  18 204 129   0   0   0   0 
  0   0   0   0   0 255 103   0   0   0   0   0   0   0   0   0   0   0   0   0  22 181 191   0   0   0   0   0 
  0   0   0   0   0 254 103   0   0   0   0   0   0   0   0   0   0   0   0  74 217 185   0   0   0   0   0   0 
  0   0   0   0   0 254 173   7   0   0   0   0   0   0   0   0   0  25 155 233 118   4   0   0   0   0   0   0 
  0   0   0   0   0 107 251  64   0   0   0   0   0   0   0  56 180 239 172  51   0   0   0   0   0   0   0   0 
  0   0   0   0   0   0 140 243 175 129  64  41 128 150 219 228 176  60   0   0   0   0   0   0   0   0   0   0 
  0   0   0   0   0   0   0  44 124 137 137 137 137 118  49  26   0   0   0   0   0   0   0   0   0   0   0   0 
  0   0   0   0   0   0   0   0   0   0   0   0   0   0   0   0   0   0   0   0   0   0   0   0   0   0   0   0 
  0   0   0   0   0   0   0   0   0   0   0   0   0   0   0   0   0   0   0   0   0   0   0   0   0   0   0   0 
  0   0   0   0   0   0   0   0   0   0   0   0   0   0   0   0   0   0   0   0   0   0   0   0   0   0   0   0 
  0   0   0   0   0   0   0   0   0   0   0   0   0   0   0   0   0   0   0   0   0   0   0   0   0   0   0   0 
  0   0   0   0   0   0   0   0   0   0   0   0   0   0   0   0   0   0   0   0   0   0   0   0   0   0   0   0 

Prediction: 0

  0   0   0   0   0   0   0   0   0   0   0   0   0   0   0   0   0   0   0   0   0   0   0   0   0   0   0   0 
  0   0   0   0   0   0   0   0   0   0   0   0   0   0   0   0   0   0   0   0   0   0   0   0   0   0   0   0 
  0   0   0   0   0   0   0   0   0   0   0   0   0   0   0   0   0   0   0   0   0   0   0   0   0   0   0   0 
  0   0   0   0   0   0   0   0   0   0   0   0   0   0   0   0   0   0   0   0   0   0   0   0   0   0   0   0 
  0   0   0   0   0   0   0   0   0   0   0   0   0   0   0   0   0   0   0   0   0   0   0   0   0   0   0   0 
  0   0   0   0   0   0   0   0   0   0   0   0   0   0  83 255 196   0   0   0   0  23   0   0   0   0   0   0 
  0   0   0   0   0   0   0   0   0   0   0   0   0  87 244 254 250 147 118 192 215 229 214  69   0   0   0   0 
  0   0   0   0   0   0   0   0   0   0   0   0  25 240 253 254 253 253 253 253 254 253 253 226  18   0   0   0 
  0   0   0   0   0   0   0   0   0   0   0   4 180 253 253 254 253 253 253 253 254 253 253 253 163   0   0   0 
  0   0   0   0   0   0   0   0   0   0  23 185 253 253 253 193 238 253 253 253 254 170 126  88 253   0   0   0 
  0   0   0   0   0   0   0   0   0  46 217 254 254 254 193   0  53 195 157 157  38   0   0   0   0   0   0   0 
  0   0   0   0   0   0   0   0  34 244 254 253 253 227  46   0   0   0   0   0   0   0   0   0   0   0   0   0 
  0   0   0   0   0   0   0   0  28 235 254 253 253 146   0   0   0   0   0   0   0   0   0   0   0   0   0   0 
  0   0   0   0   0   0   0   0   0 180 254 253 253 250 122   0   0   0   0   0   0   0   0   0   0   0   0   0 
  0   0   0   0   0   0   0   0   0  23 216 215 253 253 253 150   0   0   0   0   0   0   0   0   0   0   0   0 
  0   0   0   0   0 209   9   0   0   0   0   8 128 227 254 255 196   0   0   0   0   0   0   0   0   0   0   0 
  0   0   0   0   0 254  39   0   0   0   0   0   0  21 158 254 250 117   2   0   0   0   0   0   0   0   0   0 
  0   0   0   0   0 254 107   0   0   0   0   0   0   0  30 186 253 253  19   0   0   0   0   0   0   0   0   0 
  0   0   0   0   0 201 236  42   0   0   0   0   0   0   0  66 253 253 110   0   0   0   0   0   0   0   0   0 
  0   0   0   0   0 119 253 152   0   0   0   0   0   0   0  59 253 253 117   0   0   0   0   0   0   0   0   0 
  0   0   0   0   0   0 118 254 148  36   0   0   0   0  61 217 254 254  95   0   0   0   0   0   0   0   0   0 
  0   0   0   0   0   0  63 172 253 238 155 118 118 170 229 254 253 247  18   0   0   0   0   0   0   0   0   0 
  0   0   0   0   0   0   0  24 172 253 254 253 253 253 253 254 247 121   0   0   0   0   0   0   0   0   0   0 
  0   0   0   0   0   0   0   0  41 213 254 253 253 253 253 244 159   0   0   0   0   0   0   0   0   0   0   0 
  0   0   0   0   0   0   0   0   0   0  81 200 253 253 177  83   0   0   0   0   0   0   0   0   0   0   0   0 
  0   0   0   0   0   0   0   0   0   0   0   0   0   0   0   0   0   0   0   0   0   0   0   0   0   0   0   0 
  0   0   0   0   0   0   0   0   0   0   0   0   0   0   0   0   0   0   0   0   0   0   0   0   0   0   0   0 
  0   0   0   0   0   0   0   0   0   0   0   0   0   0   0   0   0   0   0   0   0   0   0   0   0   0   0   0 

Prediction: 5

  0   0   0   0   0   0   0   0   0   0   0   0   0   0   0   0   0   0   0   0   0   0   0   0   0   0   0   0 
  0   0   0   0   0   0   0   0   0   0   0   0   0   0   0   0   0   0   0   0   0   0   0   0   0   0   0   0 
  0   0   0   0   0   0   0   0   0   0   0   0   0   0   0   0   0   0   0   0   0   0   0   0   0   0   0   0 
  0   0   0   0   0   0   0   0   0   0   0   0   0   0   0   0   0   0   0   0   0   0   0   0   0   0   0   0 
  0   0   0   0   0   0   0   0   0   0   0   0   0   0   0   0   0   0   0   0   0   0   0   0   0   0   0   0 
  0   0   0   0   0   0   0   0   0   0   0   0   0 188 188   2   0   0   0   0   0   0   0   0   0   0   0   0 
  0   0   0   0   0   0   0   0   0   0   0   0  31 223 221  29   0   0   0   0   0   0   0   0   0   0   0   0 
  0   0   0   0   0   0   0   0   0   0   0   0  53 250 254  55   0   0   0   0   0   0   0   0   0   0   0   0 
  0   0   0   0   0   0   0   0   0   0   0   0  34 227 254  55   0   0   0   0   0   0   0   0   0   0   0   0 
  0   0   0   0   0   0   0   0   0   0   0   0  57 254 254  55   0   0   0   0   0   0   0   0   0   0   0   0 
  0   0   0   0   0   0   0   0   0   0   0   0  57 254 254  55   0   0   0   0   0   0   0   0   0   0   0   0 
  0   0   0   0   0   0   0   0   0   0   0   0  57 254 254  55   0   0   0   0   0   0   0   0   0   0   0   0 
  0   0   0   0   0   0   0   0   0   0   0   0  57 254 254  55   0   0   0   0   0   0   0   0   0   0   0   0 
  0   0   0   0   0   0   0   0   0   0   0   0  57 254 254  55   0   0   0   0   0   0   0   0   0   0   0   0 
  0   0   0   0   0   0   0   0   0   0   0   0  57 254 254  55   0   0   0   0   0   0   0   0   0   0   0   0 
  0   0   0   0   0   0   0   0   0   0   0   0  57 254 254  55   0   0   0   0   0   0   0   0   0   0   0   0 
  0   0   0   0   0   0   0   0   0   0   0   0  57 254 254  55   0   0   0   0   0   0   0   0   0   0   0   0 
  0   0   0   0   0   0   0   0   0   0   0   0  57 254 254  55   0   0   0   0   0   0   0   0   0   0   0   0 
  0   0   0   0   0   0   0   0   0   0   0   0  37 231 254  55   0   0   0   0   0   0   0   0   0   0   0   0 
  0   0   0   0   0   0   0   0   0   0   0   0   0 187 254  55   0   0   0   0   0   0   0   0   0   0   0   0 
  0   0   0   0   0   0   0   0   0   0   0   0   0 187 254  55   0   0   0   0   0   0   0   0   0   0   0   0 
  0   0   0   0   0   0   0   0   0   0   0   0   0 187 255  55   0   0   0   0   0   0   0   0   0   0   0   0 
  0   0   0   0   0   0   0   0   0   0   0   0   0 187 254  55   0   0   0   0   0   0   0   0   0   0   0   0 
  0   0   0   0   0   0   0   0   0   0   0   0  27 218 254  55   0   0   0   0   0   0   0   0   0   0   0   0 
  0   0   0   0   0   0   0   0   0   0   0   0   2 188 221  29   0   0   0   0   0   0   0   0   0   0   0   0 
  0   0   0   0   0   0   0   0   0   0   0   0   0   0   0   0   0   0   0   0   0   0   0   0   0   0   0   0 
  0   0   0   0   0   0   0   0   0   0   0   0   0   0   0   0   0   0   0   0   0   0   0   0   0   0   0   0 
  0   0   0   0   0   0   0   0   0   0   0   0   0   0   0   0   0   0   0   0   0   0   0   0   0   0   0   0 

Prediction: 1

  0   0   0   0   0   0   0   0   0   0   0   0   0   0   0   0   0   0   0   0   0   0   0   0   0   0   0   0 
  0   0   0   0   0   0   0   0   0   0   0   0   0   0   0   0   0   0   0   0   0   0   0   0   0   0   0   0 
  0   0   0   0   0   0   0   0   0   0   0   0   0 124 253 219  39   0   0   0   0   0   0   0   0   0   0   0 
  0   0   0   0   0   0   0   0   0   0   0   4  32 225 251  39   0   0   0   0   0   0   0   0   0   0   0   0 
  0   0   0   0   0   0   0   0   0   0   0 112 251 251 251   0   0   0   0   0   0   0   0   0   0   0   0   0 
  0   0   0   0   0   0   0   0   0   0   0 190 251 156  31   0   0   0   0   0   0   0   0   0   0   0   0   0 
  0   0   0   0   0   0   0   0   0   0  60 228 251  31   0   0   0   0   0   0   0   0   0   0   0   0   0   0 
  0   0   0   0   0   0   0   0   0 159 255 253 205  19   0   0   0   0   0   0   0   0   0   0   0   0   0   0 
  0   0   0   0   0   0   0   0   0 158 253 247 110   0   0   0   0   0   0   0   0   0   0   0   0   0   0   0 
  0   0   0   0   0   0   0   0   0 158 253 140   0   0   0   0   0   0   0   0   0   0   0   0   0   0   0   0 
  0   0   0   0   0   0   0   0  56 240 253  62   0   0   0   0   0   0   0   0   0   0   0   0   0   0   0   0 
  0   0   0   0   0   0   0   0  64 251 193  23   0   0   0   0  20  79   0   0   0   0   0   0   0   0   0   0 
  0   0   0   0   0   0   0 128 253 253 159   0   0  84 194 255 253 253 213  96  60   0   0   0   0   0   0   0 
  0   0   0   0   0   0   0 127 251 251 158   0   0 221 251 253 251 251 251 251 230  47   0   0   0   0   0   0 
  0   0   0   0   0   0   0 127 251 251 158   0   0 221 251 253 235 126 236 251 253 141   0   0   0   0   0   0 
  0   0   0   0   0   0   0  95 244 251 158   0 112 248 251 129  27   0  83 251 253 220   0   0   0   0   0   0 
  0   0   0   0   0   0   0   0 221 251 158   0 127 251 251   0   0   0  64 251 253 220   0   0   0   0   0   0 
  0   0   0   0   0   0   0   0  64 253 195  56 253 253  95   0   0   0  64 253 255 221   0   0   0   0   0   0 
  0   0   0   0   0   0   0   0  16 181 253 212 251 251  94   0   0   0  84 251 253 101   0   0   0   0   0   0 
  0   0   0   0   0   0   0   0   0  79 173 251 251 251 173   0  16 127 236 251 205  31   0   0   0   0   0   0 
  0   0   0   0   0   0   0   0   0   0  12 197 251 251 251 223 225 251 251 211  19   0   0   0   0   0   0   0 
  0   0   0   0   0   0   0   0   0   0   0  71 173 251 251 253 231 173 113  35   0   0   0   0   0   0   0   0 
  0   0   0   0   0   0   0   0   0   0   0   0   0   0   0   0   0   0   0   0   0   0   0   0   0   0   0   0 
  0   0   0   0   0   0   0   0   0   0   0   0   0   0   0   0   0   0   0   0   0   0   0   0   0   0   0   0 
  0   0   0   0   0   0   0   0   0   0   0   0   0   0   0   0   0   0   0   0   0   0   0   0   0   0   0   0 
  0   0   0   0   0   0   0   0   0   0   0   0   0   0   0   0   0   0   0   0   0   0   0   0   0   0   0   0 
  0   0   0   0   0   0   0   0   0   0   0   0   0   0   0   0   0   0   0   0   0   0   0   0   0   0   0   0 
  0   0   0   0   0   0   0   0   0   0   0   0   0   0   0   0   0   0   0   0   0   0   0   0   0   0   0   0 

Prediction: 6

  0   0   0   0   0   0   0   0   0   0   0   0   0   0   0   0   0   0   0   0   0   0   0   0   0   0   0   0 
  0   0   0   0   0   0   0   0   0   0   0   0   0   0   0   0   0   0   0   0   0   0   0   0   0   0   0   0 
  0   0   0   0   0   0   0   0   0   0   0   0   0   0   0   0   0   0   0   0   0   0   0   0   0   0   0   0 
  0   0   0   0   0   0   0   0   0   0   0   0   0   0   0   0   0   0   0   0   0   0   0   0   0   0   0   0 
  0   0   0   0   0   0   0   0   0   0   0   0   0   0   0   0   0   0   0   0   0   0   0   0   0   0   0   0 
  0   0   0   0   0   0   0   0   0 110 253 253 170  63   0   0   0   0   0   0   0   0   0   0   0   0   0   0 
  0   0   0   0   0   0   0   0   0 109 252 252 252 176  73  21   0   0   0   0   0   0   0   0   0   0   0   0 
  0   0   0   0   0   0   0   0   0  31 206 252 252 253 252 201 181  21   0   0   0   0   0   0   0   0   0   0 
  0   0   0   0   0   0   0   0   0   0  31 128 252 253 252 252 252 207  20   0   0   0   0   0   0   0   0   0 
  0   0   0   0   0   0   0   0   0   0   0   0   0  62 174 252 252 253  98   0   0   0   0   0   0   0   0   0 
  0   0   0   0   0   0   0   0   0   0   0   0   0   0  73 211 252 253 200  21   0   0   0   0   0   0   0   0 
  0   0   0   0   0   0   0   0   0   0  32  37 120 182 242 252 252 253 241  61   0   0   0   0   0   0   0   0 
  0   0   0   0   0   0   0   0   1 144 237 252 252 253 252 252 252 191  77   0   0   0   0   0   0   0   0   0 
  0   0   0   0   0   0   0   0   1 253 253 253 253 255 253 253 253  84   0   0   0   0   0   0   0   0   0   0 
  0   0   0   0   0   0   0   0   1  98 242 252 252 253 252 252 252 156  52   0   0   0   0   0   0   0   0   0 
  0   0   0   0   0   0   0   0   0   0  62  92 215 232 252 252 252 253 231  72   0   0   0   0   0   0   0   0 
  0   0   0   0   0   0   0   0   0   0   0   0   0  47 108 211 252 253 252 236  62   0   0   0   0   0   0   0 
  0   0   0   0   0   0   0   0   0   0   0   0   0   0   0   0  84 255 253 253 108   0   0   0   0   0   0   0 
  0   0   0   0   0   0   0   0   0   0   0   0   0   0   0   0  42 253 252 252 108   0   0   0   0   0   0   0 
  0   0   0   0   0   0   0   0   0   0   0   0   0   0   0  47 221 253 252 226  31   0   0   0   0   0   0   0 
  0   0   0   0   0   0   0   0   0   0   0   0   0   0 125 221 252 253 252 132   0   0   0   0   0   0   0   0 
  0   0   0   0   0   0   0   0   0  47 109 109 109 255 253 253 253 255 159  41   0   0   0   0   0   0   0   0 
  0   0   0   0   0   0   0   0   0 109 252 252 252 253 252 252 210 119   5   0   0   0   0   0   0   0   0   0 
  0   0   0   0   0   0   0   0   0  31 206 252 252 253 220 195  31   0   0   0   0   0   0   0   0   0   0   0 
  0   0   0   0   0   0   0   0   0   0  31 128 168 108  15   0   0   0   0   0   0   0   0   0   0   0   0   0 
  0   0   0   0   0   0   0   0   0   0   0   0   0   0   0   0   0   0   0   0   0   0   0   0   0   0   0   0 
  0   0   0   0   0   0   0   0   0   0   0   0   0   0   0   0   0   0   0   0   0   0   0   0   0   0   0   0 
  0   0   0   0   0   0   0   0   0   0   0   0   0   0   0   0   0   0   0   0   0   0   0   0   0   0   0   0 

Prediction: 3

  0   0   0   0   0   0   0   0   0   0   0   0   0   0   0   0   0   0   0   0   0   0   0   0   0   0   0   0 
  0   0   0   0   0   0   0   0   0   0   0   0   0   0   0   0   0   0   0   0   0   0   0   0   0   0   0   0 
  0   0   0   0   0   0   0   0   0   0   0   0   0  92 253 192  12   0   0   0   0   0   0   0   0   0   0   0 
  0   0   0   0   0   0   0   0   0   0   0   0   0 169 252 253 181  19   0   0   0   0   0   0   0   0   0   0 
  0   0   0   0   0   0   0   0   0   0   0   0   0 169 252 253 233  43   0   0   0   0   0   0   0   0   0   0 
  0   0   0   0   0   0   0   0   0   0   0   0   7 178 252 240  71   0   0   0   0   0   0   0   0   0   0   0 
  0   0   0   0   0   0   0   0   0   0   0   0  57 252 252 140   0   0   0   0   0   0   0   0   0   0   0   0 
  0   0   0   0   0   0   0   0   0   0   0   0 198 253 253 141   0   0   0   0   0   0   0   0   0   0   0   0 
  0   0   0   0   0   0   0   0   0   0   0   0 197 252 252  94   0   0   0   0   0   0   0   0   0   0   0   0 
  0   0   0   0   0   0   0   0   0   0   0  67 240 252 252   0   0   0   0   0   0   0   0   0   0   0   0   0 
  0   0   0   0   0   0   0   0   0   0   0  85 252 252 236   0   0   0   0   0   0   0   0   0   0   0   0   0 
  0   0   0   0   0   0   0   0   0   0   0  85 252 252 189   0   0   0   0   0   0   0   0   0   0   0   0   0 
  0   0   0   0   0   0   0   0   0   0   0  86 253 253 253 255 206  88   0   0   0   0   0   0   0   0   0   0 
  0   0   0   0   0   0   0   0   0   0   0  85 252 252 252 253 252 246 209  38   0   0   0   0   0   0   0   0 
  0   0   0   0   0   0   0   0   0   0  26 200 252 252 252 253 252 252 252 221   0   0   0   0   0   0   0   0 
  0   0   0   0   0   0   0   0   0   0 113 252 252 252 252 253 252 252 252 252  95   0   0   0   0   0   0   0 
  0   0   0   0   0   0   0   0   0   0 113 252 252 252 252 112 158 252 252 252 140   0   0   0   0   0   0   0 
  0   0   0   0   0   0   0   0  29 253 255 253 253 253 253  63  85 253 253 253 141   0   0   0   0   0   0   0 
  0   0   0   0   0   0   0   0  29 252 253 252 252 252 252 241 155 252 252 252  94   0   0   0   0   0   0   0 
  0   0   0   0   0   0   0   0  22 227 253 252 252 252 252 253 252 252 245 195   0   0   0   0   0   0   0   0 
  0   0   0   0   0   0   0   0   0  47 237 252 252 252 252 253 252 252 208   0   0   0   0   0   0   0   0   0 
  0   0   0   0   0   0   0   0   0   0  50 112 112 112 112 253 252 141  37   0   0   0   0   0   0   0   0   0 
  0   0   0   0   0   0   0   0   0   0   0   0   0   0   0   0   0   0   0   0   0   0   0   0   0   0   0   0 
  0   0   0   0   0   0   0   0   0   0   0   0   0   0   0   0   0   0   0   0   0   0   0   0   0   0   0   0 
  0   0   0   0   0   0   0   0   0   0   0   0   0   0   0   0   0   0   0   0   0   0   0   0   0   0   0   0 
  0   0   0   0   0   0   0   0   0   0   0   0   0   0   0   0   0   0   0   0   0   0   0   0   0   0   0   0 
  0   0   0   0   0   0   0   0   0   0   0   0   0   0   0   0   0   0   0   0   0   0   0   0   0   0   0   0 
  0   0   0   0   0   0   0   0   0   0   0   0   0   0   0   0   0   0   0   0   0   0   0   0   0   0   0   0 

Prediction: 6

  0   0   0   0   0   0   0   0   0   0   0   0   0   0   0   0   0   0   0   0   0   0   0   0   0   0   0   0 
  0   0   0   0   0   0   0   0   0   0   0   0   0   0   0   0   0   0   0   0   0   0   0   0   0   0   0   0 
  0   0   0   0   0   0   0   0   0   0   0   0   0   0   0   0   0   0   0   0   0   0   0   0   0   0   0   0 
  0   0   0   0   0   0   0   0   0   0   0   0   0   0   0   0   0   0   0   0   0   0   0   0   0   0   0   0 
  0   0   0   0   0   0   0   0   0   0   0   0   0   0   0   0   0   0   0   0   0   0 130 251 151  28   0   0 
  0   0   0   0   0   0   0   0   0   0   0   0   0   0   0   0   0   0   0   0   0 136 236 254 254  46   0   0 
  0   0   0   0   0   0   0   0   0   0   0   0   0   0   0   0   0   0   0  48 216 254 254 254 231  40   0   0 
  0   0   0   0   0   0   0   0   0   0   0   0   0   0   0   0   0  14 121 251 254 254 254 178  25   0   0   0 
  0   0   0   0   0   0   0   0   0   0   0  92 123   0   0  17 150 238 254 254 254 222  97   3   0   0   0   0 
  0   0   0   0   0   0   0   0   0   0  49 231 239   0   2 184 254 254 254 216 107   8   0   0   0   0   0   0 
  0   0   0   0   0   0   0   0   0  12 223 255 232   0   3 202 254 222 134  21   0   0   0   0   0   0   0   0 
  0   0   0   0   0   0   0   0   0 188 254 254 110   0   0  18  88   2   0   0   0   0   0   0   0   0   0   0 
  0   0   0   0   0   0   0   0 121 244 254 195  10   3   0   0   0   0   0   0   0   0   0   0   0   0   0   0 
  0   0   0   0   0   0   0   0 245 254 254 254 248 197 156 156 156  46   0   0   0   0   0   0   0   0   0   0 
  0   0   0   0   0   0   0   0 245 254 254 254 254 254 254 254 254 229  25   0   0   0   0   0   0   0   0   0 
  0   0   0   0   0   0   0  39 226 213 213 183 194 109 109 181 254 254 164   0   0   0   0   0   0   0   0   0 
  0   0   0   0   0   0   0   0  26   0   0   0   0   0   0  13 216 254 166   0   0   0   0   0   0   0   0   0 
  0   0   0   0   0   0   0   0   0   0   0   0   0   0   0  50 252 254 166   0   0   0   0   0   0   0   0   0 
  0   0   0   0   0   0  15  79  36   0   0   0   0   0   0 128 254 254  92   0   0   0   0   0   0   0   0   0 
  0   0   0   0   0   0  99 254 148   0   0   0   0   0  12 205 254 234  32   0   0   0   0   0   0   0   0   0 
  0   0   0   0   0   0 151 254 160  18   0   0   5  68 191 254 254 185   0   0   0   0   0   0   0   0   0   0 
  0   0   0   0   0   0 105 254 254 228 219 189 209 254 254 254 250  62   0   0   0   0   0   0   0   0   0   0 
  0   0   0   0   0   0  18 195 254 254 254 254 254 254 254 243 121   0   0   0   0   0   0   0   0   0   0   0 
  0   0   0   0   0   0   0  17 104 227 254 255 254 229 106  37   0   0   0   0   0   0   0   0   0   0   0   0 
  0   0   0   0   0   0   0   0   0   0   0   0   0   0   0   0   0   0   0   0   0   0   0   0   0   0   0   0 
  0   0   0   0   0   0   0   0   0   0   0   0   0   0   0   0   0   0   0   0   0   0   0   0   0   0   0   0 
  0   0   0   0   0   0   0   0   0   0   0   0   0   0   0   0   0   0   0   0   0   0   0   0   0   0   0   0 
  0   0   0   0   0   0   0   0   0   0   0   0   0   0   0   0   0   0   0   0   0   0   0   0   0   0   0   0 

Prediction: 5

  0   0   0   0   0   0   0   0   0   0   0   0   0   0   0   0   0   0   0   0   0   0   0   0   0   0   0   0 
  0   0   0   0   0   0   0   0   0   0   0   0   0   0   0   0   0   0   0   0   0   0   0   0   0   0   0   0 
  0   0   0   0   0   0   0   0   0   0   0   0   0   0   0   0   0   0   0   0   0   0   0   0   0   0   0   0 
  0   0   0   0   0   0   0   0   0   0   0   0   0   0   0   0  13 154 253 165  28   0   0   0   0   0   0   0 
  0   0   0   0   0   0   0   0   0   0   0   0   0   0   0  19 194 253 252 252 139   0   0   0   0   0   0   0 
  0   0   0   0   0   0   0   0   0   0   0   0   0   0 132 215 252 253 252 252 103   0   0   0   0   0   0   0 
  0   0   0   0   0   0   0   0   0   0   0   0   0 126 243 252 252 253 252 177   3   0   0   0   0   0   0   0 
  0   0   0   0   0   0   0   0   0   0   0  10  79 255 253 253 253 255 247 100   0   0   0   0   0   0   0   0 
  0   0   0   0   0   0   0   0   0   0   0 110 252 253 252 252 252 253 121   0   0   0   0   0   0   0   0   0 
  0   0   0   0   0   0   0   0   0   0  82 240 252 253 252 252 252 194  19   0   0   0   0   0   0   0   0   0 
  0   0   0   0   0   0   0   0   0  63 206 252 252 253 252 252 202  13   0   0   0   0   0   0   0   0   0   0 
  0   0   0   0   0   0   0   0  13 254 253 253 253 254 253 156   0   0   0   0   0   0   0   0   0   0   0   0 
  0   0   0   0   0   0   0   0 138 253 252 252 252 253 252 137 169 170 169 169  69   0   0   0   0   0   0   0 
  0   0   0   0   0   0   0  29 234 253 252 252 252 253 252 252 252 253 252 252 252 185  28   0   0   0   0   0 
  0   0   0   0   0   0   0  85 252 253 252 252 252 253 252 252 252 253 252 252 252 253 234  50   0   0   0   0 
  0   0   0   0   0   0  32 229 253 254 253 253 253 254 253 253 253 254 253 253 253 254 253  56   0   0   0   0 
  0   0   0   0   0   0  82 252 252 253 252 252 252 253 252 252 252 253 252 252 252 253 252  56   0   0   0   0 
  0   0   0   0   0   0 169 252 252 253 252 252 252 253 252 252 252 253 252 252 252 253 208  13   0   0   0   0 
  0   0   0   0   0   0 119 252 252 253 252 252 252 253 252 252 252 253 252 252 252 253  96   0   0   0   0   0 
  0   0   0   0   0   0   0 198 253 254 253 253 253 254 253 253 253 254 253 253 241 101   0   0   0   0   0   0 
  0   0   0   0   0   0   0 122 252 253 252 252 252 253 252 252 252 253 252 208  59   0   0   0   0   0   0   0 
  0   0   0   0   0   0   0  19 193 253 252 252 252 253 252 252 214 168  93  13   0   0   0   0   0   0   0   0 
  0   0   0   0   0   0   0   0  13 140 165 252 202  78  28  28  15   0   0   0   0   0   0   0   0   0   0   0 
  0   0   0   0   0   0   0   0   0   0   0   0   0   0   0   0   0   0   0   0   0   0   0   0   0   0   0   0 
  0   0   0   0   0   0   0   0   0   0   0   0   0   0   0   0   0   0   0   0   0   0   0   0   0   0   0   0 
  0   0   0   0   0   0   0   0   0   0   0   0   0   0   0   0   0   0   0   0   0   0   0   0   0   0   0   0 
  0   0   0   0   0   0   0   0   0   0   0   0   0   0   0   0   0   0   0   0   0   0   0   0   0   0   0   0 
  0   0   0   0   0   0   0   0   0   0   0   0   0   0   0   0   0   0   0   0   0   0   0   0   0   0   0   0 

Prediction: 6

  0   0   0   0   0   0   0   0   0   0   0   0   0   0   0   0   0   0   0   0   0   0   0   0   0   0   0   0 
  0   0   0   0   0   0   0   0   0   0   0   0   0   0   0   0   0   0   0   0   0   0   0   0   0   0   0   0 
  0   0   0   0   0   0   0   0   0   0   0   0   0   0   0   0   0   0   0   0   0   0   0   0   0   0   0   0 
  0   0   0   0   0   0   0   0   0   0   0   0   0 115 255 170   0   0   0   0   0   0   0   0   0   0   0   0 
  0   0   0   0   0   0   0   0   0   0   0   0   2 192 253 244 119  44   0   0   0   0   0   0   0   0   0   0 
  0   0   0   0   0   0   0   0   0   0   0   0 121 253 253 253 253 248 127   0   0   0   0   0   0   0   0   0 
  0   0   0   0   0   0   0   0   0   0   0 123 243 253 253 253 253 253 175   0   0   0   0   0   0   0   0   0 
  0   0   0   0   0   0   0   0   0   0   8 211 253 253 243  24 186 253 247  77   0   0   0   0   0   0   0   0 
  0   0   0   0   0   0   0   0   0   0  12 228 253 217  48   0  64 249 253 129   0   0   0   0   0   0   0   0 
  0   0   0   0   0   0   0   0   0   0   0  89 132  24   0   0   0 239 253 129   0   0   0   0   0   0   0   0 
  0   0   0   0   0   0   0   0   0   0   0   0   0   0   0   0   0 239 253 129   0   0   0   0   0   0   0   0 
  0   0   0   0   0   0   0   0   0   0   0   0   0   0   0   0  75 251 253 129   0   0   0   0   0   0   0   0 
  0   0   0   0   0   0   0   0   0   0   0   0   0   0   0   0  89 253 253 129   0   0   0   0   0   0   0   0 
  0   0   0   0   0   0   0   0   0   0   0   0   0   0   0   0 128 253 253  46   0   0   0   0   0   0   0   0 
  0   0   0   0   0   0   0   0   0   0  44 145 147 249 249 249 252 253 209  11   0   0   0   0   0   0   0   0 
  0   0   0   0   0   0   0   0  10 160 246 253 253 235 199 253 253 253 235  56   0   0   0   0   0   0   0   0 
  0   0   0   0   0   0   0  58 232 253 239 154  32  12  72 252 253 253 253 238  57   0   0   0   0   0   0   0 
  0   0   0   0   0   0  59 235 253 199  51   0   0  16 218 253 253 212 231 253 234  26   0   0   0   0   0   0 
  0   0   0   0   0   0 191 253 221   8   0   0  63 194 253 253 201  18  89 253 253  87   0   0   0   0   0   0 
  0   0   0   0   0  64 250 231  49   0  60 135 240 253 253 198  20   0  79 253 253 209   0   0   0   0   0   0 
  0   0   0   0   0  94 253 208 115 187 249 253 253 247 203  17   0   0  11 228 253 243   0   0   0   0   0   0 
  0   0   0   0   0  73 251 253 253 253 253 253 161  36   0   0   0   0   0 102 253 153   0   0   0   0   0   0 
  0   0   0   0   0   0 159 253 253 253 162  82   8   0   0   0   0   0   0   4  46   7   0   0   0   0   0   0 
  0   0   0   0   0   0   0   0   0   0   0   0   0   0   0   0   0   0   0   0   0   0   0   0   0   0   0   0 
  0   0   0   0   0   0   0   0   0   0   0   0   0   0   0   0   0   0   0   0   0   0   0   0   0   0   0   0 
  0   0   0   0   0   0   0   0   0   0   0   0   0   0   0   0   0   0   0   0   0   0   0   0   0   0   0   0 
  0   0   0   0   0   0   0   0   0   0   0   0   0   0   0   0   0   0   0   0   0   0   0   0   0   0   0   0 
  0   0   0   0   0   0   0   0   0   0   0   0   0   0   0   0   0   0   0   0   0   0   0   0   0   0   0   0 

Prediction: 2
