Dense fp and bp kernels threaded, slices, all training data shuffled.
lr = 0.010000, nn = (128, 128, 10)
---------------------
Training...
Epoch: 1 	10000/60000	Elapsed time: 15.818284156s 	Avg loss: 0.030821 	 accuracy: 0.777100	
Epoch: 1 	20000/60000	Elapsed time: 15.741901221s 	Avg loss: 0.015499 	 accuracy: 0.896300	
Epoch: 1 	30000/60000	Elapsed time: 15.754768863s 	Avg loss: 0.013326 	 accuracy: 0.911400	
Epoch: 1 	40000/60000	Elapsed time: 15.790898735s 	Avg loss: 0.011146 	 accuracy: 0.924700	
Epoch: 1 	50000/60000	Elapsed time: 16.170095346s 	Avg loss: 0.009945 	 accuracy: 0.934200	
Epoch: 1 	60000/60000	Elapsed time: 16.294664665s 	Avg loss: 0.008811 	 accuracy: 0.940700	
Epoch elapsed time: 1m35.571011117s
---------------------
Running validation...
Epoch: 1 	10000/10000	Elapsed time: 3.732847049s 	Avg loss: 0.007711 	 accuracy: 0.948300	
---------------------
Training...
Epoch: 2 	10000/60000	Elapsed time: 16.298537245s 	Avg loss: 0.008123 	 accuracy: 0.947400	
Epoch: 2 	20000/60000	Elapsed time: 16.417450938s 	Avg loss: 0.008251 	 accuracy: 0.945200	
Epoch: 2 	30000/60000	Elapsed time: 16.376028078s 	Avg loss: 0.006972 	 accuracy: 0.954100	
Epoch: 2 	40000/60000	Elapsed time: 16.234584969s 	Avg loss: 0.007044 	 accuracy: 0.952100	
Epoch: 2 	50000/60000	Elapsed time: 16.206498573s 	Avg loss: 0.006674 	 accuracy: 0.956200	
Epoch: 2 	60000/60000	Elapsed time: 16.25930181s 	Avg loss: 0.006140 	 accuracy: 0.958400	
Epoch elapsed time: 1m37.792668652s
---------------------
Running validation...
Epoch: 2 	10000/10000	Elapsed time: 3.707733533s 	Avg loss: 0.006430 	 accuracy: 0.957100	
---------------------
Training...
Epoch: 3 	10000/60000	Elapsed time: 16.308657243s 	Avg loss: 0.005400 	 accuracy: 0.963900	
Epoch: 3 	20000/60000	Elapsed time: 16.197282274s 	Avg loss: 0.005694 	 accuracy: 0.962300	
Epoch: 3 	30000/60000	Elapsed time: 16.289942586s 	Avg loss: 0.005511 	 accuracy: 0.962600	
Epoch: 3 	40000/60000	Elapsed time: 16.255469666s 	Avg loss: 0.005820 	 accuracy: 0.962000	
Epoch: 3 	50000/60000	Elapsed time: 16.395395677s 	Avg loss: 0.005646 	 accuracy: 0.963500	
Epoch: 3 	60000/60000	Elapsed time: 16.251493276s 	Avg loss: 0.005555 	 accuracy: 0.964700	
Epoch elapsed time: 1m37.698509284s
---------------------
Running validation...
Epoch: 3 	10000/10000	Elapsed time: 3.68228532s 	Avg loss: 0.006218 	 accuracy: 0.959100	
---------------------
Training...
Epoch: 4 	10000/60000	Elapsed time: 16.239456402s 	Avg loss: 0.004608 	 accuracy: 0.969300	
Epoch: 4 	20000/60000	Elapsed time: 16.398600576s 	Avg loss: 0.004770 	 accuracy: 0.969400	
Epoch: 4 	30000/60000	Elapsed time: 16.192297683s 	Avg loss: 0.004705 	 accuracy: 0.969900	
Epoch: 4 	40000/60000	Elapsed time: 16.319265488s 	Avg loss: 0.004955 	 accuracy: 0.966800	
Epoch: 4 	50000/60000	Elapsed time: 16.379685063s 	Avg loss: 0.004787 	 accuracy: 0.968300	
Epoch: 4 	60000/60000	Elapsed time: 16.226744556s 	Avg loss: 0.004796 	 accuracy: 0.969300	
Epoch elapsed time: 1m37.756314232s
---------------------
Running validation...
Epoch: 4 	10000/10000	Elapsed time: 3.770790453s 	Avg loss: 0.006708 	 accuracy: 0.956400	
---------------------
Training...
Epoch: 5 	10000/60000	Elapsed time: 16.199058487s 	Avg loss: 0.004030 	 accuracy: 0.972500	
Epoch: 5 	20000/60000	Elapsed time: 16.287456678s 	Avg loss: 0.004074 	 accuracy: 0.973200	
Epoch: 5 	30000/60000	Elapsed time: 16.291394957s 	Avg loss: 0.004022 	 accuracy: 0.973300	
Epoch: 5 	40000/60000	Elapsed time: 16.305297957s 	Avg loss: 0.004111 	 accuracy: 0.972500	
Epoch: 5 	50000/60000	Elapsed time: 16.274142305s 	Avg loss: 0.004652 	 accuracy: 0.969800	
Epoch: 5 	60000/60000	Elapsed time: 16.268854803s 	Avg loss: 0.004439 	 accuracy: 0.970100	
Epoch elapsed time: 1m37.626487575s
---------------------
Running validation...
Epoch: 5 	10000/10000	Elapsed time: 3.742489102s 	Avg loss: 0.004753 	 accuracy: 0.969600	
---------------------
Training...
Epoch: 6 	10000/60000	Elapsed time: 16.228108581s 	Avg loss: 0.003411 	 accuracy: 0.977400	
Epoch: 6 	20000/60000	Elapsed time: 16.335193993s 	Avg loss: 0.003707 	 accuracy: 0.975400	
Epoch: 6 	30000/60000	Elapsed time: 16.349511296s 	Avg loss: 0.003614 	 accuracy: 0.976900	
Epoch: 6 	40000/60000	Elapsed time: 16.259977256s 	Avg loss: 0.003586 	 accuracy: 0.975700	
Epoch: 6 	50000/60000	Elapsed time: 16.283068587s 	Avg loss: 0.004094 	 accuracy: 0.972800	
Epoch: 6 	60000/60000	Elapsed time: 16.285285725s 	Avg loss: 0.003916 	 accuracy: 0.974800	
Epoch elapsed time: 1m37.741418552s
---------------------
Running validation...
Epoch: 6 	10000/10000	Elapsed time: 3.704984516s 	Avg loss: 0.005135 	 accuracy: 0.967400	
Total training time: 10m7.823691298s 

  0   0   0   0   0   0   0   0   0   0   0   0   0   0   0   0   0   0   0   0   0   0   0   0   0   0   0   0 
  0   0   0   0   0   0   0   0   0   0   0   0   0   0   0   0   0   0   0   0   0   0   0   0   0   0   0   0 
  0   0   0   0   0   0   0   0   0   0   0   0   0   0   0   0   0   0   0   0   0   0   0   0   0   0   0   0 
  0   0   0   0   0   0   0   0   0   0   0   0   0   0   0   0   0   0   0   0   0   0   0   0   0   0   0   0 
  0   0   0   0   0   0   0   0  36 147 254 254 254 254 254 255 153 105   0   0   0   0   0   0   0   0   0   0 
  0   0   0   0   0   0   0  90 218 253 253 253 253 253 253 253 253 251 153   0   0   0   0   0   0   0   0   0 
  0   0   0   0   0   0  99 250 253 237 177 177 177 177 204 253 253 253 248  39   0   0   0   0   0   0   0   0 
  0   0   0   0   0   0 118 232 228  81   0   0   0   0  22  99 238 253 253 129   0   0   0   0   0   0   0   0 
  0   0   0   0   0   0 102 135 120   0   0   0   0   0   0   0 186 253 253 129   0   0   0   0   0   0   0   0 
  0   0   0   0   0   0   0   0   0   0   0   0   0   0   0   0 186 253 253 129   0   0   0   0   0   0   0   0 
  0   0   0   0   0   0   0   0   0   0   0   0   0   0   0   0 186 253 253 129   0   0   0   0   0   0   0   0 
  0   0   0   0   0   0   0   0   0   0   0   0   0   0   0  68 252 253 253 129   0   0   0   0   0   0   0   0 
  0   0   0   0   0   0   0   0   0   0   0   0   0   0  32 209 253 253 198  14   0   0   0   0   0   0   0   0 
  0   0   0   0   0   0   0   0   0   0   0   0   0   0 128 253 253 231  21   0   0   0   0   0   0   0   0   0 
  0   0   0   0   0   0   0   0   0   0   0   0   0 108 246 253 244 109   0   0   0   0   0   0   0   0   0   0 
  0   0   0   0   0   0   0   0   0   0   0   0  15 248 253 253 116   0   0   0   0   0   0   0   0   0   0   0 
  0   0   0   0   0   0   0   0   0   0   0  12 200 253 253 210  29   0   0   0   0   0   0   2  19 144   0   0 
  0   0   0   0   0   0   0   0   0   0  17 201 253 253 209  24   0   0   0   0   0   0  31 145 253 253   0   0 
  0   0   0   0   0   0   0   0   0  23 198 253 253 208  23   0   0   0   3 104 159 241 244 253 189  76   0   0 
  0   0   0   0   0   0   0   0 111 227 253 253 210  22   0   0  61  98 221 253 253 253 233 170  65   0   0   0 
  0   0   0   0   0   0  29 189 245 253 253 253 154  63 111 199 239 253 253 253 228 191  70   0   0   0   0   0 
  0   0   0   0   0   0 214 253 253 253 253 253 253 253 253 253 253 253 230 144  45   0   0   0   0   0   0   0 
  0   0   0   0   0   0 243 253 253 253 253 253 253 253 246 232 131  96  41   0   0   0   0   0   0   0   0   0 
  0   0   0   0   0   0 118 253 253 253 253 171 116 116  75   0   0   0   0   0   0   0   0   0   0   0   0   0 
  0   0   0   0   0   0   0   0   0   0   0   0   0   0   0   0   0   0   0   0   0   0   0   0   0   0   0   0 
  0   0   0   0   0   0   0   0   0   0   0   0   0   0   0   0   0   0   0   0   0   0   0   0   0   0   0   0 
  0   0   0   0   0   0   0   0   0   0   0   0   0   0   0   0   0   0   0   0   0   0   0   0   0   0   0   0 
  0   0   0   0   0   0   0   0   0   0   0   0   0   0   0   0   0   0   0   0   0   0   0   0   0   0   0   0 

Prediction: 2

  0   0   0   0   0   0   0   0   0   0   0   0   0   0   0   0   0   0   0   0   0   0   0   0   0   0   0   0 
  0   0   0   0   0   0   0   0   0   0   0   0   0   0   0   0   0   0   0   0   0   0   0   0   0   0   0   0 
  0   0   0   0   0   0   0   0   0   0   0   0   0   0   0   0   0   0   0   0   0   0   0   0   0   0   0   0 
  0   0   0   0   0   0   0   0   0   0   0   0   0   0   0   0   0   0   0   0   0   0   0   0   0   0   0   0 
  0   0   0   0   0   0   0   0   0   0   0   0  22  43  43  43  43 148 112  43   0   0   0   0   0   0   0   0 
  0   0   0   0   0   0   0   0   0   0   0  29 168 250 250 252 250 250 250 250  85  85  42   0   0   0   0   0 
  0   0   0   0   0   0   0   0   0   0   0  85 250 250 250 252 250 250 250 250 252 250 188  42   0   0   0   0 
  0   0   0   0   0   0   0   0   0   0 169 196 250 250 250 252 250 250 250 250 252 250 250 195  27   0   0   0 
  0   0   0   0   0   0   0   0   0 177 252 250 250 250 250 252 179 146 250 250 252 250 250 250  41   0   0   0 
  0   0   0   0   0   0   0   0  29 219 254 252 252 252 217   0   0   0   0 212 254 252 252 252  41   0   0   0 
  0   0   0   0   0   0   0  43 196 250 252 250 250 250  41   0   0   0   0 139 252 250 250 250  41   0   0   0 
  0   0   0   0   0   0  43 189 250 250 252 250 250 165  20   0   0   0   0 107 252 250 250 250  41   0   0   0 
  0   0   0   0   0   0  85 250 250 250 252 194  83  27   0   0   0   0   0 210 252 250 250 250  41   0   0   0 
  0   0   0   0   0   0  85 250 250 250 252 166   0   0   0   0   0   0   0 210 252 250 250 250  41   0   0   0 
  0   0   0   0   0  43 252 252 252 252 177   0   0   0   0   0  15  43 183 252 255 252 231  70   0   0   0   0 
  0   0   0   0   0 113 250 250 250 250   0   0   0   0   0  15 140 250 250 250 252 250 125   0   0   0   0   0 
  0   0   0   0   0 252 250 250 250 144   0   0   0   0 107 148 250 250 250 250 252 208  62   0   0   0   0   0 
  0   0   0   0   0 252 250 250 250 181   0   0  85 168 237 252 250 250 250 250 224  55   0   0   0   0   0   0 
  0   0   0   0   0 252 250 250 250 250 212 210 230 250 250 252 250 250 250  74  34   0   0   0   0   0   0   0 
  0   0   0   0   0 219 252 252 252 252 254 252 252 252 252 255 238 210  70   0   0   0   0   0   0   0   0   0 
  0   0   0   0   0  43 250 250 250 250 252 250 250 250 250 252 166   0   0   0   0   0   0   0   0   0   0   0 
  0   0   0   0   0  21 166 250 250 250 252 250 250 250 250 252 166   0   0   0   0   0   0   0   0   0   0   0 
  0   0   0   0   0   0  28 167 250 250 252 250 250 250 250  83  55   0   0   0   0   0   0   0   0   0   0   0 
  0   0   0   0   0   0   0  21  41  41 252 250 144  41  41   0   0   0   0   0   0   0   0   0   0   0   0   0 
  0   0   0   0   0   0   0   0   0   0   0   0   0   0   0   0   0   0   0   0   0   0   0   0   0   0   0   0 
  0   0   0   0   0   0   0   0   0   0   0   0   0   0   0   0   0   0   0   0   0   0   0   0   0   0   0   0 
  0   0   0   0   0   0   0   0   0   0   0   0   0   0   0   0   0   0   0   0   0   0   0   0   0   0   0   0 
  0   0   0   0   0   0   0   0   0   0   0   0   0   0   0   0   0   0   0   0   0   0   0   0   0   0   0   0 

Prediction: 0

  0   0   0   0   0   0   0   0   0   0   0   0   0   0   0   0   0   0   0   0   0   0   0   0   0   0   0   0 
  0   0   0   0   0   0   0   0   0   0   0   0   0   0   0   0   0   0   0   0   0   0   0   0   0   0   0   0 
  0   0   0   0   0   0   0   0   0   0   0   0   0   0   0   0   0   0   0   0   0   0   0   0   0   0   0   0 
  0   0   0   0   0   0   0   0   0   0   0   0   0   0   0   0   0   0   0   0   0   0   0   0   0   0   0   0 
  0   0   0   0   0   0   0   0   0   0   0  60 158 213 254 254 255 211  22   0   0   0   0   0   0   0   0   0 
  0   0   0   0   0   0   0   0   0   0 105 248 254 237 225 159 181 237 232  42   0   0   0   0   0   0   0   0 
  0   0   0   0   0   0   0   0   0  32 248 254 158  29   0   0   0  35 254 243  42   0   0   0   0   0   0   0 
  0   0   0   0   0   0   0   0   6 161 254 220  30   0   0   0   0   8 212 254 210  21   0   0   0   0   0   0 
  0   0   0   0   0   0   0   0  70 254 254  57   0   0   0   0   0   0  38 243 254  91   0   0   0   0   0   0 
  0   0   0   0   0   0   0  20 202 254 183  12   0   0   0   0   0   0   0 230 254 124   0   0   0   0   0   0 
  0   0   0   0   0   0   0  78 254 254  49   0   0   0   0   0   0   0   0 174 254 186   0   0   0   0   0   0 
  0   0   0   0   0   0   0 161 254 174   2   0   0   0   0   0   0   0   0 171 254 217  13   0   0   0   0   0 
  0   0   0   0   0   0  30 251 237  22   0   0   0   0   0   0   0   0   0 202 254 254  28   0   0   0   0   0 
  0   0   0   0   0   0  92 254 229   0   0   0   0   0   0   0   0   0   0 230 254 135   2   0   0   0   0   0 
  0   0   0   0   0   0  97 254 151   0   0   0   0   0   0   0   0   0  32 241 254  91   0   0   0   0   0   0 
  0   0   0   0   0   0 187 254 133   0   0   0   0   0   0   0   0   3 163 254 250  29   0   0   0   0   0   0 
  0   0   0   0   0   0 187 254  98   0   0   0   0   0   0   0   0  79 254 254 196   0   0   0   0   0   0   0 
  0   0   0   0   0  22 237 254 138   7   0   0   0   0   0   3  79 243 254 254 113   0   0   0   0   0   0   0 
  0   0   0   0   0   0 160 254 254 224  76  40  51  45  78 194 254 254 254 243  41   0   0   0   0   0   0   0 
  0   0   0   0   0   0  92 254 254 254 254 243 247 245 254 198 142 254 254 149   0   0   0   0   0   0   0   0 
  0   0   0   0   0   0  21 210 254 221  83 152 152  62  57  20 156 254 223  14   0   0   0   0   0   0   0   0 
  0   0   0   0   0   0   0  21 204 254 180  63   0   0  30 160 254 222  31   0   0   0   0   0   0   0   0   0 
  0   0   0   0   0   0   0   0  68 231 254 251 226 226 238 243 151  17   0   0   0   0   0   0   0   0   0   0 
  0   0   0   0   0   0   0   0   0  21 154 165 223 157 152  43   0   0   0   0   0   0   0   0   0   0   0   0 
  0   0   0   0   0   0   0   0   0   0   0   0   0   0   0   0   0   0   0   0   0   0   0   0   0   0   0   0 
  0   0   0   0   0   0   0   0   0   0   0   0   0   0   0   0   0   0   0   0   0   0   0   0   0   0   0   0 
  0   0   0   0   0   0   0   0   0   0   0   0   0   0   0   0   0   0   0   0   0   0   0   0   0   0   0   0 
  0   0   0   0   0   0   0   0   0   0   0   0   0   0   0   0   0   0   0   0   0   0   0   0   0   0   0   0 

Prediction: 0

  0   0   0   0   0   0   0   0   0   0   0   0   0   0   0   0   0   0   0   0   0   0   0   0   0   0   0   0 
  0   0   0   0   0   0   0   0   0   0   0   0   0   0   0   0   0   0   0   0   0   0   0   0   0   0   0   0 
  0   0   0   0   0   0   0   0   0   0   0   0   0   0   0   0   0   0   0   0   0   0   0   0   0   0   0   0 
  0   0   0   0   0   0   0   0   0   0   0   0   0   0   0   0   0   0   0   0   0   0   0   0   0   0   0   0 
  0   0   0   0   0   0   0   0   0   0   0   0   0  11 177 255 224  39   0   0   0   0   0   0   0   0   0   0 
  0   0   0   0   0   0   0   0   0   0   0   3  86 199 252 253 252 179   3   0   0   0   0   0   0   0   0   0 
  0   0   0   0   0   0   0   0   0   0   0 146 252 252 252 253 252 252  10   0   0   0   0   0   0   0   0   0 
  0   0   0   0   0   0   0   0   2  47 219 251 252 252 252 253 252 252  10   0   0   0   0   0   0   0   0   0 
  0   0   0   0   0   0   0   0  18 233 252 252 252 252 156 205 252 231   8   0   0   0   0   0   0   0   0   0 
  0   0   0   0   0   0   0   0 105 234 252 252 179  55  46 253 252 115   0   0   0   0   0   0   0   0   0   0 
  0   0   0   0   0   0   0   0  21 203 241  88   9   0 163 253 220  23   0   0   0   0   0   0   0   0   0   0 
  0   0   0   0   0   0   0   0   0   0   0   0   0  48 240 253 186   0   0   0   0   0   0   0   0   0   0   0 
  0   0   0   0   0   0   0   0   0   0   0   0   0 159 252 253 105   0   0   0   0   0   0   0   0   0   0   0 
  0   0   0   0   0   0   0   0   0   0   0   0  39 244 252 253  77   0   0   0   0   0   0   0   0   0   0   0 
  0   0   0   0   0   0   0   0   0   0   0  12 253 253 253 221  34   0   0   0   0   0   0   0   0   0   0   0 
  0   0   0   0   0   0   0   0   0   0  53  75 252 252  99  34   0   0   0   0   0   0   0   0   0   0   0   0 
  0   0   0   0   0   0   0   0   0  90 243 252 252 252 166  44   0   0   0   0   0   5 100  26   0   0   0   0 
  0   0   0   0   0   0   0   0  31 249 252 252 252 252 252 248 136  23   1   0   0 127 252  75   0   0   0   0 
  0   0   0   0   0   0   0   0 156 252 228 252 243 238 252 253 252 252 112  20  58 245 252 151   0   0   0   0 
  0   0   0   0   0   0   0   0 242 252 229 252 122  41 150 215 252 252 252 217 217 252 252  66   0   0   0   0 
  0   0   0   0   0   0   0  92 251 252 252 189   9   0   0  12 128 250 252 252 252 252 226  34   0   0   0   0 
  0   0   0   0   0   0   0 119 252 252 252 113   0   0   0   0   0 125 231 252 252 226  39   0   0   0   0   0 
  0   0   0   0   0   0  83 241 252 252 225  15   0   0   0   0   0   0  35  66  66  34   0   0   0   0   0   0 
  0   0   0   0   0   0 176 252 252 252  69   0   0   0   0   0   0   0   0   0   0   0   0   0   0   0   0   0 
  0   0   0   0   0   0   0   0   0   0   0   0   0   0   0   0   0   0   0   0   0   0   0   0   0   0   0   0 
  0   0   0   0   0   0   0   0   0   0   0   0   0   0   0   0   0   0   0   0   0   0   0   0   0   0   0   0 
  0   0   0   0   0   0   0   0   0   0   0   0   0   0   0   0   0   0   0   0   0   0   0   0   0   0   0   0 
  0   0   0   0   0   0   0   0   0   0   0   0   0   0   0   0   0   0   0   0   0   0   0   0   0   0   0   0 

Prediction: 2

  0   0   0   0   0   0   0   0   0   0   0   0   0   0   0   0   0   0   0   0   0   0   0   0   0   0   0   0 
  0   0   0   0   0   0   0   0   0   0   0   0   0   0   0   0   0   0   0   0   0   0   0   0   0   0   0   0 
  0   0   0   0   0   0   0   0   0   0   0   0   0   0   0   0   0   0   0   0   0   0   0   0   0   0   0   0 
  0   0   0   0   0   0   0   0   0   0   0   0   0   0  24 254  70  32   0   0   0   0   0   0   0   0   0   0 
  0   0   0   0   0   0   0   0   0   0   0  17  72 189 232 253 254 241 188  55   0   0   0   0   0   0   0   0 
  0   0   0   0   0   0   0   0   0   0  62 165 254 253 253 253 245 253 253 236  76   0   0   0   0   0   0   0 
  0   0   0   0   0   0   0   0   0  68 240 253 254 253 236  69  44  86 236 253 127   0   0   0   0   0   0   0 
  0   0   0   0   0   0   0   0  45 245 254 254 236  84   0   0   0   0 208 254  93   0   0   0   0   0   0   0 
  0   0   0   0   0   0   0   0   7 232 253 185  84   0   0   0   0   9 182 253 127   0   0   0   0   0   0   0 
  0   0   0   0   0   0   0   0   0  92  96  13   0   0   0   0   0  38 236 253 118   0   0   0   0   0   0   0 
  0   0   0   0   0   0   0   0   0   0   0   0   0   0   0   0   0 206 253 219   0   0   0   0   0   0   0   0 
  0   0   0   0   0   0   0   0   0   0   0   0   0   0   0   0  70 212 254 136   0   0   0   0   0   0   0   0 
  0   0   0   0   0   0   0   0   0   0   0   0   0   0   0   0 212 253 248  56   0   0   0   0   0   0   0   0 
  0   0   0   0   0   0   0   0   0   0   0   0   0   0   0 119 254 253 121   0   0   0   0   0   0   0   0   0 
  0   0   0   0   0   0   0   0   0   0   0   0   0   0  51 234 254 219  38   0   0   0   0   0   0   0   0   0 
  0   0   0   0   0   0   0   0   0   0   0   0   0  38 221 254 254  90   0   0   0   0   0   0   0   0   0   0 
  0   0   0   0   0   0   0   0   0   0   0   0  64 243 253 253 140   2   0   0   0   0   0   0   0   0   0   0 
  0   0   0   0   0   0   0   0   0   0   0  76 221 253 253 202  17   0   0   0   0   0   0   0   0   0   0   0 
  0   0   0   0   0   0   0   0   0   0   9 151 254 253 210  44   0   0   0   0   0   0   0   0   0   0   0   0 
  0   0   0   0   0   0   0   0 104 161 203 254 255 254 144 161 162 161 161  95   0   0   0   0   0   0   0   0 
  0   0   0   0   0   0   0 134 245 253 253 253 254 253 253 253 254 253 253 253   0   0   0   0   0   0   0   0 
  0   0   0   0   0   0   0 151 254 253 253 253 254 253 253 253 254 253 253 168   0   0   0   0   0   0   0   0 
  0   0   0   0   0   0   0  84 186 253 177 160 161 143  69  69  69 152 119  19   0   0   0   0   0   0   0   0 
  0   0   0   0   0   0   0   0   0   0   0   0   0   0   0   0   0   0   0   0   0   0   0   0   0   0   0   0 
  0   0   0   0   0   0   0   0   0   0   0   0   0   0   0   0   0   0   0   0   0   0   0   0   0   0   0   0 
  0   0   0   0   0   0   0   0   0   0   0   0   0   0   0   0   0   0   0   0   0   0   0   0   0   0   0   0 
  0   0   0   0   0   0   0   0   0   0   0   0   0   0   0   0   0   0   0   0   0   0   0   0   0   0   0   0 
  0   0   0   0   0   0   0   0   0   0   0   0   0   0   0   0   0   0   0   0   0   0   0   0   0   0   0   0 

Prediction: 2

  0   0   0   0   0   0   0   0   0   0   0   0   0   0   0   0   0   0   0   0   0   0   0   0   0   0   0   0 
  0   0   0   0   0   0   0   0   0   0   0   0   0   0   0   0   0   0   0   0   0   0   0   0   0   0   0   0 
  0   0   0   0   0   0   0   0   0   0   0   0   0   0   0   0   0   0   0   0   0   0   0   0   0   0   0   0 
  0   0   0   0   0   0   0   0   0   0   0   0   0   0   0   0   0   0   0   0   0   0   0   0   0   0   0   0 
  0   0   0   0   0   0   0   0   0   0   0   0   0   0   0   0   0   0   0   0   0   0   0   0   0   0   0   0 
  0   0   0   0   0   0   0   0   0   0   0   0   0   0   0   0 191 181  36   0   0   0   0   0   0   0   0   0 
  0   0   0   0   0   0   0   0   0   0   0   0  96 245 136 188  32  81 223  46   0   0   0   0   0   0   0   0 
  0   0   0   0   0   0   0   0   0   0   0  46 249 172   6 202  96   0 145 143   0   0   0   0   0   0   0   0 
  0   0   0   0   0   0   0   0   0   0   0 132 249  55   0 184  96   0  51 241  88   0   0   0   0   0   0   0 
  0   0   0   0   0   0   0   0   0   0  19 228 115   0  46 240  49   0   0 143 130   0   0   0   0   0   0   0 
  0   0   0   0   0   0   0   0   0   0  48 253  61   0 160 132   0   0   0 143 130   0   0   0   0   0   0   0 
  0   0   0   0   0   0   0   0   0   0  84 241  34   0 157  79   0   0   6 222 130   0   0   0   0   0   0   0 
  0   0   0   0   0   0   0   0   0   0  36 246  47   0   0   0   0   5 128 253 125   0   0   0   0   0   0   0 
  0   0   0   0   0   0   0   0   0   0  22 233 128   3   0   0   3 128 248 124  12   0   0   0   0   0   0   0 
  0   0   0   0   0   0   0   0   0   0   0 171 253 132  58  88 194 253  83   0   0   0   0   0   0   0   0   0 
  0   0   0   0   0   0   0   0   0   0   0 112 254 254 254 255 180  37   0   0   0   0   0   0   0   0   0   0 
  0   0   0   0   0   0   0   0   0   0  47 233 204 253 198  39   3   0   0   0   0   0   0   0   0   0   0   0 
  0   0   0   0   0   0   0   0   0   0 204 155  18 236 217   0   0   0   0   0   0   0   0   0   0   0   0   0 
  0   0   0   0   0   0   0   0   0  25 234  52   0 184 253   0   0   0   0   0   0   0   0   0   0   0   0   0 
  0   0   0   0   0   0   0   0   0  22 185   7   0 184 253   0   0   0   0   0   0   0   0   0   0   0   0   0 
  0   0   0   0   0   0   0   0   0 122  93   0   0 184 241   0   0   0   0   0   0   0   0   0   0   0   0   0 
  0   0   0   0   0   0   0   0   0 219 139   0   2 191 127   0   0   0   0   0   0   0   0   0   0   0   0   0 
  0   0   0   0   0   0   0   0   0 176 244  52  60 253  78   0   0   0   0   0   0   0   0   0   0   0   0   0 
  0   0   0   0   0   0   0   0   0  12 185 246 236 240  22   0   0   0   0   0   0   0   0   0   0   0   0   0 
  0   0   0   0   0   0   0   0   0   0  11 187 216  46   0   0   0   0   0   0   0   0   0   0   0   0   0   0 
  0   0   0   0   0   0   0   0   0   0   0   0   0   0   0   0   0   0   0   0   0   0   0   0   0   0   0   0 
  0   0   0   0   0   0   0   0   0   0   0   0   0   0   0   0   0   0   0   0   0   0   0   0   0   0   0   0 
  0   0   0   0   0   0   0   0   0   0   0   0   0   0   0   0   0   0   0   0   0   0   0   0   0   0   0   0 

Prediction: 8

  0   0   0   0   0   0   0   0   0   0   0   0   0   0   0   0   0   0   0   0   0   0   0   0   0   0   0   0 
  0   0   0   0   0   0   0   0   0   0   0   0   0   0   0   0   0   0   0   0   0   0   0   0   0   0   0   0 
  0   0   0   0   0   0   0   0   0   0   0   0   0   0   0   0   0   0   0   0   0   0   0   0   0   0   0   0 
  0   0   0   0   0   0   0   0   0   0   0   0   0   0   0   0   0   0   0   0   0   0   0   0   0   0   0   0 
  0   0   0   0   0   0   0   0   0   0   0   0   0   0   0   0   0   0   0   0   0   0   0   0   0   0   0   0 
  0   0   0   0   0   0   0   0   0   0   0   0   0   0   0   0   0   0   0   0   0   0   0   0   0   0   0   0 
  0   0   0   0   0   0   0   0   0   0   0   0  11 119 254 149   0   0   0   0   0   0   0   0   0   0   0   0 
  0   0   0   0   0   0   0   0   0   0   0  32 193 253 253 249  36   0   0   0   0   0   0   0   0   0   0   0 
  0   0   0   0   0   0   0   0   0   0  11 180 253 253 253 254 186   0   0   0   0   0   0   0   0   0   0   0 
  0   0   0   0   0   0   0   0   0   0 112 253 253 253 253 247 241  28   0   0   0   0   0   0   0   0   0   0 
  0   0   0   0   0   0   0   0   0   0 228 253 253 207  72  99 253 101   0   0   0   0   0   0   0   0   0   0 
  0   0   0   0   0   0   0   0   0  92 255 254 230  20   0  73 254 152   0   0   0   0   0   0   0   0   0   0 
  0   0   0   0   0   0   0   0   0  91 254 241  73   0   0  93 253 216   0   0   0   0   0   0   0   0   0   0 
  0   0   0   0   0   0   0   0   0  91 254 206   6   0   0 163 253 222  67   0   0   0   0   0   0   0   0   0 
  0   0   0   0   0   0   0   0   0  91 254 253 207 128 109 234 253 253 249  57   0   0   0   0   0   0   0   0 
  0   0   0   0   0   0   0   0   0  26 221 253 253 253 253 254 253 253 253 105   0   0   0   0   0   0   0   0 
  0   0   0   0   0   0   0   0   0   0  53 249 254 254 254 255 254 254 254 195   0   0   0   0   0   0   0   0 
  0   0   0   0   0   0   0   0   0   0   0  36 186 198 218 218 249 253 253 111   0   0   0   0   0   0   0   0 
  0   0   0   0   0   0   0   0   0   0   0   0   0   0  13  13 235 253 237  11   0   0   0   0   0   0   0   0 
  0   0   0   0   0   0   0   0   0   0   0   0   0   0   0  32 243 253 163   0   0   0   0   0   0   0   0   0 
  0   0   0   0   0   0   0   0   0   0   0   0   0   0   0 170 253 253  80   0   0   0   0   0   0   0   0   0 
  0   0   0   0   0   0   0   0   0   0   0   0   0   0   0 255 254 243  39   0   0   0   0   0   0   0   0   0 
  0   0   0   0   0   0   0   0   0   0   0   0   0   0 105 254 253  81   0   0   0   0   0   0   0   0   0   0 
  0   0   0   0   0   0   0   0   0   0   0   0   0  16 243 254 225  18   0   0   0   0   0   0   0   0   0   0 
  0   0   0   0   0   0   0   0   0   0   0   0   0  19 253 254 121   0   0   0   0   0   0   0   0   0   0   0 
  0   0   0   0   0   0   0   0   0   0   0   0   0  12 227 228  12   0   0   0   0   0   0   0   0   0   0   0 
  0   0   0   0   0   0   0   0   0   0   0   0   0   0   0   0   0   0   0   0   0   0   0   0   0   0   0   0 
  0   0   0   0   0   0   0   0   0   0   0   0   0   0   0   0   0   0   0   0   0   0   0   0   0   0   0   0 

Prediction: 9

  0   0   0   0   0   0   0   0   0   0   0   0   0   0   0   0   0   0   0   0   0   0   0   0   0   0   0   0 
  0   0   0   0   0   0   0   0   0   0   0   0   0   0   0   0   0   0   0   0   0   0   0   0   0   0   0   0 
  0   0   0   0   0   0   0   0   0   0   0   0   0   0   0   0   0   0   0   0   0   0   0   0   0   0   0   0 
  0   0   0   0   0   0   0   0   0   0   0   0   0   0   0   0   0   0   0   0   0   0   0   0   0   0   0   0 
  0   0   0   0   0   0   0   0   0   0   0   0   0   0   0   0   0 125 254 171   0   0   0   0   0   0   0   0 
  0   0   0   0   0   0   0   0   0   0   0   0   0   0   0   0  56 173 253  44   0   0   0   0   0   0   0   0 
  0   0   0   0   0   0   0   0   0   0   0   0   0   0   0  24 236 253 253  34   0   0   0   0   0   0   0   0 
  0   0   0   0   0   0   0   0   0   0   0   0   0   0  11 151 253 253 231  26   0   0   0   0   0   0   0   0 
  0   0   0   0   0   0   0   0   0   0   0   0   0   0 141 253 253 253 131   0   0   0   0   0   0   0   0   0 
  0   0   0   0   0   0   0   0   0   0   0   0   0   0 186 253 253 246  12   0   0   0   0   0   0   0   0   0 
  0   0   0   0   0   0   0   0   0   0   0   0   0  36 220 253 253 129   0   0   0   0   0   0   0   0   0   0 
  0   0   0   0   0   0   0   0   0   0   0   0   0 128 253 253 250  74   0   0   0   0   0   0   0   0   0   0 
  0   0   0   0   0   0   0   0   0   0   0   0  81 248 253 253 246   0   0   0   0   0   0   0   0   0   0   0 
  0   0   0   0   0   0   0   0   0   0   0   0  90 253 253 253 134   0   0   0   0   0   0   0   0   0   0   0 
  0   0   0   0   0   0   0   0   0   0   0   0 116 253 253 248  89   0   0   0   0   0   0   0   0   0   0   0 
  0   0   0   0   0   0   0   0   0   0   0   0 227 253 253 226   0   0   0   0   0   0   0   0   0   0   0   0 
  0   0   0   0   0   0   0   0   0   0   0  67 242 253 253 226   0   0   0   0   0   0   0   0   0   0   0   0 
  0   0   0   0   0   0   0   0   0   0   0 248 253 253 253 158   0   0   0   0   0   0   0   0   0   0   0   0 
  0   0   0   0   0   0   0   0   0   0   0 248 253 253 233  53   0   0   0   0   0   0   0   0   0   0   0   0 
  0   0   0   0   0   0   0   0   0   5 153 252 253 253 160   0   0   0   0   0   0   0   0   0   0   0   0   0 
  0   0   0   0   0   0   0   0   0 123 253 253 253 253  68   0   0   0   0   0   0   0   0   0   0   0   0   0 
  0   0   0   0   0   0   0   0  25 223 253 253 253 182  20   0   0   0   0   0   0   0   0   0   0   0   0   0 
  0   0   0   0   0   0   0   0 121 253 253 253 197  18   0   0   0   0   0   0   0   0   0   0   0   0   0   0 
  0   0   0   0   0   0   0   0  98 253 253 253  90   0   0   0   0   0   0   0   0   0   0   0   0   0   0   0 
  0   0   0   0   0   0   0   0   0   0   0   0   0   0   0   0   0   0   0   0   0   0   0   0   0   0   0   0 
  0   0   0   0   0   0   0   0   0   0   0   0   0   0   0   0   0   0   0   0   0   0   0   0   0   0   0   0 
  0   0   0   0   0   0   0   0   0   0   0   0   0   0   0   0   0   0   0   0   0   0   0   0   0   0   0   0 
  0   0   0   0   0   0   0   0   0   0   0   0   0   0   0   0   0   0   0   0   0   0   0   0   0   0   0   0 

Prediction: 1

  0   0   0   0   0   0   0   0   0   0   0   0   0   0   0   0   0   0   0   0   0   0   0   0   0   0   0   0 
  0   0   0   0   0   0   0   0   0   0   0   0   0   0   0   0   0   0   0   0   0   0   0   0   0   0   0   0 
  0   0   0   0   0   0   0   0   0   0   0   0   0   0   0   0   0   0   0   0   0   0   0   0   0   0   0   0 
  0   0   0   0   0   0   0   0   0   0   0   0   0   0   0   0   0   0   0   0   0   0   0   0   0   0   0   0 
  0   0   0   0   0   0   0   0   0   0   0   0   0   0   0   0   0   0   0   0   0   0   0   0   0   0   0   0 
  0   0   0   0   0   0   0   0   0   0   0  25 129 158 253 253 253 253 253  99   0   0   0   0   0   0   0   0 
  0   0   0   0   0   0   0   0   0   3 133 233 252 253 252 252 252 252 252 241   0   0   0   0   0   0   0   0 
  0   0   0   0   0   0   0   0   0 146 252 252 252 154 153 111 152 252 252 107   0   0   0   0   0   0   0   0 
  0   0   0   0   0   0   0   0  85 251 248 116  10   0   0  62 243 252 196  10   0   0   0   0   0   0   0   0 
  0   0   0   0   0   0   0   0  70 245 115   0   0   0  39 219 252 216  19   0   0   0   0   0   0   0   0   0 
  0   0   0   0   0   0   0   0   0  48   0   0   0  65 236 252 245  81   0   0   0   0   0   0   0   0   0   0 
  0   0   0   0   0   0   0   0   0   0   0   0  54 244 252 243  77   0   0   0   0   0   0   0   0   0   0   0 
  0   0   0   0   0   0   0   0   0   0   0   0 177 253 241  36   0   0   0   0   0   0   0   0   0   0   0   0 
  0   0   0   0   0   0   0   0   0   0   0  58 244 253 105   0   0   0   0   0   0   0   0   0   0   0   0   0 
  0   0   0   0   0   0   0   0   0   0   0 173 252 239  43   0   0   0   0   0   0   0   0   0   0   0   0   0 
  0   0   0   0   0   0   0   0   0   0   0  34 221 255 196   6   0   0   0   0   0   0   0   0   0   0   0   0 
  0   0   0   0   0   0   0   0   0   0   0   0  82 253 252 189 113   0   0   0   0   0   0   0   0   0   0   0 
  0   0   0   0   0   0   0   0   0   0   0   0   0  71 252 252 249 185  22   0   0   0   0   0   0   0   0   0 
  0   0   0   0   0   0   0   0   0   0   0   0   0   2  39 163 232 252 244  40   0   0   0   0   0   0   0   0 
  0   0   0   0   0   0   0   0   0   0   0   0   0   0   0   0  18 233 252 248  65   0   0   0   0   0   0   0 
  0   0   0   0   0   0   0   0   0   0   0   0   0   0   0   0  95 234 252 252  99   0   0   0   0   0   0   0 
  0   0   0   0   0   0   0   0   0   0   0   0   0   7  40 164 251 252 252 184   9   0   0   0   0   0   0   0 
  0   0   0   0   0   0   4  45  45  98  88  45  93 210 252 252 248 208 122   9   0   0   0   0   0   0   0   0 
  0   0   0   0   0  31 189 252 252 252 252 252 252 253 252 222 112   0   0   0   0   0   0   0   0   0   0   0 
  0   0   0   0   0  13 186 142 142 195 252 252 252 143 114  20   0   0   0   0   0   0   0   0   0   0   0   0 
  0   0   0   0   0   0   0   0   0   0   0   0   0   0   0   0   0   0   0   0   0   0   0   0   0   0   0   0 
  0   0   0   0   0   0   0   0   0   0   0   0   0   0   0   0   0   0   0   0   0   0   0   0   0   0   0   0 
  0   0   0   0   0   0   0   0   0   0   0   0   0   0   0   0   0   0   0   0   0   0   0   0   0   0   0   0 

Prediction: 3

  0   0   0   0   0   0   0   0   0   0   0   0   0   0   0   0   0   0   0   0   0   0   0   0   0   0   0   0 
  0   0   0   0   0   0   0   0   0   0   0   0   0   0   0   0   0   0   0   0   0   0   0   0   0   0   0   0 
  0   0   0   0   0   0   0   0   0   0   0   0   0   0   0   0   0   0   0   0   0   0   0   0   0   0   0   0 
  0   0   0   0   0   0   0   0   0   0   0   0   0   0   0   0  84 254 105   0   0   0   0   0   0   0   0   0 
  0   0   0   0   0   0   0   0   0   0   0   0   0   0   0   7 193 254  99   0   0   0   0   0   0   0   0   0 
  0   0   0   0   0   0   0   0   0   0   0   0   0   0   1 140 254 195  13   0 105 114   0   0   0   0   0   0 
  0   0   0   0   0   0   0   0   0   0   0   0   0   0  73 254 250  68   0   0 122 174   0   0   0   0   0   0 
  0   0   0   0   0   0  14   0   0   0   0   0   0   0 170 254 162   0   0   0  10 127   0   0   0   0   0   0 
  0   0   0   0   0   0  40   0   0   0   0   0   0  86 254 229  45   0   0   0 127 188   0   0   0   0   0   0 
  0   0   0   0   0   0   0   0   0   0   0   0  17 211 254 136   0   0   0   0 139 125   0   0   0   0   0   0 
  0   0   0   0   0   0   0   0   0   0   0   0 122 254 199   7   0   0   0   0 103   9   0   0   0   0   0   0 
  0   0   0   0   0   0   0   0   0   0   0  41 243 254  90   0   0   0   0   0 139 126   0   0   0   0   0   0 
  0   0   0   0   0   0   0   0   0   0   0 172 254 200   0   0   0   0   0   0 139 188   0   0   0   0   0   0 
  0   0   0   0   0   0   0   0   0   0  58 254 252  61   0   0   0   0   0   0 140 188   0   0   0   0   0   0 
  0   0   0   0   0   0   0   0   0   4 150 254 148   0   0   0   0   0   0   0 139 183   0   0   0   0   0   0 
  0   0   0   0   0   0   0   0   0  84 254 247  36   0   0   0   0   0   0   0 139  99   0   0   0   0   0   0 
  0   0   0   0   0   0   0   0   0 142 254 188   0   0   0   0   0   0   0   0 104  14   0   0   0   0   0   0 
  0   0   0   0   0   0   0   0   0 147 254 109   0  67 177 124  45   0   0   0   0   0   0   0   0   0   0   0 
  0   0   0   0   0   0   0   0   0 131 254  67  79 253 254 254 147   0   0   0   0   0   0   0   0   0   0   0 
  0   0   0   0   0   0   0   0   0  87 254 160 236 235 255 254 147   0   0   0   0   0   0   0   0   0   0   0 
  0   0   0   0   0   0   0   0   0  21 187 254 254 246 254 254 126   0   0   0   0   0   0   0   0   0   0   0 
  0   0   0   0   0   0   0   0   0   0  87 254 254 254 228 142   4   0   0   0   0   0   0   0   0   0   0   0 
  0   0   0   0   0   0   0   0   0   0 103 142 114  66   5   0   0   0   0   0   0   0   0   0   0   0   0   0 
  0   0   0   0   0   0   0   0   0   0   0   0   0   0   0   0   0   0   0   0   0   0   0   0   0   0   0   0 
  0   0   0   0   0   0   0   0   0   0   0   0   0   0   0   0   0   0   0   0   0   0   0   0   0   0   0   0 
  0   0   0   0   0   0   0   0   0   0   0   0   0   0   0   0   0   0   0   0   0   0   0   0   0   0   0   0 
  0   0   0   0   0   0   0   0   0   0   0   0   0   0   0   0   0   0   0   0   0   0   0   0   0   0   0   0 
  0   0   0   0   0   0   0   0   0   0   0   0   0   0   0   0   0   0   0   0   0   0   0   0   0   0   0   0 

Prediction: 6
